[0.279s] Invoking command in '/home/kshitij/colcon_ws/build/ebot_nav2': CMAKE_PREFIX_PATH=${CMAKE_PREFIX_PATH}:/opt/ros/humble /usr/bin/cmake /home/kshitij/colcon_ws/src/ebot_nav2 -DCMAKE_INSTALL_PREFIX=/home/kshitij/colcon_ws/install/ebot_nav2
[0.340s] -- The C compiler identification is GNU 11.4.0
[0.426s] -- The CXX compiler identification is GNU 11.4.0
[0.427s] -- Detecting C compiler ABI info
[0.495s] -- Detecting C compiler ABI info - done
[0.502s] -- Check for working C compiler: /usr/bin/cc - skipped
[0.502s] -- Detecting C compile features
[0.502s] -- Detecting C compile features - done
[0.505s] -- Detecting CXX compiler ABI info
[0.594s] -- Detecting CXX compiler ABI info - done
[0.601s] -- Check for working CXX compiler: /usr/bin/c++ - skipped
[0.601s] -- Detecting CXX compile features
[0.602s] -- Detecting CXX compile features - done
[0.605s] -- Found ament_cmake: 1.3.5 (/opt/ros/humble/share/ament_cmake/cmake)
[0.775s] -- Found Python3: /usr/bin/python3.10 (found version "3.10.12") found components: Interpreter 
[0.871s] -- Found rclcpp: 16.0.6 (/opt/ros/humble/share/rclcpp/cmake)
[0.919s] -- Found rosidl_generator_c: 3.1.5 (/opt/ros/humble/share/rosidl_generator_c/cmake)
[0.924s] -- Found rosidl_adapter: 3.1.5 (/opt/ros/humble/share/rosidl_adapter/cmake)
[0.933s] -- Found rosidl_generator_cpp: 3.1.5 (/opt/ros/humble/share/rosidl_generator_cpp/cmake)
[0.947s] -- Using all available rosidl_typesupport_c: rosidl_typesupport_fastrtps_c;rosidl_typesupport_introspection_c
[0.966s] -- Using all available rosidl_typesupport_cpp: rosidl_typesupport_fastrtps_cpp;rosidl_typesupport_introspection_cpp
[1.033s] -- Found rmw_implementation_cmake: 6.1.1 (/opt/ros/humble/share/rmw_implementation_cmake/cmake)
[1.035s] -- Found rmw_fastrtps_cpp: 6.2.4 (/opt/ros/humble/share/rmw_fastrtps_cpp/cmake)
[1.142s] -- Found OpenSSL: /usr/lib/x86_64-linux-gnu/libcrypto.so (found version "3.0.2")  
[1.171s] -- Found FastRTPS: /opt/ros/humble/include  
[1.213s] -- Using RMW implementation 'rmw_fastrtps_cpp' as default
[1.223s] -- Looking for pthread.h
[1.298s] -- Looking for pthread.h - found
[1.298s] -- Performing Test CMAKE_HAVE_LIBC_PTHREAD
[1.375s] -- Performing Test CMAKE_HAVE_LIBC_PTHREAD - Success
[1.376s] -- Found Threads: TRUE  
[1.513s] -- Found rclpy: 3.3.10 (/opt/ros/humble/share/rclpy/cmake)
[1.515s] -- Found urdf: 2.6.0 (/opt/ros/humble/share/urdf/cmake)
[1.549s] -- Found xacro: 2.0.8 (/opt/ros/humble/share/xacro/cmake)
[1.551s] -- Found ament_lint_auto: 0.12.8 (/opt/ros/humble/share/ament_lint_auto/cmake)
[1.628s] -- Added test 'flake8' to check Python code syntax and style conventions
[1.629s] -- Added test 'lint_cmake' to check CMake code style
[1.629s] -- Added test 'pep257' to check Python code against some of the docstring style conventions in PEP 257
[1.631s] -- Added test 'xmllint' to check XML markup files
[1.633s] -- Configuring done
[1.638s] -- Generating done
[1.639s] -- Build files have been written to: /home/kshitij/colcon_ws/build/ebot_nav2
[1.647s] Invoked command in '/home/kshitij/colcon_ws/build/ebot_nav2' returned '0': CMAKE_PREFIX_PATH=${CMAKE_PREFIX_PATH}:/opt/ros/humble /usr/bin/cmake /home/kshitij/colcon_ws/src/ebot_nav2 -DCMAKE_INSTALL_PREFIX=/home/kshitij/colcon_ws/install/ebot_nav2
[1.649s] Invoking command in '/home/kshitij/colcon_ws/build/ebot_nav2': CMAKE_PREFIX_PATH=${CMAKE_PREFIX_PATH}:/opt/ros/humble /usr/bin/cmake --build /home/kshitij/colcon_ws/build/ebot_nav2 -- -j16 -l16
[1.691s] Invoked command in '/home/kshitij/colcon_ws/build/ebot_nav2' returned '0': CMAKE_PREFIX_PATH=${CMAKE_PREFIX_PATH}:/opt/ros/humble /usr/bin/cmake --build /home/kshitij/colcon_ws/build/ebot_nav2 -- -j16 -l16
[1.714s] Invoking command in '/home/kshitij/colcon_ws/build/ebot_nav2': CMAKE_PREFIX_PATH=${CMAKE_PREFIX_PATH}:/opt/ros/humble /usr/bin/cmake --install /home/kshitij/colcon_ws/build/ebot_nav2
[1.722s] -- Install configuration: ""
[1.722s] -- Installing: /home/kshitij/colcon_ws/install/ebot_nav2/share/ebot_nav2//launch
[1.722s] -- Installing: /home/kshitij/colcon_ws/install/ebot_nav2/share/ebot_nav2//launch/ebot_bringup_launch.py
[1.722s] -- Installing: /home/kshitij/colcon_ws/install/ebot_nav2/share/ebot_nav2//config
[1.722s] -- Installing: /home/kshitij/colcon_ws/install/ebot_nav2/share/ebot_nav2//config/ekf.yaml
[1.722s] -- Installing: /home/kshitij/colcon_ws/install/ebot_nav2/share/ebot_nav2//config/mapper_params_online_async.yaml
[1.722s] -- Installing: /home/kshitij/colcon_ws/install/ebot_nav2/share/ebot_nav2//maps
[1.722s] -- Installing: /home/kshitij/colcon_ws/install/ebot_nav2/share/ebot_nav2//maps/map_file_here.text
[1.722s] -- Installing: /home/kshitij/colcon_ws/install/ebot_nav2/share/ebot_nav2//params
[1.722s] -- Installing: /home/kshitij/colcon_ws/install/ebot_nav2/share/ebot_nav2//params/nav2_params.yaml
[1.723s] -- Installing: /home/kshitij/colcon_ws/install/ebot_nav2/share/ebot_nav2//rviz
[1.723s] -- Installing: /home/kshitij/colcon_ws/install/ebot_nav2/share/ebot_nav2//rviz/nav2_default_view.rviz
[1.723s] -- Installing: /home/kshitij/colcon_ws/install/ebot_nav2/share/ament_index/resource_index/package_run_dependencies/ebot_nav2
[1.723s] -- Installing: /home/kshitij/colcon_ws/install/ebot_nav2/share/ament_index/resource_index/parent_prefix_path/ebot_nav2
[1.723s] -- Installing: /home/kshitij/colcon_ws/install/ebot_nav2/share/ebot_nav2/environment/ament_prefix_path.sh
[1.723s] -- Installing: /home/kshitij/colcon_ws/install/ebot_nav2/share/ebot_nav2/environment/ament_prefix_path.dsv
[1.723s] -- Installing: /home/kshitij/colcon_ws/install/ebot_nav2/share/ebot_nav2/environment/path.sh
[1.723s] -- Installing: /home/kshitij/colcon_ws/install/ebot_nav2/share/ebot_nav2/environment/path.dsv
[1.724s] -- Installing: /home/kshitij/colcon_ws/install/ebot_nav2/share/ebot_nav2/local_setup.bash
[1.724s] -- Installing: /home/kshitij/colcon_ws/install/ebot_nav2/share/ebot_nav2/local_setup.sh
[1.724s] -- Installing: /home/kshitij/colcon_ws/install/ebot_nav2/share/ebot_nav2/local_setup.zsh
[1.724s] -- Installing: /home/kshitij/colcon_ws/install/ebot_nav2/share/ebot_nav2/local_setup.dsv
[1.724s] -- Installing: /home/kshitij/colcon_ws/install/ebot_nav2/share/ebot_nav2/package.dsv
[1.724s] -- Installing: /home/kshitij/colcon_ws/install/ebot_nav2/share/ament_index/resource_index/packages/ebot_nav2
[1.724s] -- Installing: /home/kshitij/colcon_ws/install/ebot_nav2/share/ebot_nav2/cmake/ebot_nav2Config.cmake
[1.724s] -- Installing: /home/kshitij/colcon_ws/install/ebot_nav2/share/ebot_nav2/cmake/ebot_nav2Config-version.cmake
[1.725s] -- Installing: /home/kshitij/colcon_ws/install/ebot_nav2/share/ebot_nav2/package.xml
[1.726s] Invoked command in '/home/kshitij/colcon_ws/build/ebot_nav2' returned '0': CMAKE_PREFIX_PATH=${CMAKE_PREFIX_PATH}:/opt/ros/humble /usr/bin/cmake --install /home/kshitij/colcon_ws/build/ebot_nav2
