[0.156s] Invoking command in '/home/kshitij/colcon_ws/build/pymoveit2': CMAKE_PREFIX_PATH=${CMAKE_PREFIX_PATH}:/opt/ros/humble /usr/bin/cmake --build /home/kshitij/colcon_ws/build/pymoveit2 -- -j16 -l16
[0.176s] -- Found ament_cmake: 1.3.5 (/opt/ros/humble/share/ament_cmake/cmake)
[0.407s] -- Configuring done
[0.411s] -- Generating done
[0.412s] -- Build files have been written to: /home/kshitij/colcon_ws/build/pymoveit2
[0.452s] Built target ament_cmake_python_copy_pymoveit2
[0.669s] running egg_info
[0.670s] writing pymoveit2.egg-info/PKG-INFO
[0.670s] writing dependency_links to pymoveit2.egg-info/dependency_links.txt
[0.670s] writing top-level names to pymoveit2.egg-info/top_level.txt
[0.672s] reading manifest file 'pymoveit2.egg-info/SOURCES.txt'
[0.673s] writing manifest file 'pymoveit2.egg-info/SOURCES.txt'
[0.703s] Built target ament_cmake_python_build_pymoveit2_egg
[0.769s] Invoked command in '/home/kshitij/colcon_ws/build/pymoveit2' returned '0': CMAKE_PREFIX_PATH=${CMAKE_PREFIX_PATH}:/opt/ros/humble /usr/bin/cmake --build /home/kshitij/colcon_ws/build/pymoveit2 -- -j16 -l16
[0.794s] Invoking command in '/home/kshitij/colcon_ws/build/pymoveit2': CMAKE_PREFIX_PATH=${CMAKE_PREFIX_PATH}:/opt/ros/humble /usr/bin/cmake --install /home/kshitij/colcon_ws/build/pymoveit2
[0.802s] -- Install configuration: ""
[0.802s] -- Installing: /home/kshitij/colcon_ws/install/pymoveit2/share/pymoveit2/environment/pythonpath.sh
[0.802s] -- Installing: /home/kshitij/colcon_ws/install/pymoveit2/share/pymoveit2/environment/pythonpath.dsv
[0.802s] -- Up-to-date: /home/kshitij/colcon_ws/install/pymoveit2/local/lib/python3.10/dist-packages/pymoveit2-2.1.0-py3.10.egg-info
[0.803s] -- Installing: /home/kshitij/colcon_ws/install/pymoveit2/local/lib/python3.10/dist-packages/pymoveit2-2.1.0-py3.10.egg-info/PKG-INFO
[0.803s] -- Installing: /home/kshitij/colcon_ws/install/pymoveit2/local/lib/python3.10/dist-packages/pymoveit2-2.1.0-py3.10.egg-info/SOURCES.txt
[0.803s] -- Installing: /home/kshitij/colcon_ws/install/pymoveit2/local/lib/python3.10/dist-packages/pymoveit2-2.1.0-py3.10.egg-info/dependency_links.txt
[0.803s] -- Installing: /home/kshitij/colcon_ws/install/pymoveit2/local/lib/python3.10/dist-packages/pymoveit2-2.1.0-py3.10.egg-info/top_level.txt
[0.803s] -- Up-to-date: /home/kshitij/colcon_ws/install/pymoveit2/local/lib/python3.10/dist-packages/pymoveit2
[0.804s] -- Installing: /home/kshitij/colcon_ws/install/pymoveit2/local/lib/python3.10/dist-packages/pymoveit2/__init__.py
[0.804s] -- Installing: /home/kshitij/colcon_ws/install/pymoveit2/local/lib/python3.10/dist-packages/pymoveit2/moveit2.py
[0.804s] -- Installing: /home/kshitij/colcon_ws/install/pymoveit2/local/lib/python3.10/dist-packages/pymoveit2/moveit2_servo.py
[0.804s] -- Up-to-date: /home/kshitij/colcon_ws/install/pymoveit2/local/lib/python3.10/dist-packages/pymoveit2/robots
[0.804s] -- Installing: /home/kshitij/colcon_ws/install/pymoveit2/local/lib/python3.10/dist-packages/pymoveit2/robots/__init__.py
[0.804s] -- Installing: /home/kshitij/colcon_ws/install/pymoveit2/local/lib/python3.10/dist-packages/pymoveit2/robots/kinova.py
[0.804s] -- Installing: /home/kshitij/colcon_ws/install/pymoveit2/local/lib/python3.10/dist-packages/pymoveit2/robots/ur5.py
[0.836s] Listing '/home/kshitij/colcon_ws/install/pymoveit2/local/lib/python3.10/dist-packages/pymoveit2'...
[0.836s] Compiling '/home/kshitij/colcon_ws/install/pymoveit2/local/lib/python3.10/dist-packages/pymoveit2/__init__.py'...
[0.836s] Compiling '/home/kshitij/colcon_ws/install/pymoveit2/local/lib/python3.10/dist-packages/pymoveit2/moveit2.py'...
[0.836s] Compiling '/home/kshitij/colcon_ws/install/pymoveit2/local/lib/python3.10/dist-packages/pymoveit2/moveit2_servo.py'...
[0.837s] Listing '/home/kshitij/colcon_ws/install/pymoveit2/local/lib/python3.10/dist-packages/pymoveit2/robots'...
[0.837s] Compiling '/home/kshitij/colcon_ws/install/pymoveit2/local/lib/python3.10/dist-packages/pymoveit2/robots/__init__.py'...
[0.837s] Compiling '/home/kshitij/colcon_ws/install/pymoveit2/local/lib/python3.10/dist-packages/pymoveit2/robots/kinova.py'...
[0.837s] Compiling '/home/kshitij/colcon_ws/install/pymoveit2/local/lib/python3.10/dist-packages/pymoveit2/robots/ur5.py'...
[0.840s] -- Installing: /home/kshitij/colcon_ws/install/pymoveit2/lib/pymoveit2/ex_collision_object.py
[0.840s] -- Installing: /home/kshitij/colcon_ws/install/pymoveit2/lib/pymoveit2/ex_joint_goal.py
[0.841s] -- Installing: /home/kshitij/colcon_ws/install/pymoveit2/lib/pymoveit2/ex_pose_goal.py
[0.841s] -- Installing: /home/kshitij/colcon_ws/install/pymoveit2/lib/pymoveit2/ex_servo.py
[0.841s] -- Installing: /home/kshitij/colcon_ws/install/pymoveit2/share/ament_index/resource_index/package_run_dependencies/pymoveit2
[0.842s] -- Installing: /home/kshitij/colcon_ws/install/pymoveit2/share/ament_index/resource_index/parent_prefix_path/pymoveit2
[0.842s] -- Installing: /home/kshitij/colcon_ws/install/pymoveit2/share/pymoveit2/environment/ament_prefix_path.sh
[0.842s] -- Installing: /home/kshitij/colcon_ws/install/pymoveit2/share/pymoveit2/environment/ament_prefix_path.dsv
[0.842s] -- Installing: /home/kshitij/colcon_ws/install/pymoveit2/share/pymoveit2/environment/path.sh
[0.843s] -- Installing: /home/kshitij/colcon_ws/install/pymoveit2/share/pymoveit2/environment/path.dsv
[0.843s] -- Installing: /home/kshitij/colcon_ws/install/pymoveit2/share/pymoveit2/local_setup.bash
[0.843s] -- Installing: /home/kshitij/colcon_ws/install/pymoveit2/share/pymoveit2/local_setup.sh
[0.843s] -- Installing: /home/kshitij/colcon_ws/install/pymoveit2/share/pymoveit2/local_setup.zsh
[0.843s] -- Installing: /home/kshitij/colcon_ws/install/pymoveit2/share/pymoveit2/local_setup.dsv
[0.843s] -- Installing: /home/kshitij/colcon_ws/install/pymoveit2/share/pymoveit2/package.dsv
[0.844s] -- Installing: /home/kshitij/colcon_ws/install/pymoveit2/share/ament_index/resource_index/packages/pymoveit2
[0.844s] -- Installing: /home/kshitij/colcon_ws/install/pymoveit2/share/pymoveit2/cmake/pymoveit2Config.cmake
[0.844s] -- Installing: /home/kshitij/colcon_ws/install/pymoveit2/share/pymoveit2/cmake/pymoveit2Config-version.cmake
[0.844s] -- Installing: /home/kshitij/colcon_ws/install/pymoveit2/share/pymoveit2/package.xml
[0.923s] Invoked command in '/home/kshitij/colcon_ws/build/pymoveit2' returned '0': CMAKE_PREFIX_PATH=${CMAKE_PREFIX_PATH}:/opt/ros/humble /usr/bin/cmake --install /home/kshitij/colcon_ws/build/pymoveit2
