[0.199s] Invoking command in '/home/kshitij/colcon_ws/build/gazebo_ros2_control': CMAKE_PREFIX_PATH=${CMAKE_PREFIX_PATH}:/opt/ros/humble /usr/bin/cmake --build /home/kshitij/colcon_ws/build/gazebo_ros2_control -- -j16 -l16
[0.225s] -- Found ament_cmake: 1.3.5 (/opt/ros/humble/share/ament_cmake/cmake)
[0.359s] -- Found angles: 1.15.0 (/opt/ros/humble/share/angles/cmake)
[0.360s] -- Found controller_manager: 2.32.0 (/opt/ros/humble/share/controller_manager/cmake)
[0.383s] -- Found rosidl_generator_c: 3.1.5 (/opt/ros/humble/share/rosidl_generator_c/cmake)
[0.385s] -- Found rosidl_adapter: 3.1.5 (/opt/ros/humble/share/rosidl_adapter/cmake)
[0.390s] -- Found rosidl_generator_cpp: 3.1.5 (/opt/ros/humble/share/rosidl_generator_cpp/cmake)
[0.399s] -- Using all available rosidl_typesupport_c: rosidl_typesupport_fastrtps_c;rosidl_typesupport_introspection_c
[0.411s] -- Using all available rosidl_typesupport_cpp: rosidl_typesupport_fastrtps_cpp;rosidl_typesupport_introspection_cpp
[0.984s] -- Found rmw_implementation_cmake: 6.1.1 (/opt/ros/humble/share/rmw_implementation_cmake/cmake)
[0.985s] -- Found rmw_fastrtps_cpp: 6.2.4 (/opt/ros/humble/share/rmw_fastrtps_cpp/cmake)
[1.082s] -- Using RMW implementation 'rmw_fastrtps_cpp' as default
[1.518s] -- Found gazebo_dev: 3.7.0 (/opt/ros/humble/share/gazebo_dev/cmake)
[1.542s] -- Found DART: /usr/include (Required is at least version "6.6") found components: dart 
[1.563s] -- Found Protobuf: /usr/lib/x86_64-linux-gnu/libprotobuf.so (found version "3.12.4") 
[1.564s] -- Looking for ignition-math6 -- found version 6.15.0
[1.567s] -- Searching for dependencies of ignition-math6
[1.568s] -- Looking for OGRE...
[1.574s] -- Found Ogre Ghadamon (1.9.0)
[1.574s] -- Found OGRE: optimized;/usr/lib/x86_64-linux-gnu/libOgreMain.so;debug;/usr/lib/x86_64-linux-gnu/libOgreMain.so
[1.581s] -- Looking for OGRE_Paging...
[1.581s] -- Found OGRE_Paging: optimized;/usr/lib/x86_64-linux-gnu/libOgrePaging.so;debug;/usr/lib/x86_64-linux-gnu/libOgrePaging.so
[1.581s] -- Looking for OGRE_Terrain...
[1.581s] -- Found OGRE_Terrain: optimized;/usr/lib/x86_64-linux-gnu/libOgreTerrain.so;debug;/usr/lib/x86_64-linux-gnu/libOgreTerrain.so
[1.581s] -- Looking for OGRE_Property...
[1.582s] -- Found OGRE_Property: optimized;/usr/lib/x86_64-linux-gnu/libOgreProperty.so;debug;/usr/lib/x86_64-linux-gnu/libOgreProperty.so
[1.582s] -- Looking for OGRE_RTShaderSystem...
[1.582s] -- Found OGRE_RTShaderSystem: optimized;/usr/lib/x86_64-linux-gnu/libOgreRTShaderSystem.so;debug;/usr/lib/x86_64-linux-gnu/libOgreRTShaderSystem.so
[1.582s] -- Looking for OGRE_Volume...
[1.582s] -- Found OGRE_Volume: optimized;/usr/lib/x86_64-linux-gnu/libOgreVolume.so;debug;/usr/lib/x86_64-linux-gnu/libOgreVolume.so
[1.582s] -- Looking for OGRE_Overlay...
[1.582s] -- Found OGRE_Overlay: optimized;/usr/lib/x86_64-linux-gnu/libOgreOverlay.so;debug;/usr/lib/x86_64-linux-gnu/libOgreOverlay.so
[1.669s] -- Looking for ignition-math6 -- found version 6.15.0
[1.669s] -- Looking for ignition-transport8 -- found version 8.2.1
[1.670s] -- Searching for dependencies of ignition-transport8
[1.684s] -- Found Protobuf: /usr/lib/x86_64-linux-gnu/libprotobuf.so (found suitable version "3.12.4", minimum required is "3") 
[1.691s] -- Config-file not installed for ZeroMQ -- checking for pkg-config
[1.696s] -- Checking for module 'libzmq >= 4'
[1.709s] --   Found libzmq , version 4.3.4
[1.753s] -- Checking for module 'uuid'
[1.766s] --   Found uuid, version 2.37.2
[1.801s] -- Looking for ignition-msgs5 -- found version 5.8.1
[1.801s] -- Searching for dependencies of ignition-msgs5
[1.816s] -- Looking for ignition-math6 -- found version 6.15.0
[1.823s] -- Looking for ignition-msgs5 -- found version 5.8.1
[1.823s] -- Looking for ignition-common3 -- found version 3.14.0
[1.823s] -- Searching for dependencies of ignition-common3
[1.823s] -- Looking for dlfcn.h - found
[1.824s] -- Looking for libdl - found
[1.833s] -- Searching for <ignition-common3> component [graphics]
[1.833s] -- Looking for ignition-common3-graphics -- found version 3.14.0
[1.833s] -- Searching for dependencies of ignition-common3-graphics
[1.834s] -- Looking for ignition-math6 -- found version 6.15.0
[1.834s] -- Looking for ignition-fuel_tools4 -- found version 4.4.0
[1.835s] -- Searching for dependencies of ignition-fuel_tools4
[1.865s] -- Checking for module 'jsoncpp'
[1.879s] --   Found jsoncpp, version 1.9.5
[1.918s] -- Checking for module 'libzip'
[1.932s] --   Found libzip, version 1.7.3
[1.967s] -- Looking for ignition-common3 -- found version 3.14.0
[1.967s] -- Looking for ignition-math6 -- found version 6.15.0
[1.968s] -- Looking for ignition-msgs5 -- found version 5.8.1
[1.969s] -- Gazebo version: 11.10
[1.969s] -- Found gazebo_ros: 3.7.0 (/opt/ros/humble/share/gazebo_ros/cmake)
[1.975s] -- Found yaml_cpp_vendor: 8.0.2 (/opt/ros/humble/share/yaml_cpp_vendor/cmake)
[2.396s] -- Found ament_cmake_gtest: 1.3.5 (/opt/ros/humble/share/ament_cmake_gtest/cmake)
[2.397s] -- Found ament_lint_auto: 0.12.8 (/opt/ros/humble/share/ament_lint_auto/cmake)
[2.451s] -- Added test 'copyright' to check source files copyright and LICENSE
[2.452s] -- Added test 'cppcheck' to perform static code analysis on C / C++ code
[2.452s] -- Configured cppcheck include dirs: /home/kshitij/colcon_ws/src/gazebo_ros2_control/include
[2.452s] -- Configured cppcheck exclude dirs and/or files: 
[2.453s] -- Added test 'cpplint' to check C / C++ code against the Google style
[2.453s] -- Configured cpplint exclude dirs and/or files: 
[2.453s] -- Added test 'lint_cmake' to check CMake code style
[2.454s] -- Added test 'uncrustify' to check C / C++ code style
[2.454s] -- Configured uncrustify additional arguments: 
[2.455s] -- Added test 'xmllint' to check XML markup files
[2.456s] -- Configuring done
[2.514s] -- Generating done
[2.516s] -- Build files have been written to: /home/kshitij/colcon_ws/build/gazebo_ros2_control
[2.553s] [35m[1mConsolidate compiler generated dependencies of target gazebo_hardware_plugins[0m
[2.553s] [35m[1mConsolidate compiler generated dependencies of target gazebo_ros2_control[0m
[2.601s] [ 25%] [32mBuilding CXX object CMakeFiles/gazebo_hardware_plugins.dir/src/gazebo_system.cpp.o[0m
[2.605s] [ 50%] [32mBuilding CXX object CMakeFiles/gazebo_ros2_control.dir/src/gazebo_ros2_control_plugin.cpp.o[0m
[13.270s] [ 75%] [32m[1mLinking CXX shared library libgazebo_hardware_plugins.so[0m
[13.766s] [ 75%] Built target gazebo_hardware_plugins
[14.863s] [100%] [32m[1mLinking CXX shared library libgazebo_ros2_control.so[0m
[15.359s] [100%] Built target gazebo_ros2_control
[15.371s] Invoked command in '/home/kshitij/colcon_ws/build/gazebo_ros2_control' returned '0': CMAKE_PREFIX_PATH=${CMAKE_PREFIX_PATH}:/opt/ros/humble /usr/bin/cmake --build /home/kshitij/colcon_ws/build/gazebo_ros2_control -- -j16 -l16
[15.412s] Invoking command in '/home/kshitij/colcon_ws/build/gazebo_ros2_control': CMAKE_PREFIX_PATH=${CMAKE_PREFIX_PATH}:/opt/ros/humble /usr/bin/cmake --install /home/kshitij/colcon_ws/build/gazebo_ros2_control
[15.420s] -- Install configuration: ""
[15.420s] -- Installing: /home/kshitij/colcon_ws/install/gazebo_ros2_control/lib/libgazebo_ros2_control.so
[15.424s] -- Set runtime path of "/home/kshitij/colcon_ws/install/gazebo_ros2_control/lib/libgazebo_ros2_control.so" to ""
[15.425s] -- Installing: /home/kshitij/colcon_ws/install/gazebo_ros2_control/lib/libgazebo_hardware_plugins.so
[15.428s] -- Set runtime path of "/home/kshitij/colcon_ws/install/gazebo_ros2_control/lib/libgazebo_hardware_plugins.so" to ""
[15.428s] -- Installing: /home/kshitij/colcon_ws/install/gazebo_ros2_control/share/gazebo_ros2_control/environment/library_path.sh
[15.428s] -- Installing: /home/kshitij/colcon_ws/install/gazebo_ros2_control/share/gazebo_ros2_control/environment/library_path.dsv
[15.428s] -- Up-to-date: /home/kshitij/colcon_ws/install/gazebo_ros2_control/include/gazebo_ros2_control
[15.428s] -- Installing: /home/kshitij/colcon_ws/install/gazebo_ros2_control/include/gazebo_ros2_control/gazebo_ros2_control_plugin.hpp
[15.428s] -- Installing: /home/kshitij/colcon_ws/install/gazebo_ros2_control/include/gazebo_ros2_control/gazebo_system.hpp
[15.429s] -- Installing: /home/kshitij/colcon_ws/install/gazebo_ros2_control/include/gazebo_ros2_control/gazebo_system_interface.hpp
[15.429s] -- Installing: /home/kshitij/colcon_ws/install/gazebo_ros2_control/share/gazebo_ros2_control/gazebo_hardware_plugins.xml
[15.429s] -- Installing: /home/kshitij/colcon_ws/install/gazebo_ros2_control/share/ament_index/resource_index/package_run_dependencies/gazebo_ros2_control
[15.429s] -- Installing: /home/kshitij/colcon_ws/install/gazebo_ros2_control/share/ament_index/resource_index/parent_prefix_path/gazebo_ros2_control
[15.429s] -- Installing: /home/kshitij/colcon_ws/install/gazebo_ros2_control/share/gazebo_ros2_control/environment/ament_prefix_path.sh
[15.429s] -- Installing: /home/kshitij/colcon_ws/install/gazebo_ros2_control/share/gazebo_ros2_control/environment/ament_prefix_path.dsv
[15.429s] -- Installing: /home/kshitij/colcon_ws/install/gazebo_ros2_control/share/gazebo_ros2_control/environment/path.sh
[15.430s] -- Installing: /home/kshitij/colcon_ws/install/gazebo_ros2_control/share/gazebo_ros2_control/environment/path.dsv
[15.430s] -- Installing: /home/kshitij/colcon_ws/install/gazebo_ros2_control/share/gazebo_ros2_control/local_setup.bash
[15.430s] -- Installing: /home/kshitij/colcon_ws/install/gazebo_ros2_control/share/gazebo_ros2_control/local_setup.sh
[15.430s] -- Installing: /home/kshitij/colcon_ws/install/gazebo_ros2_control/share/gazebo_ros2_control/local_setup.zsh
[15.430s] -- Installing: /home/kshitij/colcon_ws/install/gazebo_ros2_control/share/gazebo_ros2_control/local_setup.dsv
[15.430s] -- Installing: /home/kshitij/colcon_ws/install/gazebo_ros2_control/share/gazebo_ros2_control/package.dsv
[15.430s] -- Installing: /home/kshitij/colcon_ws/install/gazebo_ros2_control/share/ament_index/resource_index/packages/gazebo_ros2_control
[15.430s] -- Installing: /home/kshitij/colcon_ws/install/gazebo_ros2_control/share/ament_index/resource_index/gazebo_ros2_control__pluginlib__plugin/gazebo_ros2_control
[15.431s] -- Installing: /home/kshitij/colcon_ws/install/gazebo_ros2_control/share/gazebo_ros2_control/cmake/ament_cmake_export_include_directories-extras.cmake
[15.431s] -- Installing: /home/kshitij/colcon_ws/install/gazebo_ros2_control/share/gazebo_ros2_control/cmake/ament_cmake_export_dependencies-extras.cmake
[15.431s] -- Installing: /home/kshitij/colcon_ws/install/gazebo_ros2_control/share/gazebo_ros2_control/cmake/ament_cmake_export_libraries-extras.cmake
[15.431s] -- Installing: /home/kshitij/colcon_ws/install/gazebo_ros2_control/share/gazebo_ros2_control/cmake/gazebo_ros2_controlConfig.cmake
[15.431s] -- Installing: /home/kshitij/colcon_ws/install/gazebo_ros2_control/share/gazebo_ros2_control/cmake/gazebo_ros2_controlConfig-version.cmake
[15.431s] -- Installing: /home/kshitij/colcon_ws/install/gazebo_ros2_control/share/gazebo_ros2_control/package.xml
[15.433s] Invoked command in '/home/kshitij/colcon_ws/build/gazebo_ros2_control' returned '0': CMAKE_PREFIX_PATH=${CMAKE_PREFIX_PATH}:/opt/ros/humble /usr/bin/cmake --install /home/kshitij/colcon_ws/build/gazebo_ros2_control
