[0.150s] Invoking command in '/home/kshitij/colcon_ws/build/pymoveit2': CMAKE_PREFIX_PATH=${CMAKE_PREFIX_PATH}:/opt/ros/humble /usr/bin/cmake /home/kshitij/colcon_ws/src/pymoveit2 -DCMAKE_INSTALL_PREFIX=/home/kshitij/colcon_ws/install/pymoveit2
[0.204s] -- The C compiler identification is GNU 11.4.0
[0.291s] -- The CXX compiler identification is GNU 11.4.0
[0.291s] -- Detecting C compiler ABI info
[0.352s] -- Detecting C compiler ABI info - done
[0.359s] -- Check for working C compiler: /usr/bin/cc - skipped
[0.359s] -- Detecting C compile features
[0.359s] -- Detecting C compile features - done
[0.363s] -- Detecting CXX compiler ABI info
[0.457s] -- Detecting CXX compiler ABI info - done
[0.469s] -- Check for working CXX compiler: /usr/bin/c++ - skipped
[0.469s] -- Detecting CXX compile features
[0.469s] -- Detecting CXX compile features - done
[0.473s] -- Found ament_cmake: 1.3.5 (/opt/ros/humble/share/ament_cmake/cmake)
[0.641s] -- Found Python3: /usr/bin/python3.10 (found version "3.10.12") found components: Interpreter 
[0.875s] -- Configuring done
[0.880s] -- Generating done
[0.881s] -- Build files have been written to: /home/kshitij/colcon_ws/build/pymoveit2
[0.912s] Invoked command in '/home/kshitij/colcon_ws/build/pymoveit2' returned '0': CMAKE_PREFIX_PATH=${CMAKE_PREFIX_PATH}:/opt/ros/humble /usr/bin/cmake /home/kshitij/colcon_ws/src/pymoveit2 -DCMAKE_INSTALL_PREFIX=/home/kshitij/colcon_ws/install/pymoveit2
[0.914s] Invoking command in '/home/kshitij/colcon_ws/build/pymoveit2': CMAKE_PREFIX_PATH=${CMAKE_PREFIX_PATH}:/opt/ros/humble /usr/bin/cmake --build /home/kshitij/colcon_ws/build/pymoveit2 -- -j16 -l16
[0.979s] Built target ament_cmake_python_copy_pymoveit2
[1.197s] running egg_info
[1.198s] creating pymoveit2.egg-info
[1.198s] writing pymoveit2.egg-info/PKG-INFO
[1.198s] writing dependency_links to pymoveit2.egg-info/dependency_links.txt
[1.198s] writing top-level names to pymoveit2.egg-info/top_level.txt
[1.198s] writing manifest file 'pymoveit2.egg-info/SOURCES.txt'
[1.200s] reading manifest file 'pymoveit2.egg-info/SOURCES.txt'
[1.201s] writing manifest file 'pymoveit2.egg-info/SOURCES.txt'
[1.228s] Built target ament_cmake_python_build_pymoveit2_egg
[1.240s] Invoked command in '/home/kshitij/colcon_ws/build/pymoveit2' returned '0': CMAKE_PREFIX_PATH=${CMAKE_PREFIX_PATH}:/opt/ros/humble /usr/bin/cmake --build /home/kshitij/colcon_ws/build/pymoveit2 -- -j16 -l16
[1.269s] Invoking command in '/home/kshitij/colcon_ws/build/pymoveit2': CMAKE_PREFIX_PATH=${CMAKE_PREFIX_PATH}:/opt/ros/humble /usr/bin/cmake --install /home/kshitij/colcon_ws/build/pymoveit2
[1.278s] -- Install configuration: ""
[1.278s] -- Installing: /home/kshitij/colcon_ws/install/pymoveit2/share/pymoveit2/environment/pythonpath.sh
[1.278s] -- Installing: /home/kshitij/colcon_ws/install/pymoveit2/share/pymoveit2/environment/pythonpath.dsv
[1.278s] -- Installing: /home/kshitij/colcon_ws/install/pymoveit2/local/lib/python3.10/dist-packages/pymoveit2-2.1.0-py3.10.egg-info
[1.278s] -- Installing: /home/kshitij/colcon_ws/install/pymoveit2/local/lib/python3.10/dist-packages/pymoveit2-2.1.0-py3.10.egg-info/PKG-INFO
[1.278s] -- Installing: /home/kshitij/colcon_ws/install/pymoveit2/local/lib/python3.10/dist-packages/pymoveit2-2.1.0-py3.10.egg-info/dependency_links.txt
[1.279s] -- Installing: /home/kshitij/colcon_ws/install/pymoveit2/local/lib/python3.10/dist-packages/pymoveit2-2.1.0-py3.10.egg-info/top_level.txt
[1.279s] -- Installing: /home/kshitij/colcon_ws/install/pymoveit2/local/lib/python3.10/dist-packages/pymoveit2-2.1.0-py3.10.egg-info/SOURCES.txt
[1.279s] -- Installing: /home/kshitij/colcon_ws/install/pymoveit2/local/lib/python3.10/dist-packages/pymoveit2
[1.279s] -- Installing: /home/kshitij/colcon_ws/install/pymoveit2/local/lib/python3.10/dist-packages/pymoveit2/__init__.py
[1.279s] -- Installing: /home/kshitij/colcon_ws/install/pymoveit2/local/lib/python3.10/dist-packages/pymoveit2/moveit2.py
[1.279s] -- Installing: /home/kshitij/colcon_ws/install/pymoveit2/local/lib/python3.10/dist-packages/pymoveit2/moveit2_servo.py
[1.279s] -- Installing: /home/kshitij/colcon_ws/install/pymoveit2/local/lib/python3.10/dist-packages/pymoveit2/robots
[1.280s] -- Installing: /home/kshitij/colcon_ws/install/pymoveit2/local/lib/python3.10/dist-packages/pymoveit2/robots/__init__.py
[1.280s] -- Installing: /home/kshitij/colcon_ws/install/pymoveit2/local/lib/python3.10/dist-packages/pymoveit2/robots/kinova.py
[1.280s] -- Installing: /home/kshitij/colcon_ws/install/pymoveit2/local/lib/python3.10/dist-packages/pymoveit2/robots/ur5.py
[1.315s] Listing '/home/kshitij/colcon_ws/install/pymoveit2/local/lib/python3.10/dist-packages/pymoveit2'...
[1.315s] Compiling '/home/kshitij/colcon_ws/install/pymoveit2/local/lib/python3.10/dist-packages/pymoveit2/__init__.py'...
[1.315s] Compiling '/home/kshitij/colcon_ws/install/pymoveit2/local/lib/python3.10/dist-packages/pymoveit2/moveit2.py'...
[1.315s] Compiling '/home/kshitij/colcon_ws/install/pymoveit2/local/lib/python3.10/dist-packages/pymoveit2/moveit2_servo.py'...
[1.315s] Listing '/home/kshitij/colcon_ws/install/pymoveit2/local/lib/python3.10/dist-packages/pymoveit2/robots'...
[1.315s] Compiling '/home/kshitij/colcon_ws/install/pymoveit2/local/lib/python3.10/dist-packages/pymoveit2/robots/__init__.py'...
[1.315s] Compiling '/home/kshitij/colcon_ws/install/pymoveit2/local/lib/python3.10/dist-packages/pymoveit2/robots/kinova.py'...
[1.315s] Compiling '/home/kshitij/colcon_ws/install/pymoveit2/local/lib/python3.10/dist-packages/pymoveit2/robots/ur5.py'...
[1.319s] -- Installing: /home/kshitij/colcon_ws/install/pymoveit2/lib/pymoveit2/ex_collision_object.py
[1.319s] -- Installing: /home/kshitij/colcon_ws/install/pymoveit2/lib/pymoveit2/ex_joint_goal.py
[1.319s] -- Installing: /home/kshitij/colcon_ws/install/pymoveit2/lib/pymoveit2/ex_pose_goal.py
[1.319s] -- Installing: /home/kshitij/colcon_ws/install/pymoveit2/lib/pymoveit2/ex_servo.py
[1.319s] -- Installing: /home/kshitij/colcon_ws/install/pymoveit2/share/ament_index/resource_index/package_run_dependencies/pymoveit2
[1.320s] -- Installing: /home/kshitij/colcon_ws/install/pymoveit2/share/ament_index/resource_index/parent_prefix_path/pymoveit2
[1.320s] -- Installing: /home/kshitij/colcon_ws/install/pymoveit2/share/pymoveit2/environment/ament_prefix_path.sh
[1.320s] -- Installing: /home/kshitij/colcon_ws/install/pymoveit2/share/pymoveit2/environment/ament_prefix_path.dsv
[1.320s] -- Installing: /home/kshitij/colcon_ws/install/pymoveit2/share/pymoveit2/environment/path.sh
[1.320s] -- Installing: /home/kshitij/colcon_ws/install/pymoveit2/share/pymoveit2/environment/path.dsv
[1.320s] -- Installing: /home/kshitij/colcon_ws/install/pymoveit2/share/pymoveit2/local_setup.bash
[1.320s] -- Installing: /home/kshitij/colcon_ws/install/pymoveit2/share/pymoveit2/local_setup.sh
[1.321s] -- Installing: /home/kshitij/colcon_ws/install/pymoveit2/share/pymoveit2/local_setup.zsh
[1.321s] -- Installing: /home/kshitij/colcon_ws/install/pymoveit2/share/pymoveit2/local_setup.dsv
[1.321s] -- Installing: /home/kshitij/colcon_ws/install/pymoveit2/share/pymoveit2/package.dsv
[1.321s] -- Installing: /home/kshitij/colcon_ws/install/pymoveit2/share/ament_index/resource_index/packages/pymoveit2
[1.321s] -- Installing: /home/kshitij/colcon_ws/install/pymoveit2/share/pymoveit2/cmake/pymoveit2Config.cmake
[1.321s] -- Installing: /home/kshitij/colcon_ws/install/pymoveit2/share/pymoveit2/cmake/pymoveit2Config-version.cmake
[1.321s] -- Installing: /home/kshitij/colcon_ws/install/pymoveit2/share/pymoveit2/package.xml
[1.324s] Invoked command in '/home/kshitij/colcon_ws/build/pymoveit2' returned '0': CMAKE_PREFIX_PATH=${CMAKE_PREFIX_PATH}:/opt/ros/humble /usr/bin/cmake --install /home/kshitij/colcon_ws/build/pymoveit2
