[0.193s] Invoking command in '/home/kshitij/colcon_ws/build/gazebo_ros2_control': CMAKE_PREFIX_PATH=${CMAKE_PREFIX_PATH}:/opt/ros/humble /usr/bin/cmake /home/kshitij/colcon_ws/src/gazebo_ros2_control -DCMAKE_INSTALL_PREFIX=/home/kshitij/colcon_ws/install/gazebo_ros2_control
[0.250s] -- The C compiler identification is GNU 11.4.0
[0.337s] -- The CXX compiler identification is GNU 11.4.0
[0.337s] -- Detecting C compiler ABI info
[0.408s] -- Detecting C compiler ABI info - done
[0.420s] -- Check for working C compiler: /usr/bin/cc - skipped
[0.421s] -- Detecting C compile features
[0.421s] -- Detecting C compile features - done
[0.425s] -- Detecting CXX compiler ABI info
[0.518s] -- Detecting CXX compiler ABI info - done
[0.525s] -- Check for working CXX compiler: /usr/bin/c++ - skipped
[0.526s] -- Detecting CXX compile features
[0.526s] -- Detecting CXX compile features - done
[0.529s] -- Found ament_cmake: 1.3.5 (/opt/ros/humble/share/ament_cmake/cmake)
[0.706s] -- Found Python3: /usr/bin/python3.10 (found version "3.10.12") found components: Interpreter 
[0.801s] -- Found angles: 1.15.0 (/opt/ros/humble/share/angles/cmake)
[0.804s] -- Found controller_manager: 2.32.0 (/opt/ros/humble/share/controller_manager/cmake)
[0.856s] -- Found rosidl_generator_c: 3.1.5 (/opt/ros/humble/share/rosidl_generator_c/cmake)
[0.862s] -- Found rosidl_adapter: 3.1.5 (/opt/ros/humble/share/rosidl_adapter/cmake)
[0.870s] -- Found rosidl_generator_cpp: 3.1.5 (/opt/ros/humble/share/rosidl_generator_cpp/cmake)
[0.885s] -- Using all available rosidl_typesupport_c: rosidl_typesupport_fastrtps_c;rosidl_typesupport_introspection_c
[0.904s] -- Using all available rosidl_typesupport_cpp: rosidl_typesupport_fastrtps_cpp;rosidl_typesupport_introspection_cpp
[1.534s] -- Found rmw_implementation_cmake: 6.1.1 (/opt/ros/humble/share/rmw_implementation_cmake/cmake)
[1.536s] -- Found rmw_fastrtps_cpp: 6.2.4 (/opt/ros/humble/share/rmw_fastrtps_cpp/cmake)
[1.633s] -- Found OpenSSL: /usr/lib/x86_64-linux-gnu/libcrypto.so (found version "3.0.2")  
[1.657s] -- Found FastRTPS: /opt/ros/humble/include  
[1.697s] -- Using RMW implementation 'rmw_fastrtps_cpp' as default
[1.706s] -- Looking for pthread.h
[1.775s] -- Looking for pthread.h - found
[1.775s] -- Performing Test CMAKE_HAVE_LIBC_PTHREAD
[1.846s] -- Performing Test CMAKE_HAVE_LIBC_PTHREAD - Success
[1.847s] -- Found Threads: TRUE  
[2.272s] -- Found gazebo_dev: 3.7.0 (/opt/ros/humble/share/gazebo_dev/cmake)
[2.278s] -- Found PkgConfig: /usr/bin/pkg-config (found version "0.29.2") 
[2.279s] -- Checking for module 'bullet>=2.82'
[2.293s] --   Found bullet, version 3.05
[2.394s] -- Found fcl: /usr/include (found suitable version "0.7.0", minimum required is "0.5.0") 
[2.448s] -- Found assimp: /usr/include (found version "5.2.0") 
[2.462s] -- Found DART: /usr/include (Required is at least version "6.6") found components: dart 
[2.485s] -- Found Boost: /usr/lib/x86_64-linux-gnu/cmake/Boost-1.74.0/BoostConfig.cmake (found suitable version "1.74.0", minimum required is "1.40.0") found components: thread system filesystem program_options regex iostreams date_time 
[2.497s] -- Found Protobuf: /usr/lib/x86_64-linux-gnu/libprotobuf.so (found version "3.12.4") 
[2.501s] -- Looking for ignition-math6 -- found version 6.15.0
[2.506s] -- Searching for dependencies of ignition-math6
[2.507s] -- Looking for OGRE...
[2.507s] -- OGRE_PREFIX_WATCH changed.
[2.512s] -- Checking for module 'OGRE'
[2.526s] --   Found OGRE, version 1.9.0
[2.562s] -- Found Ogre Ghadamon (1.9.0)
[2.567s] -- Found OGRE: optimized;/usr/lib/x86_64-linux-gnu/libOgreMain.so;debug;/usr/lib/x86_64-linux-gnu/libOgreMain.so
[2.574s] -- Looking for OGRE_Paging...
[2.578s] -- Found OGRE_Paging: optimized;/usr/lib/x86_64-linux-gnu/libOgrePaging.so;debug;/usr/lib/x86_64-linux-gnu/libOgrePaging.so
[2.578s] -- Looking for OGRE_Terrain...
[2.582s] -- Found OGRE_Terrain: optimized;/usr/lib/x86_64-linux-gnu/libOgreTerrain.so;debug;/usr/lib/x86_64-linux-gnu/libOgreTerrain.so
[2.582s] -- Looking for OGRE_Property...
[2.586s] -- Found OGRE_Property: optimized;/usr/lib/x86_64-linux-gnu/libOgreProperty.so;debug;/usr/lib/x86_64-linux-gnu/libOgreProperty.so
[2.586s] -- Looking for OGRE_RTShaderSystem...
[2.590s] -- Found OGRE_RTShaderSystem: optimized;/usr/lib/x86_64-linux-gnu/libOgreRTShaderSystem.so;debug;/usr/lib/x86_64-linux-gnu/libOgreRTShaderSystem.so
[2.590s] -- Looking for OGRE_Volume...
[2.594s] -- Found OGRE_Volume: optimized;/usr/lib/x86_64-linux-gnu/libOgreVolume.so;debug;/usr/lib/x86_64-linux-gnu/libOgreVolume.so
[2.594s] -- Looking for OGRE_Overlay...
[2.598s] -- Found OGRE_Overlay: optimized;/usr/lib/x86_64-linux-gnu/libOgreOverlay.so;debug;/usr/lib/x86_64-linux-gnu/libOgreOverlay.so
[2.691s] -- Looking for ignition-math6 -- found version 6.15.0
[2.693s] -- Looking for ignition-transport8 -- found version 8.2.1
[2.693s] -- Searching for dependencies of ignition-transport8
[2.706s] -- Found Protobuf: /usr/lib/x86_64-linux-gnu/libprotobuf.so (found suitable version "3.12.4", minimum required is "3") 
[2.713s] -- Config-file not installed for ZeroMQ -- checking for pkg-config
[2.718s] -- Checking for module 'libzmq >= 4'
[2.732s] --   Found libzmq , version 4.3.4
[2.770s] -- Found ZeroMQ: TRUE (Required is at least version "4") 
[2.775s] -- Checking for module 'uuid'
[2.788s] --   Found uuid, version 2.37.2
[2.825s] -- Found UUID: TRUE  
[2.827s] -- Looking for ignition-msgs5 -- found version 5.8.1
[2.827s] -- Searching for dependencies of ignition-msgs5
[2.842s] -- Looking for ignition-math6 -- found version 6.15.0
[2.847s] -- Checking for module 'tinyxml2'
[2.861s] --   Found tinyxml2, version 9.0.0
[2.897s] -- Looking for ignition-msgs5 -- found version 5.8.1
[2.899s] -- Looking for ignition-common3 -- found version 3.14.0
[2.899s] -- Searching for dependencies of ignition-common3
[2.899s] -- Looking for dlfcn.h - found
[2.900s] -- Looking for libdl - found
[2.901s] -- Found DL: TRUE  
[2.910s] -- Found tinyobjloader: /usr/lib/x86_64-linux-gnu/cmake/tinyobjloader/tinyobjloader-config.cmake (found version "2.0.0") 
[2.910s] -- Searching for <ignition-common3> component [graphics]
[2.912s] -- Looking for ignition-common3-graphics -- found version 3.14.0
[2.913s] -- Searching for dependencies of ignition-common3-graphics
[2.913s] -- Looking for ignition-math6 -- found version 6.15.0
[2.916s] -- Looking for ignition-fuel_tools4 -- found version 4.4.0
[2.916s] -- Searching for dependencies of ignition-fuel_tools4
[2.991s] -- Found CURL: /usr/lib/x86_64-linux-gnu/libcurl.so (found version "7.81.0")  
[2.999s] -- Checking for module 'jsoncpp'
[3.012s] --   Found jsoncpp, version 1.9.5
[3.048s] -- Found JSONCPP: TRUE  
[3.053s] -- Checking for module 'libzip'
[3.067s] --   Found libzip, version 1.7.3
[3.103s] -- Found ZIP: TRUE  
[3.103s] -- Looking for ignition-common3 -- found version 3.14.0
[3.103s] -- Looking for ignition-math6 -- found version 6.15.0
[3.104s] -- Looking for ignition-msgs5 -- found version 5.8.1
[3.106s] -- Gazebo version: 11.10
[3.107s] -- Checking for module 'tbb'
[3.121s] --   Found tbb, version 2021.5.0
[3.158s] -- Found gazebo_ros: 3.7.0 (/opt/ros/humble/share/gazebo_ros/cmake)
[3.166s] -- Found yaml_cpp_vendor: 8.0.2 (/opt/ros/humble/share/yaml_cpp_vendor/cmake)
[3.590s] -- Found ament_cmake_gtest: 1.3.5 (/opt/ros/humble/share/ament_cmake_gtest/cmake)
[3.593s] -- Found ament_lint_auto: 0.12.8 (/opt/ros/humble/share/ament_lint_auto/cmake)
[3.663s] -- Added test 'copyright' to check source files copyright and LICENSE
[3.664s] -- Added test 'cppcheck' to perform static code analysis on C / C++ code
[3.665s] -- Configured cppcheck include dirs: /home/kshitij/colcon_ws/src/gazebo_ros2_control/include
[3.665s] -- Configured cppcheck exclude dirs and/or files: 
[3.666s] -- Added test 'cpplint' to check C / C++ code against the Google style
[3.666s] -- Configured cpplint exclude dirs and/or files: 
[3.667s] -- Added test 'lint_cmake' to check CMake code style
[3.668s] -- Added test 'uncrustify' to check C / C++ code style
[3.668s] -- Configured uncrustify additional arguments: 
[3.669s] -- Added test 'xmllint' to check XML markup files
[3.670s] -- Configuring done
[3.730s] -- Generating done
[3.733s] -- Build files have been written to: /home/kshitij/colcon_ws/build/gazebo_ros2_control
[3.745s] Invoked command in '/home/kshitij/colcon_ws/build/gazebo_ros2_control' returned '0': CMAKE_PREFIX_PATH=${CMAKE_PREFIX_PATH}:/opt/ros/humble /usr/bin/cmake /home/kshitij/colcon_ws/src/gazebo_ros2_control -DCMAKE_INSTALL_PREFIX=/home/kshitij/colcon_ws/install/gazebo_ros2_control
[3.747s] Invoking command in '/home/kshitij/colcon_ws/build/gazebo_ros2_control': CMAKE_PREFIX_PATH=${CMAKE_PREFIX_PATH}:/opt/ros/humble /usr/bin/cmake --build /home/kshitij/colcon_ws/build/gazebo_ros2_control -- -j16 -l16
[3.803s] [ 50%] [32mBuilding CXX object CMakeFiles/gazebo_ros2_control.dir/src/gazebo_ros2_control_plugin.cpp.o[0m
[3.803s] [ 50%] [32mBuilding CXX object CMakeFiles/gazebo_hardware_plugins.dir/src/gazebo_system.cpp.o[0m
[14.507s] [ 75%] [32m[1mLinking CXX shared library libgazebo_hardware_plugins.so[0m
[14.962s] [ 75%] Built target gazebo_hardware_plugins
[16.147s] [100%] [32m[1mLinking CXX shared library libgazebo_ros2_control.so[0m
[16.629s] [100%] Built target gazebo_ros2_control
[16.640s] Invoked command in '/home/kshitij/colcon_ws/build/gazebo_ros2_control' returned '0': CMAKE_PREFIX_PATH=${CMAKE_PREFIX_PATH}:/opt/ros/humble /usr/bin/cmake --build /home/kshitij/colcon_ws/build/gazebo_ros2_control -- -j16 -l16
[16.674s] Invoking command in '/home/kshitij/colcon_ws/build/gazebo_ros2_control': CMAKE_PREFIX_PATH=${CMAKE_PREFIX_PATH}:/opt/ros/humble /usr/bin/cmake --install /home/kshitij/colcon_ws/build/gazebo_ros2_control
[16.682s] -- Install configuration: ""
[16.682s] -- Installing: /home/kshitij/colcon_ws/install/gazebo_ros2_control/lib/libgazebo_ros2_control.so
[16.694s] -- Set runtime path of "/home/kshitij/colcon_ws/install/gazebo_ros2_control/lib/libgazebo_ros2_control.so" to ""
[16.694s] -- Installing: /home/kshitij/colcon_ws/install/gazebo_ros2_control/lib/libgazebo_hardware_plugins.so
[16.697s] -- Set runtime path of "/home/kshitij/colcon_ws/install/gazebo_ros2_control/lib/libgazebo_hardware_plugins.so" to ""
[16.698s] -- Installing: /home/kshitij/colcon_ws/install/gazebo_ros2_control/share/gazebo_ros2_control/environment/library_path.sh
[16.698s] -- Installing: /home/kshitij/colcon_ws/install/gazebo_ros2_control/share/gazebo_ros2_control/environment/library_path.dsv
[16.698s] -- Installing: /home/kshitij/colcon_ws/install/gazebo_ros2_control/include/gazebo_ros2_control
[16.698s] -- Installing: /home/kshitij/colcon_ws/install/gazebo_ros2_control/include/gazebo_ros2_control/gazebo_ros2_control_plugin.hpp
[16.699s] -- Installing: /home/kshitij/colcon_ws/install/gazebo_ros2_control/include/gazebo_ros2_control/gazebo_system.hpp
[16.699s] -- Installing: /home/kshitij/colcon_ws/install/gazebo_ros2_control/include/gazebo_ros2_control/gazebo_system_interface.hpp
[16.699s] -- Installing: /home/kshitij/colcon_ws/install/gazebo_ros2_control/share/gazebo_ros2_control/gazebo_hardware_plugins.xml
[16.699s] -- Installing: /home/kshitij/colcon_ws/install/gazebo_ros2_control/share/ament_index/resource_index/package_run_dependencies/gazebo_ros2_control
[16.699s] -- Installing: /home/kshitij/colcon_ws/install/gazebo_ros2_control/share/ament_index/resource_index/parent_prefix_path/gazebo_ros2_control
[16.699s] -- Installing: /home/kshitij/colcon_ws/install/gazebo_ros2_control/share/gazebo_ros2_control/environment/ament_prefix_path.sh
[16.699s] -- Installing: /home/kshitij/colcon_ws/install/gazebo_ros2_control/share/gazebo_ros2_control/environment/ament_prefix_path.dsv
[16.699s] -- Installing: /home/kshitij/colcon_ws/install/gazebo_ros2_control/share/gazebo_ros2_control/environment/path.sh
[16.699s] -- Installing: /home/kshitij/colcon_ws/install/gazebo_ros2_control/share/gazebo_ros2_control/environment/path.dsv
[16.699s] -- Installing: /home/kshitij/colcon_ws/install/gazebo_ros2_control/share/gazebo_ros2_control/local_setup.bash
[16.700s] -- Installing: /home/kshitij/colcon_ws/install/gazebo_ros2_control/share/gazebo_ros2_control/local_setup.sh
[16.700s] -- Installing: /home/kshitij/colcon_ws/install/gazebo_ros2_control/share/gazebo_ros2_control/local_setup.zsh
[16.700s] -- Installing: /home/kshitij/colcon_ws/install/gazebo_ros2_control/share/gazebo_ros2_control/local_setup.dsv
[16.700s] -- Installing: /home/kshitij/colcon_ws/install/gazebo_ros2_control/share/gazebo_ros2_control/package.dsv
[16.700s] -- Installing: /home/kshitij/colcon_ws/install/gazebo_ros2_control/share/ament_index/resource_index/packages/gazebo_ros2_control
[16.700s] -- Installing: /home/kshitij/colcon_ws/install/gazebo_ros2_control/share/ament_index/resource_index/gazebo_ros2_control__pluginlib__plugin/gazebo_ros2_control
[16.700s] -- Installing: /home/kshitij/colcon_ws/install/gazebo_ros2_control/share/gazebo_ros2_control/cmake/ament_cmake_export_include_directories-extras.cmake
[16.700s] -- Installing: /home/kshitij/colcon_ws/install/gazebo_ros2_control/share/gazebo_ros2_control/cmake/ament_cmake_export_dependencies-extras.cmake
[16.700s] -- Installing: /home/kshitij/colcon_ws/install/gazebo_ros2_control/share/gazebo_ros2_control/cmake/ament_cmake_export_libraries-extras.cmake
[16.701s] -- Installing: /home/kshitij/colcon_ws/install/gazebo_ros2_control/share/gazebo_ros2_control/cmake/gazebo_ros2_controlConfig.cmake
[16.701s] -- Installing: /home/kshitij/colcon_ws/install/gazebo_ros2_control/share/gazebo_ros2_control/cmake/gazebo_ros2_controlConfig-version.cmake
[16.701s] -- Installing: /home/kshitij/colcon_ws/install/gazebo_ros2_control/share/gazebo_ros2_control/package.xml
[16.703s] Invoked command in '/home/kshitij/colcon_ws/build/gazebo_ros2_control' returned '0': CMAKE_PREFIX_PATH=${CMAKE_PREFIX_PATH}:/opt/ros/humble /usr/bin/cmake --install /home/kshitij/colcon_ws/build/gazebo_ros2_control
