[0.692s] DEBUG:colcon:Command line arguments: ['/usr/bin/colcon', 'build']
[0.692s] DEBUG:colcon:Parsed command line arguments: Namespace(log_base=None, log_level=None, verb_name='build', build_base='build', install_base='install', merge_install=False, symlink_install=False, test_result_base=None, continue_on_error=False, executor='parallel', parallel_workers=16, event_handlers=None, ignore_user_meta=False, metas=['./colcon.meta'], base_paths=['.'], packages_ignore=None, packages_ignore_regex=None, paths=None, packages_up_to=None, packages_up_to_regex=None, packages_above=None, packages_above_and_dependencies=None, packages_above_depth=None, packages_select_by_dep=None, packages_skip_by_dep=None, packages_skip_up_to=None, packages_select_build_failed=False, packages_skip_build_finished=False, packages_select_test_failures=False, packages_skip_test_passed=False, packages_select=None, packages_skip=None, packages_select_regex=None, packages_skip_regex=None, packages_start=None, packages_end=None, allow_overriding=[], cmake_args=None, cmake_target=None, cmake_target_skip_unavailable=False, cmake_clean_cache=False, cmake_clean_first=False, cmake_force_configure=False, ament_cmake_args=None, catkin_cmake_args=None, catkin_skip_building_tests=False, verb_parser=<colcon_defaults.argument_parser.defaults.DefaultArgumentsDecorator object at 0x7fa518a48850>, verb_extension=<colcon_core.verb.build.BuildVerb object at 0x7fa518d18a00>, main=<bound method BuildVerb.main of <colcon_core.verb.build.BuildVerb object at 0x7fa518d18a00>>)
[0.725s] Level 1:colcon.colcon_core.package_discovery:discover_packages(colcon_meta) check parameters
[0.725s] Level 1:colcon.colcon_core.package_discovery:discover_packages(recursive) check parameters
[0.725s] Level 1:colcon.colcon_core.package_discovery:discover_packages(ignore) check parameters
[0.725s] Level 1:colcon.colcon_core.package_discovery:discover_packages(path) check parameters
[0.725s] Level 1:colcon.colcon_core.package_discovery:discover_packages(colcon_meta) discover
[0.725s] Level 1:colcon.colcon_core.package_discovery:discover_packages(recursive) discover
[0.725s] INFO:colcon.colcon_core.package_discovery:Crawling recursively for packages in '/home/kshitij/colcon_ws'
[0.725s] Level 1:colcon.colcon_core.package_identification:_identify(.) by extensions ['ignore', 'ignore_ament_install']
[0.725s] Level 1:colcon.colcon_core.package_identification:_identify(.) by extension 'ignore'
[0.725s] Level 1:colcon.colcon_core.package_identification:_identify(.) by extension 'ignore_ament_install'
[0.725s] Level 1:colcon.colcon_core.package_identification:_identify(.) by extensions ['colcon_pkg']
[0.725s] Level 1:colcon.colcon_core.package_identification:_identify(.) by extension 'colcon_pkg'
[0.725s] Level 1:colcon.colcon_core.package_identification:_identify(.) by extensions ['colcon_meta']
[0.725s] Level 1:colcon.colcon_core.package_identification:_identify(.) by extension 'colcon_meta'
[0.725s] Level 1:colcon.colcon_core.package_identification:_identify(.) by extensions ['ros']
[0.725s] Level 1:colcon.colcon_core.package_identification:_identify(.) by extension 'ros'
[0.733s] Level 1:colcon.colcon_core.package_identification:_identify(.) by extensions ['cmake', 'python']
[0.733s] Level 1:colcon.colcon_core.package_identification:_identify(.) by extension 'cmake'
[0.733s] Level 1:colcon.colcon_core.package_identification:_identify(.) by extension 'python'
[0.733s] Level 1:colcon.colcon_core.package_identification:_identify(.) by extensions ['python_setup_py']
[0.733s] Level 1:colcon.colcon_core.package_identification:_identify(.) by extension 'python_setup_py'
[0.733s] Level 1:colcon.colcon_core.package_identification:_identify(build) by extensions ['ignore', 'ignore_ament_install']
[0.733s] Level 1:colcon.colcon_core.package_identification:_identify(build) by extension 'ignore'
[0.733s] Level 1:colcon.colcon_core.package_identification:_identify(build) ignored
[0.733s] Level 1:colcon.colcon_core.package_identification:_identify(install) by extensions ['ignore', 'ignore_ament_install']
[0.733s] Level 1:colcon.colcon_core.package_identification:_identify(install) by extension 'ignore'
[0.733s] Level 1:colcon.colcon_core.package_identification:_identify(install) ignored
[0.733s] Level 1:colcon.colcon_core.package_identification:_identify(log) by extensions ['ignore', 'ignore_ament_install']
[0.734s] Level 1:colcon.colcon_core.package_identification:_identify(log) by extension 'ignore'
[0.734s] Level 1:colcon.colcon_core.package_identification:_identify(log) ignored
[0.734s] Level 1:colcon.colcon_core.package_identification:_identify(src) by extensions ['ignore', 'ignore_ament_install']
[0.734s] Level 1:colcon.colcon_core.package_identification:_identify(src) by extension 'ignore'
[0.734s] Level 1:colcon.colcon_core.package_identification:_identify(src) by extension 'ignore_ament_install'
[0.734s] Level 1:colcon.colcon_core.package_identification:_identify(src) by extensions ['colcon_pkg']
[0.734s] Level 1:colcon.colcon_core.package_identification:_identify(src) by extension 'colcon_pkg'
[0.734s] Level 1:colcon.colcon_core.package_identification:_identify(src) by extensions ['colcon_meta']
[0.734s] Level 1:colcon.colcon_core.package_identification:_identify(src) by extension 'colcon_meta'
[0.734s] Level 1:colcon.colcon_core.package_identification:_identify(src) by extensions ['ros']
[0.734s] Level 1:colcon.colcon_core.package_identification:_identify(src) by extension 'ros'
[0.734s] Level 1:colcon.colcon_core.package_identification:_identify(src) by extensions ['cmake', 'python']
[0.734s] Level 1:colcon.colcon_core.package_identification:_identify(src) by extension 'cmake'
[0.734s] Level 1:colcon.colcon_core.package_identification:_identify(src) by extension 'python'
[0.734s] Level 1:colcon.colcon_core.package_identification:_identify(src) by extensions ['python_setup_py']
[0.734s] Level 1:colcon.colcon_core.package_identification:_identify(src) by extension 'python_setup_py'
[0.734s] Level 1:colcon.colcon_core.package_identification:_identify(src/aws-robomaker-small-warehouse-world) by extensions ['ignore', 'ignore_ament_install']
[0.734s] Level 1:colcon.colcon_core.package_identification:_identify(src/aws-robomaker-small-warehouse-world) by extension 'ignore'
[0.734s] Level 1:colcon.colcon_core.package_identification:_identify(src/aws-robomaker-small-warehouse-world) by extension 'ignore_ament_install'
[0.734s] Level 1:colcon.colcon_core.package_identification:_identify(src/aws-robomaker-small-warehouse-world) by extensions ['colcon_pkg']
[0.734s] Level 1:colcon.colcon_core.package_identification:_identify(src/aws-robomaker-small-warehouse-world) by extension 'colcon_pkg'
[0.734s] Level 1:colcon.colcon_core.package_identification:_identify(src/aws-robomaker-small-warehouse-world) by extensions ['colcon_meta']
[0.734s] Level 1:colcon.colcon_core.package_identification:_identify(src/aws-robomaker-small-warehouse-world) by extension 'colcon_meta'
[0.734s] Level 1:colcon.colcon_core.package_identification:_identify(src/aws-robomaker-small-warehouse-world) by extensions ['ros']
[0.734s] Level 1:colcon.colcon_core.package_identification:_identify(src/aws-robomaker-small-warehouse-world) by extension 'ros'
[0.736s] DEBUG:colcon.colcon_core.package_identification:Package 'src/aws-robomaker-small-warehouse-world' with type 'ros.ament_cmake' and name 'aws_robomaker_small_warehouse_world'
[0.736s] Level 1:colcon.colcon_core.package_identification:_identify(src/ebot_description) by extensions ['ignore', 'ignore_ament_install']
[0.736s] Level 1:colcon.colcon_core.package_identification:_identify(src/ebot_description) by extension 'ignore'
[0.736s] Level 1:colcon.colcon_core.package_identification:_identify(src/ebot_description) by extension 'ignore_ament_install'
[0.736s] Level 1:colcon.colcon_core.package_identification:_identify(src/ebot_description) by extensions ['colcon_pkg']
[0.736s] Level 1:colcon.colcon_core.package_identification:_identify(src/ebot_description) by extension 'colcon_pkg'
[0.736s] Level 1:colcon.colcon_core.package_identification:_identify(src/ebot_description) by extensions ['colcon_meta']
[0.736s] Level 1:colcon.colcon_core.package_identification:_identify(src/ebot_description) by extension 'colcon_meta'
[0.736s] Level 1:colcon.colcon_core.package_identification:_identify(src/ebot_description) by extensions ['ros']
[0.737s] Level 1:colcon.colcon_core.package_identification:_identify(src/ebot_description) by extension 'ros'
[0.737s] DEBUG:colcon.colcon_core.package_identification:Package 'src/ebot_description' with type 'ros.ament_cmake' and name 'ebot_description'
[0.737s] Level 1:colcon.colcon_core.package_identification:_identify(src/eyantra_warehouse) by extensions ['ignore', 'ignore_ament_install']
[0.737s] Level 1:colcon.colcon_core.package_identification:_identify(src/eyantra_warehouse) by extension 'ignore'
[0.737s] Level 1:colcon.colcon_core.package_identification:_identify(src/eyantra_warehouse) by extension 'ignore_ament_install'
[0.737s] Level 1:colcon.colcon_core.package_identification:_identify(src/eyantra_warehouse) by extensions ['colcon_pkg']
[0.737s] Level 1:colcon.colcon_core.package_identification:_identify(src/eyantra_warehouse) by extension 'colcon_pkg'
[0.737s] Level 1:colcon.colcon_core.package_identification:_identify(src/eyantra_warehouse) by extensions ['colcon_meta']
[0.737s] Level 1:colcon.colcon_core.package_identification:_identify(src/eyantra_warehouse) by extension 'colcon_meta'
[0.737s] Level 1:colcon.colcon_core.package_identification:_identify(src/eyantra_warehouse) by extensions ['ros']
[0.737s] Level 1:colcon.colcon_core.package_identification:_identify(src/eyantra_warehouse) by extension 'ros'
[0.738s] DEBUG:colcon.colcon_core.package_identification:Package 'src/eyantra_warehouse' with type 'ros.ament_cmake' and name 'eyantra_warehouse'
[0.738s] Level 1:colcon.colcon_core.package_discovery:discover_packages(recursive) using defaults
[0.738s] Level 1:colcon.colcon_core.package_discovery:discover_packages(ignore) discover
[0.738s] Level 1:colcon.colcon_core.package_discovery:discover_packages(ignore) using defaults
[0.738s] Level 1:colcon.colcon_core.package_discovery:discover_packages(path) discover
[0.738s] Level 1:colcon.colcon_core.package_discovery:discover_packages(path) using defaults
[0.801s] Level 1:colcon.colcon_core.package_discovery:discover_packages(prefix_path) check parameters
[0.801s] Level 1:colcon.colcon_core.package_discovery:discover_packages(prefix_path) discover
[0.812s] WARNING:colcon.colcon_ros.prefix_path.ament:The path '/home/kshitij/colcon_ws/install/ur5_moveit' in the environment variable AMENT_PREFIX_PATH doesn't exist
[0.812s] WARNING:colcon.colcon_ros.prefix_path.ament:The path '/home/kshitij/colcon_ws/install/ur_description' in the environment variable AMENT_PREFIX_PATH doesn't exist
[0.812s] WARNING:colcon.colcon_ros.prefix_path.ament:The path '/home/kshitij/colcon_ws/install/realsense_gazebo_plugin' in the environment variable AMENT_PREFIX_PATH doesn't exist
[0.812s] WARNING:colcon.colcon_ros.prefix_path.ament:The path '/home/kshitij/colcon_ws/install/pymoveit2' in the environment variable AMENT_PREFIX_PATH doesn't exist
[0.812s] WARNING:colcon.colcon_ros.prefix_path.ament:The path '/home/kshitij/colcon_ws/install/gazebo_ros2_control' in the environment variable AMENT_PREFIX_PATH doesn't exist
[0.812s] WARNING:colcon.colcon_ros.prefix_path.ament:The path '/home/kshitij/colcon_ws/install/eyantra_warehouse' in the environment variable AMENT_PREFIX_PATH doesn't exist
[0.812s] WARNING:colcon.colcon_ros.prefix_path.ament:The path '/home/kshitij/colcon_ws/install/ebot_nav2' in the environment variable AMENT_PREFIX_PATH doesn't exist
[0.812s] WARNING:colcon.colcon_ros.prefix_path.ament:The path '/home/kshitij/colcon_ws/install/ebot_description' in the environment variable AMENT_PREFIX_PATH doesn't exist
[0.812s] WARNING:colcon.colcon_ros.prefix_path.ament:The path '/home/kshitij/colcon_ws/install/aws_robomaker_small_warehouse_world' in the environment variable AMENT_PREFIX_PATH doesn't exist
[0.812s] WARNING:colcon.colcon_ros.prefix_path.catkin:The path '/home/kshitij/colcon_ws/install/ur5_moveit' in the environment variable CMAKE_PREFIX_PATH doesn't exist
[0.812s] WARNING:colcon.colcon_ros.prefix_path.catkin:The path '/home/kshitij/colcon_ws/install/ur_description' in the environment variable CMAKE_PREFIX_PATH doesn't exist
[0.812s] WARNING:colcon.colcon_ros.prefix_path.catkin:The path '/home/kshitij/colcon_ws/install/realsense_gazebo_plugin' in the environment variable CMAKE_PREFIX_PATH doesn't exist
[0.812s] WARNING:colcon.colcon_ros.prefix_path.catkin:The path '/home/kshitij/colcon_ws/install/pymoveit2' in the environment variable CMAKE_PREFIX_PATH doesn't exist
[0.812s] WARNING:colcon.colcon_ros.prefix_path.catkin:The path '/home/kshitij/colcon_ws/install/gazebo_ros2_control' in the environment variable CMAKE_PREFIX_PATH doesn't exist
[0.812s] WARNING:colcon.colcon_ros.prefix_path.catkin:The path '/home/kshitij/colcon_ws/install/eyantra_warehouse' in the environment variable CMAKE_PREFIX_PATH doesn't exist
[0.812s] WARNING:colcon.colcon_ros.prefix_path.catkin:The path '/home/kshitij/colcon_ws/install/ebot_nav2' in the environment variable CMAKE_PREFIX_PATH doesn't exist
[0.812s] WARNING:colcon.colcon_ros.prefix_path.catkin:The path '/home/kshitij/colcon_ws/install/ebot_description' in the environment variable CMAKE_PREFIX_PATH doesn't exist
[0.812s] WARNING:colcon.colcon_ros.prefix_path.catkin:The path '/home/kshitij/colcon_ws/install/aws_robomaker_small_warehouse_world' in the environment variable CMAKE_PREFIX_PATH doesn't exist
[0.823s] DEBUG:colcon.colcon_installed_package_information.package_discovery:Found 0 installed packages in /home/kshitij/colcon_ws/install
[0.834s] DEBUG:colcon.colcon_installed_package_information.package_discovery:Found 382 installed packages in /opt/ros/humble
[0.835s] Level 1:colcon.colcon_core.package_discovery:discover_packages(prefix_path) using defaults
[0.908s] Level 5:colcon.colcon_core.verb:set package 'aws_robomaker_small_warehouse_world' build argument 'cmake_args' from command line to 'None'
[0.908s] Level 5:colcon.colcon_core.verb:set package 'aws_robomaker_small_warehouse_world' build argument 'cmake_target' from command line to 'None'
[0.908s] Level 5:colcon.colcon_core.verb:set package 'aws_robomaker_small_warehouse_world' build argument 'cmake_target_skip_unavailable' from command line to 'False'
[0.908s] Level 5:colcon.colcon_core.verb:set package 'aws_robomaker_small_warehouse_world' build argument 'cmake_clean_cache' from command line to 'False'
[0.908s] Level 5:colcon.colcon_core.verb:set package 'aws_robomaker_small_warehouse_world' build argument 'cmake_clean_first' from command line to 'False'
[0.908s] Level 5:colcon.colcon_core.verb:set package 'aws_robomaker_small_warehouse_world' build argument 'cmake_force_configure' from command line to 'False'
[0.908s] Level 5:colcon.colcon_core.verb:set package 'aws_robomaker_small_warehouse_world' build argument 'ament_cmake_args' from command line to 'None'
[0.908s] Level 5:colcon.colcon_core.verb:set package 'aws_robomaker_small_warehouse_world' build argument 'catkin_cmake_args' from command line to 'None'
[0.908s] Level 5:colcon.colcon_core.verb:set package 'aws_robomaker_small_warehouse_world' build argument 'catkin_skip_building_tests' from command line to 'False'
[0.908s] DEBUG:colcon.colcon_core.verb:Building package 'aws_robomaker_small_warehouse_world' with the following arguments: {'ament_cmake_args': None, 'build_base': '/home/kshitij/colcon_ws/build/aws_robomaker_small_warehouse_world', 'catkin_cmake_args': None, 'catkin_skip_building_tests': False, 'cmake_args': None, 'cmake_clean_cache': False, 'cmake_clean_first': False, 'cmake_force_configure': False, 'cmake_target': None, 'cmake_target_skip_unavailable': False, 'install_base': '/home/kshitij/colcon_ws/install/aws_robomaker_small_warehouse_world', 'merge_install': False, 'path': '/home/kshitij/colcon_ws/src/aws-robomaker-small-warehouse-world', 'symlink_install': False, 'test_result_base': None}
[0.918s] Level 5:colcon.colcon_core.verb:set package 'ebot_description' build argument 'cmake_args' from command line to 'None'
[0.918s] Level 5:colcon.colcon_core.verb:set package 'ebot_description' build argument 'cmake_target' from command line to 'None'
[0.918s] Level 5:colcon.colcon_core.verb:set package 'ebot_description' build argument 'cmake_target_skip_unavailable' from command line to 'False'
[0.919s] Level 5:colcon.colcon_core.verb:set package 'ebot_description' build argument 'cmake_clean_cache' from command line to 'False'
[0.919s] Level 5:colcon.colcon_core.verb:set package 'ebot_description' build argument 'cmake_clean_first' from command line to 'False'
[0.919s] Level 5:colcon.colcon_core.verb:set package 'ebot_description' build argument 'cmake_force_configure' from command line to 'False'
[0.919s] Level 5:colcon.colcon_core.verb:set package 'ebot_description' build argument 'ament_cmake_args' from command line to 'None'
[0.919s] Level 5:colcon.colcon_core.verb:set package 'ebot_description' build argument 'catkin_cmake_args' from command line to 'None'
[0.919s] Level 5:colcon.colcon_core.verb:set package 'ebot_description' build argument 'catkin_skip_building_tests' from command line to 'False'
[0.919s] DEBUG:colcon.colcon_core.verb:Building package 'ebot_description' with the following arguments: {'ament_cmake_args': None, 'build_base': '/home/kshitij/colcon_ws/build/ebot_description', 'catkin_cmake_args': None, 'catkin_skip_building_tests': False, 'cmake_args': None, 'cmake_clean_cache': False, 'cmake_clean_first': False, 'cmake_force_configure': False, 'cmake_target': None, 'cmake_target_skip_unavailable': False, 'install_base': '/home/kshitij/colcon_ws/install/ebot_description', 'merge_install': False, 'path': '/home/kshitij/colcon_ws/src/ebot_description', 'symlink_install': False, 'test_result_base': None}
[0.929s] Level 5:colcon.colcon_core.verb:set package 'eyantra_warehouse' build argument 'cmake_args' from command line to 'None'
[0.929s] Level 5:colcon.colcon_core.verb:set package 'eyantra_warehouse' build argument 'cmake_target' from command line to 'None'
[0.929s] Level 5:colcon.colcon_core.verb:set package 'eyantra_warehouse' build argument 'cmake_target_skip_unavailable' from command line to 'False'
[0.929s] Level 5:colcon.colcon_core.verb:set package 'eyantra_warehouse' build argument 'cmake_clean_cache' from command line to 'False'
[0.929s] Level 5:colcon.colcon_core.verb:set package 'eyantra_warehouse' build argument 'cmake_clean_first' from command line to 'False'
[0.929s] Level 5:colcon.colcon_core.verb:set package 'eyantra_warehouse' build argument 'cmake_force_configure' from command line to 'False'
[0.929s] Level 5:colcon.colcon_core.verb:set package 'eyantra_warehouse' build argument 'ament_cmake_args' from command line to 'None'
[0.929s] Level 5:colcon.colcon_core.verb:set package 'eyantra_warehouse' build argument 'catkin_cmake_args' from command line to 'None'
[0.929s] Level 5:colcon.colcon_core.verb:set package 'eyantra_warehouse' build argument 'catkin_skip_building_tests' from command line to 'False'
[0.929s] DEBUG:colcon.colcon_core.verb:Building package 'eyantra_warehouse' with the following arguments: {'ament_cmake_args': None, 'build_base': '/home/kshitij/colcon_ws/build/eyantra_warehouse', 'catkin_cmake_args': None, 'catkin_skip_building_tests': False, 'cmake_args': None, 'cmake_clean_cache': False, 'cmake_clean_first': False, 'cmake_force_configure': False, 'cmake_target': None, 'cmake_target_skip_unavailable': False, 'install_base': '/home/kshitij/colcon_ws/install/eyantra_warehouse', 'merge_install': False, 'path': '/home/kshitij/colcon_ws/src/eyantra_warehouse', 'symlink_install': False, 'test_result_base': None}
[0.939s] INFO:colcon.colcon_core.executor:Executing jobs using 'parallel' executor
[0.949s] DEBUG:colcon.colcon_parallel_executor.executor.parallel:run_until_complete
[0.949s] INFO:colcon.colcon_ros.task.ament_cmake.build:Building ROS package in '/home/kshitij/colcon_ws/src/aws-robomaker-small-warehouse-world' with build type 'ament_cmake'
[0.949s] INFO:colcon.colcon_cmake.task.cmake.build:Building CMake package in '/home/kshitij/colcon_ws/src/aws-robomaker-small-warehouse-world'
[0.961s] INFO:colcon.colcon_core.plugin_system:Skipping extension 'colcon_core.shell.bat': Not used on non-Windows systems
[0.961s] INFO:colcon.colcon_core.shell:Skip shell extension 'powershell' for command environment: Not usable outside of PowerShell
[0.961s] DEBUG:colcon.colcon_core.shell:Skip shell extension 'dsv' for command environment
[0.993s] INFO:colcon.colcon_ros.task.ament_cmake.build:Building ROS package in '/home/kshitij/colcon_ws/src/ebot_description' with build type 'ament_cmake'
[0.993s] INFO:colcon.colcon_cmake.task.cmake.build:Building CMake package in '/home/kshitij/colcon_ws/src/ebot_description'
[1.013s] INFO:colcon.colcon_core.shell:Skip shell extension 'powershell' for command environment: Not usable outside of PowerShell
[1.013s] DEBUG:colcon.colcon_core.shell:Skip shell extension 'dsv' for command environment
[1.046s] INFO:colcon.colcon_ros.task.ament_cmake.build:Building ROS package in '/home/kshitij/colcon_ws/src/eyantra_warehouse' with build type 'ament_cmake'
[1.046s] INFO:colcon.colcon_cmake.task.cmake.build:Building CMake package in '/home/kshitij/colcon_ws/src/eyantra_warehouse'
[1.057s] INFO:colcon.colcon_core.shell:Skip shell extension 'powershell' for command environment: Not usable outside of PowerShell
[1.057s] DEBUG:colcon.colcon_core.shell:Skip shell extension 'dsv' for command environment
[1.093s] DEBUG:colcon.colcon_core.event_handler.log_command:Invoking command in '/home/kshitij/colcon_ws/build/aws_robomaker_small_warehouse_world': CMAKE_PREFIX_PATH=${CMAKE_PREFIX_PATH}:/opt/ros/humble /usr/bin/cmake /home/kshitij/colcon_ws/src/aws-robomaker-small-warehouse-world -DCMAKE_INSTALL_PREFIX=/home/kshitij/colcon_ws/install/aws_robomaker_small_warehouse_world
[1.096s] DEBUG:colcon.colcon_core.event_handler.log_command:Invoking command in '/home/kshitij/colcon_ws/build/ebot_description': CMAKE_PREFIX_PATH=${CMAKE_PREFIX_PATH}:/opt/ros/humble /usr/bin/cmake /home/kshitij/colcon_ws/src/ebot_description -DCMAKE_INSTALL_PREFIX=/home/kshitij/colcon_ws/install/ebot_description
[1.097s] DEBUG:colcon.colcon_core.event_handler.log_command:Invoking command in '/home/kshitij/colcon_ws/build/eyantra_warehouse': CMAKE_PREFIX_PATH=${CMAKE_PREFIX_PATH}:/opt/ros/humble /usr/bin/cmake /home/kshitij/colcon_ws/src/eyantra_warehouse -DCMAKE_INSTALL_PREFIX=/home/kshitij/colcon_ws/install/eyantra_warehouse
[1.650s] DEBUG:colcon.colcon_core.event_handler.log_command:Invoked command in '/home/kshitij/colcon_ws/build/eyantra_warehouse' returned '0': CMAKE_PREFIX_PATH=${CMAKE_PREFIX_PATH}:/opt/ros/humble /usr/bin/cmake /home/kshitij/colcon_ws/src/eyantra_warehouse -DCMAKE_INSTALL_PREFIX=/home/kshitij/colcon_ws/install/eyantra_warehouse
[1.651s] DEBUG:colcon.colcon_core.event_handler.log_command:Invoking command in '/home/kshitij/colcon_ws/build/eyantra_warehouse': CMAKE_PREFIX_PATH=${CMAKE_PREFIX_PATH}:/opt/ros/humble /usr/bin/cmake --build /home/kshitij/colcon_ws/build/eyantra_warehouse -- -j16 -l16
[1.688s] DEBUG:colcon.colcon_core.event_handler.log_command:Invoked command in '/home/kshitij/colcon_ws/build/eyantra_warehouse' returned '0': CMAKE_PREFIX_PATH=${CMAKE_PREFIX_PATH}:/opt/ros/humble /usr/bin/cmake --build /home/kshitij/colcon_ws/build/eyantra_warehouse -- -j16 -l16
[1.720s] DEBUG:colcon.colcon_core.event_handler.log_command:Invoking command in '/home/kshitij/colcon_ws/build/eyantra_warehouse': CMAKE_PREFIX_PATH=${CMAKE_PREFIX_PATH}:/opt/ros/humble /usr/bin/cmake --install /home/kshitij/colcon_ws/build/eyantra_warehouse
[1.734s] Level 1:colcon.colcon_core.environment:create_environment_scripts_only(eyantra_warehouse)
[1.734s] DEBUG:colcon.colcon_core.event_handler.log_command:Invoked command in '/home/kshitij/colcon_ws/build/eyantra_warehouse' returned '0': CMAKE_PREFIX_PATH=${CMAKE_PREFIX_PATH}:/opt/ros/humble /usr/bin/cmake --install /home/kshitij/colcon_ws/build/eyantra_warehouse
[1.747s] Level 1:colcon.colcon_core.environment:checking '/home/kshitij/colcon_ws/install/eyantra_warehouse' for CMake module files
[1.748s] Level 1:colcon.colcon_core.environment:checking '/home/kshitij/colcon_ws/install/eyantra_warehouse' for CMake config files
[1.748s] Level 1:colcon.colcon_core.shell:create_environment_hook('eyantra_warehouse', 'cmake_prefix_path')
[1.760s] INFO:colcon.colcon_core.shell:Creating environment hook '/home/kshitij/colcon_ws/install/eyantra_warehouse/share/eyantra_warehouse/hook/cmake_prefix_path.ps1'
[1.760s] INFO:colcon.colcon_core.shell:Creating environment descriptor '/home/kshitij/colcon_ws/install/eyantra_warehouse/share/eyantra_warehouse/hook/cmake_prefix_path.dsv'
[1.760s] INFO:colcon.colcon_core.shell:Creating environment hook '/home/kshitij/colcon_ws/install/eyantra_warehouse/share/eyantra_warehouse/hook/cmake_prefix_path.sh'
[1.761s] Level 1:colcon.colcon_core.environment:checking '/home/kshitij/colcon_ws/install/eyantra_warehouse/bin'
[1.761s] Level 1:colcon.colcon_core.environment:checking '/home/kshitij/colcon_ws/install/eyantra_warehouse/lib/pkgconfig/eyantra_warehouse.pc'
[1.761s] Level 1:colcon.colcon_core.environment:checking '/home/kshitij/colcon_ws/install/eyantra_warehouse/lib/python3.10/site-packages'
[1.761s] Level 1:colcon.colcon_core.environment:checking '/home/kshitij/colcon_ws/install/eyantra_warehouse/bin'
[1.773s] INFO:colcon.colcon_core.shell:Creating package script '/home/kshitij/colcon_ws/install/eyantra_warehouse/share/eyantra_warehouse/package.ps1'
[1.773s] INFO:colcon.colcon_core.shell:Creating package descriptor '/home/kshitij/colcon_ws/install/eyantra_warehouse/share/eyantra_warehouse/package.dsv'
[1.774s] INFO:colcon.colcon_core.shell:Creating package script '/home/kshitij/colcon_ws/install/eyantra_warehouse/share/eyantra_warehouse/package.sh'
[1.774s] INFO:colcon.colcon_core.shell:Creating package script '/home/kshitij/colcon_ws/install/eyantra_warehouse/share/eyantra_warehouse/package.bash'
[1.775s] INFO:colcon.colcon_core.shell:Creating package script '/home/kshitij/colcon_ws/install/eyantra_warehouse/share/eyantra_warehouse/package.zsh'
[1.775s] Level 1:colcon.colcon_core.environment:create_file_with_runtime_dependencies(/home/kshitij/colcon_ws/install/eyantra_warehouse/share/colcon-core/packages/eyantra_warehouse)
[1.808s] Level 1:colcon.colcon_core.environment:create_environment_scripts_only(eyantra_warehouse)
[1.818s] Level 1:colcon.colcon_core.environment:checking '/home/kshitij/colcon_ws/install/eyantra_warehouse' for CMake module files
[1.819s] Level 1:colcon.colcon_core.environment:checking '/home/kshitij/colcon_ws/install/eyantra_warehouse' for CMake config files
[1.819s] Level 1:colcon.colcon_core.shell:create_environment_hook('eyantra_warehouse', 'cmake_prefix_path')
[1.830s] INFO:colcon.colcon_core.shell:Creating environment hook '/home/kshitij/colcon_ws/install/eyantra_warehouse/share/eyantra_warehouse/hook/cmake_prefix_path.ps1'
[1.831s] INFO:colcon.colcon_core.shell:Creating environment descriptor '/home/kshitij/colcon_ws/install/eyantra_warehouse/share/eyantra_warehouse/hook/cmake_prefix_path.dsv'
[1.831s] INFO:colcon.colcon_core.shell:Creating environment hook '/home/kshitij/colcon_ws/install/eyantra_warehouse/share/eyantra_warehouse/hook/cmake_prefix_path.sh'
[1.831s] Level 1:colcon.colcon_core.environment:checking '/home/kshitij/colcon_ws/install/eyantra_warehouse/bin'
[1.831s] Level 1:colcon.colcon_core.environment:checking '/home/kshitij/colcon_ws/install/eyantra_warehouse/lib/pkgconfig/eyantra_warehouse.pc'
[1.832s] Level 1:colcon.colcon_core.environment:checking '/home/kshitij/colcon_ws/install/eyantra_warehouse/lib/python3.10/site-packages'
[1.832s] Level 1:colcon.colcon_core.environment:checking '/home/kshitij/colcon_ws/install/eyantra_warehouse/bin'
[1.843s] INFO:colcon.colcon_core.shell:Creating package script '/home/kshitij/colcon_ws/install/eyantra_warehouse/share/eyantra_warehouse/package.ps1'
[1.843s] INFO:colcon.colcon_core.shell:Creating package descriptor '/home/kshitij/colcon_ws/install/eyantra_warehouse/share/eyantra_warehouse/package.dsv'
[1.844s] INFO:colcon.colcon_core.shell:Creating package script '/home/kshitij/colcon_ws/install/eyantra_warehouse/share/eyantra_warehouse/package.sh'
[1.844s] INFO:colcon.colcon_core.shell:Creating package script '/home/kshitij/colcon_ws/install/eyantra_warehouse/share/eyantra_warehouse/package.bash'
[1.844s] INFO:colcon.colcon_core.shell:Creating package script '/home/kshitij/colcon_ws/install/eyantra_warehouse/share/eyantra_warehouse/package.zsh'
[1.845s] Level 1:colcon.colcon_core.environment:create_file_with_runtime_dependencies(/home/kshitij/colcon_ws/install/eyantra_warehouse/share/colcon-core/packages/eyantra_warehouse)
[2.257s] DEBUG:colcon.colcon_core.event_handler.log_command:Invoked command in '/home/kshitij/colcon_ws/build/ebot_description' returned '0': CMAKE_PREFIX_PATH=${CMAKE_PREFIX_PATH}:/opt/ros/humble /usr/bin/cmake /home/kshitij/colcon_ws/src/ebot_description -DCMAKE_INSTALL_PREFIX=/home/kshitij/colcon_ws/install/ebot_description
[2.259s] DEBUG:colcon.colcon_core.event_handler.log_command:Invoking command in '/home/kshitij/colcon_ws/build/ebot_description': CMAKE_PREFIX_PATH=${CMAKE_PREFIX_PATH}:/opt/ros/humble /usr/bin/cmake --build /home/kshitij/colcon_ws/build/ebot_description -- -j16 -l16
[2.297s] DEBUG:colcon.colcon_core.event_handler.log_command:Invoked command in '/home/kshitij/colcon_ws/build/ebot_description' returned '0': CMAKE_PREFIX_PATH=${CMAKE_PREFIX_PATH}:/opt/ros/humble /usr/bin/cmake --build /home/kshitij/colcon_ws/build/ebot_description -- -j16 -l16
[2.320s] DEBUG:colcon.colcon_core.event_handler.log_command:Invoking command in '/home/kshitij/colcon_ws/build/ebot_description': CMAKE_PREFIX_PATH=${CMAKE_PREFIX_PATH}:/opt/ros/humble /usr/bin/cmake --install /home/kshitij/colcon_ws/build/ebot_description
[2.332s] Level 1:colcon.colcon_core.environment:create_environment_scripts_only(ebot_description)
[2.333s] DEBUG:colcon.colcon_core.event_handler.log_command:Invoked command in '/home/kshitij/colcon_ws/build/ebot_description' returned '0': CMAKE_PREFIX_PATH=${CMAKE_PREFIX_PATH}:/opt/ros/humble /usr/bin/cmake --install /home/kshitij/colcon_ws/build/ebot_description
[2.343s] Level 1:colcon.colcon_core.environment:checking '/home/kshitij/colcon_ws/install/ebot_description' for CMake module files
[2.344s] Level 1:colcon.colcon_core.environment:checking '/home/kshitij/colcon_ws/install/ebot_description' for CMake config files
[2.344s] Level 1:colcon.colcon_core.shell:create_environment_hook('ebot_description', 'cmake_prefix_path')
[2.355s] INFO:colcon.colcon_core.shell:Creating environment hook '/home/kshitij/colcon_ws/install/ebot_description/share/ebot_description/hook/cmake_prefix_path.ps1'
[2.355s] INFO:colcon.colcon_core.shell:Creating environment descriptor '/home/kshitij/colcon_ws/install/ebot_description/share/ebot_description/hook/cmake_prefix_path.dsv'
[2.355s] INFO:colcon.colcon_core.shell:Creating environment hook '/home/kshitij/colcon_ws/install/ebot_description/share/ebot_description/hook/cmake_prefix_path.sh'
[2.356s] Level 1:colcon.colcon_core.environment:checking '/home/kshitij/colcon_ws/install/ebot_description/bin'
[2.356s] Level 1:colcon.colcon_core.environment:checking '/home/kshitij/colcon_ws/install/ebot_description/lib/pkgconfig/ebot_description.pc'
[2.356s] Level 1:colcon.colcon_core.environment:checking '/home/kshitij/colcon_ws/install/ebot_description/lib/python3.10/site-packages'
[2.356s] Level 1:colcon.colcon_core.environment:checking '/home/kshitij/colcon_ws/install/ebot_description/bin'
[2.367s] INFO:colcon.colcon_core.shell:Creating package script '/home/kshitij/colcon_ws/install/ebot_description/share/ebot_description/package.ps1'
[2.367s] INFO:colcon.colcon_core.shell:Creating package descriptor '/home/kshitij/colcon_ws/install/ebot_description/share/ebot_description/package.dsv'
[2.367s] INFO:colcon.colcon_core.shell:Creating package script '/home/kshitij/colcon_ws/install/ebot_description/share/ebot_description/package.sh'
[2.368s] INFO:colcon.colcon_core.shell:Creating package script '/home/kshitij/colcon_ws/install/ebot_description/share/ebot_description/package.bash'
[2.368s] INFO:colcon.colcon_core.shell:Creating package script '/home/kshitij/colcon_ws/install/ebot_description/share/ebot_description/package.zsh'
[2.368s] Level 1:colcon.colcon_core.environment:create_file_with_runtime_dependencies(/home/kshitij/colcon_ws/install/ebot_description/share/colcon-core/packages/ebot_description)
[2.402s] Level 1:colcon.colcon_core.environment:create_environment_scripts_only(ebot_description)
[2.412s] Level 1:colcon.colcon_core.environment:checking '/home/kshitij/colcon_ws/install/ebot_description' for CMake module files
[2.413s] Level 1:colcon.colcon_core.environment:checking '/home/kshitij/colcon_ws/install/ebot_description' for CMake config files
[2.413s] Level 1:colcon.colcon_core.shell:create_environment_hook('ebot_description', 'cmake_prefix_path')
[2.423s] INFO:colcon.colcon_core.shell:Creating environment hook '/home/kshitij/colcon_ws/install/ebot_description/share/ebot_description/hook/cmake_prefix_path.ps1'
[2.423s] INFO:colcon.colcon_core.shell:Creating environment descriptor '/home/kshitij/colcon_ws/install/ebot_description/share/ebot_description/hook/cmake_prefix_path.dsv'
[2.424s] INFO:colcon.colcon_core.shell:Creating environment hook '/home/kshitij/colcon_ws/install/ebot_description/share/ebot_description/hook/cmake_prefix_path.sh'
[2.424s] Level 1:colcon.colcon_core.environment:checking '/home/kshitij/colcon_ws/install/ebot_description/bin'
[2.424s] Level 1:colcon.colcon_core.environment:checking '/home/kshitij/colcon_ws/install/ebot_description/lib/pkgconfig/ebot_description.pc'
[2.424s] Level 1:colcon.colcon_core.environment:checking '/home/kshitij/colcon_ws/install/ebot_description/lib/python3.10/site-packages'
[2.424s] Level 1:colcon.colcon_core.environment:checking '/home/kshitij/colcon_ws/install/ebot_description/bin'
[2.435s] INFO:colcon.colcon_core.shell:Creating package script '/home/kshitij/colcon_ws/install/ebot_description/share/ebot_description/package.ps1'
[2.435s] INFO:colcon.colcon_core.shell:Creating package descriptor '/home/kshitij/colcon_ws/install/ebot_description/share/ebot_description/package.dsv'
[2.436s] INFO:colcon.colcon_core.shell:Creating package script '/home/kshitij/colcon_ws/install/ebot_description/share/ebot_description/package.sh'
[2.436s] INFO:colcon.colcon_core.shell:Creating package script '/home/kshitij/colcon_ws/install/ebot_description/share/ebot_description/package.bash'
[2.436s] INFO:colcon.colcon_core.shell:Creating package script '/home/kshitij/colcon_ws/install/ebot_description/share/ebot_description/package.zsh'
[2.436s] Level 1:colcon.colcon_core.environment:create_file_with_runtime_dependencies(/home/kshitij/colcon_ws/install/ebot_description/share/colcon-core/packages/ebot_description)
[3.085s] DEBUG:colcon.colcon_core.event_handler.log_command:Invoked command in '/home/kshitij/colcon_ws/build/aws_robomaker_small_warehouse_world' returned '0': CMAKE_PREFIX_PATH=${CMAKE_PREFIX_PATH}:/opt/ros/humble /usr/bin/cmake /home/kshitij/colcon_ws/src/aws-robomaker-small-warehouse-world -DCMAKE_INSTALL_PREFIX=/home/kshitij/colcon_ws/install/aws_robomaker_small_warehouse_world
[3.086s] DEBUG:colcon.colcon_core.event_handler.log_command:Invoking command in '/home/kshitij/colcon_ws/build/aws_robomaker_small_warehouse_world': CMAKE_PREFIX_PATH=${CMAKE_PREFIX_PATH}:/opt/ros/humble /usr/bin/cmake --build /home/kshitij/colcon_ws/build/aws_robomaker_small_warehouse_world -- -j16 -l16
[3.125s] DEBUG:colcon.colcon_core.event_handler.log_command:Invoked command in '/home/kshitij/colcon_ws/build/aws_robomaker_small_warehouse_world' returned '0': CMAKE_PREFIX_PATH=${CMAKE_PREFIX_PATH}:/opt/ros/humble /usr/bin/cmake --build /home/kshitij/colcon_ws/build/aws_robomaker_small_warehouse_world -- -j16 -l16
[3.149s] DEBUG:colcon.colcon_core.event_handler.log_command:Invoking command in '/home/kshitij/colcon_ws/build/aws_robomaker_small_warehouse_world': CMAKE_PREFIX_PATH=${CMAKE_PREFIX_PATH}:/opt/ros/humble /usr/bin/cmake --install /home/kshitij/colcon_ws/build/aws_robomaker_small_warehouse_world
[3.173s] Level 1:colcon.colcon_core.environment:create_environment_scripts_only(aws_robomaker_small_warehouse_world)
[3.173s] DEBUG:colcon.colcon_core.event_handler.log_command:Invoked command in '/home/kshitij/colcon_ws/build/aws_robomaker_small_warehouse_world' returned '0': CMAKE_PREFIX_PATH=${CMAKE_PREFIX_PATH}:/opt/ros/humble /usr/bin/cmake --install /home/kshitij/colcon_ws/build/aws_robomaker_small_warehouse_world
[3.184s] Level 1:colcon.colcon_core.environment:checking '/home/kshitij/colcon_ws/install/aws_robomaker_small_warehouse_world' for CMake module files
[3.185s] Level 1:colcon.colcon_core.environment:checking '/home/kshitij/colcon_ws/install/aws_robomaker_small_warehouse_world' for CMake config files
[3.186s] Level 1:colcon.colcon_core.shell:create_environment_hook('aws_robomaker_small_warehouse_world', 'cmake_prefix_path')
[3.196s] INFO:colcon.colcon_core.shell:Creating environment hook '/home/kshitij/colcon_ws/install/aws_robomaker_small_warehouse_world/share/aws_robomaker_small_warehouse_world/hook/cmake_prefix_path.ps1'
[3.196s] INFO:colcon.colcon_core.shell:Creating environment descriptor '/home/kshitij/colcon_ws/install/aws_robomaker_small_warehouse_world/share/aws_robomaker_small_warehouse_world/hook/cmake_prefix_path.dsv'
[3.197s] INFO:colcon.colcon_core.shell:Creating environment hook '/home/kshitij/colcon_ws/install/aws_robomaker_small_warehouse_world/share/aws_robomaker_small_warehouse_world/hook/cmake_prefix_path.sh'
[3.197s] Level 1:colcon.colcon_core.environment:checking '/home/kshitij/colcon_ws/install/aws_robomaker_small_warehouse_world/bin'
[3.197s] Level 1:colcon.colcon_core.environment:checking '/home/kshitij/colcon_ws/install/aws_robomaker_small_warehouse_world/lib/pkgconfig/aws_robomaker_small_warehouse_world.pc'
[3.197s] Level 1:colcon.colcon_core.environment:checking '/home/kshitij/colcon_ws/install/aws_robomaker_small_warehouse_world/lib/python3.10/site-packages'
[3.197s] Level 1:colcon.colcon_core.environment:checking '/home/kshitij/colcon_ws/install/aws_robomaker_small_warehouse_world/bin'
[3.207s] INFO:colcon.colcon_core.shell:Creating package script '/home/kshitij/colcon_ws/install/aws_robomaker_small_warehouse_world/share/aws_robomaker_small_warehouse_world/package.ps1'
[3.208s] INFO:colcon.colcon_core.shell:Creating package descriptor '/home/kshitij/colcon_ws/install/aws_robomaker_small_warehouse_world/share/aws_robomaker_small_warehouse_world/package.dsv'
[3.208s] INFO:colcon.colcon_core.shell:Creating package script '/home/kshitij/colcon_ws/install/aws_robomaker_small_warehouse_world/share/aws_robomaker_small_warehouse_world/package.sh'
[3.208s] INFO:colcon.colcon_core.shell:Creating package script '/home/kshitij/colcon_ws/install/aws_robomaker_small_warehouse_world/share/aws_robomaker_small_warehouse_world/package.bash'
[3.208s] INFO:colcon.colcon_core.shell:Creating package script '/home/kshitij/colcon_ws/install/aws_robomaker_small_warehouse_world/share/aws_robomaker_small_warehouse_world/package.zsh'
[3.209s] Level 1:colcon.colcon_core.environment:create_file_with_runtime_dependencies(/home/kshitij/colcon_ws/install/aws_robomaker_small_warehouse_world/share/colcon-core/packages/aws_robomaker_small_warehouse_world)
[3.243s] Level 1:colcon.colcon_core.environment:create_environment_scripts_only(aws_robomaker_small_warehouse_world)
[3.254s] Level 1:colcon.colcon_core.environment:checking '/home/kshitij/colcon_ws/install/aws_robomaker_small_warehouse_world' for CMake module files
[3.254s] Level 1:colcon.colcon_core.environment:checking '/home/kshitij/colcon_ws/install/aws_robomaker_small_warehouse_world' for CMake config files
[3.255s] Level 1:colcon.colcon_core.shell:create_environment_hook('aws_robomaker_small_warehouse_world', 'cmake_prefix_path')
[3.266s] INFO:colcon.colcon_core.shell:Creating environment hook '/home/kshitij/colcon_ws/install/aws_robomaker_small_warehouse_world/share/aws_robomaker_small_warehouse_world/hook/cmake_prefix_path.ps1'
[3.266s] INFO:colcon.colcon_core.shell:Creating environment descriptor '/home/kshitij/colcon_ws/install/aws_robomaker_small_warehouse_world/share/aws_robomaker_small_warehouse_world/hook/cmake_prefix_path.dsv'
[3.266s] INFO:colcon.colcon_core.shell:Creating environment hook '/home/kshitij/colcon_ws/install/aws_robomaker_small_warehouse_world/share/aws_robomaker_small_warehouse_world/hook/cmake_prefix_path.sh'
[3.266s] Level 1:colcon.colcon_core.environment:checking '/home/kshitij/colcon_ws/install/aws_robomaker_small_warehouse_world/bin'
[3.266s] Level 1:colcon.colcon_core.environment:checking '/home/kshitij/colcon_ws/install/aws_robomaker_small_warehouse_world/lib/pkgconfig/aws_robomaker_small_warehouse_world.pc'
[3.267s] Level 1:colcon.colcon_core.environment:checking '/home/kshitij/colcon_ws/install/aws_robomaker_small_warehouse_world/lib/python3.10/site-packages'
[3.267s] Level 1:colcon.colcon_core.environment:checking '/home/kshitij/colcon_ws/install/aws_robomaker_small_warehouse_world/bin'
[3.277s] INFO:colcon.colcon_core.shell:Creating package script '/home/kshitij/colcon_ws/install/aws_robomaker_small_warehouse_world/share/aws_robomaker_small_warehouse_world/package.ps1'
[3.277s] INFO:colcon.colcon_core.shell:Creating package descriptor '/home/kshitij/colcon_ws/install/aws_robomaker_small_warehouse_world/share/aws_robomaker_small_warehouse_world/package.dsv'
[3.277s] INFO:colcon.colcon_core.shell:Creating package script '/home/kshitij/colcon_ws/install/aws_robomaker_small_warehouse_world/share/aws_robomaker_small_warehouse_world/package.sh'
[3.278s] INFO:colcon.colcon_core.shell:Creating package script '/home/kshitij/colcon_ws/install/aws_robomaker_small_warehouse_world/share/aws_robomaker_small_warehouse_world/package.bash'
[3.278s] INFO:colcon.colcon_core.shell:Creating package script '/home/kshitij/colcon_ws/install/aws_robomaker_small_warehouse_world/share/aws_robomaker_small_warehouse_world/package.zsh'
[3.278s] Level 1:colcon.colcon_core.environment:create_file_with_runtime_dependencies(/home/kshitij/colcon_ws/install/aws_robomaker_small_warehouse_world/share/colcon-core/packages/aws_robomaker_small_warehouse_world)
[3.278s] DEBUG:colcon.colcon_parallel_executor.executor.parallel:closing loop
[3.279s] DEBUG:colcon.colcon_parallel_executor.executor.parallel:loop closed
[3.279s] DEBUG:colcon.colcon_parallel_executor.executor.parallel:run_until_complete finished with '0'
[3.279s] DEBUG:colcon.colcon_core.event_reactor:joining thread
[3.294s] INFO:colcon.colcon_core.plugin_system:Skipping extension 'colcon_notification.desktop_notification.notify_send': Could not find 'notify-send'
[3.294s] INFO:colcon.colcon_core.plugin_system:Skipping extension 'colcon_notification.desktop_notification.terminal_notifier': Not used on non-Darwin systems
[3.294s] INFO:colcon.colcon_core.plugin_system:Skipping extension 'colcon_notification.desktop_notification.win32': Not used on non-Windows systems
[3.294s] INFO:colcon.colcon_notification.desktop_notification:Sending desktop notification using 'notify2'
[3.302s] DEBUG:colcon.colcon_core.event_reactor:joined thread
[3.313s] INFO:colcon.colcon_core.shell:Creating prefix script '/home/kshitij/colcon_ws/install/local_setup.ps1'
[3.314s] INFO:colcon.colcon_core.shell:Creating prefix util module '/home/kshitij/colcon_ws/install/_local_setup_util_ps1.py'
[3.315s] INFO:colcon.colcon_core.shell:Creating prefix chain script '/home/kshitij/colcon_ws/install/setup.ps1'
[3.326s] INFO:colcon.colcon_core.shell:Creating prefix script '/home/kshitij/colcon_ws/install/local_setup.sh'
[3.326s] INFO:colcon.colcon_core.shell:Creating prefix util module '/home/kshitij/colcon_ws/install/_local_setup_util_sh.py'
[3.327s] INFO:colcon.colcon_core.shell:Creating prefix chain script '/home/kshitij/colcon_ws/install/setup.sh'
[3.338s] INFO:colcon.colcon_core.shell:Creating prefix script '/home/kshitij/colcon_ws/install/local_setup.bash'
[3.338s] INFO:colcon.colcon_core.shell:Creating prefix chain script '/home/kshitij/colcon_ws/install/setup.bash'
[3.349s] INFO:colcon.colcon_core.shell:Creating prefix script '/home/kshitij/colcon_ws/install/local_setup.zsh'
[3.349s] INFO:colcon.colcon_core.shell:Creating prefix chain script '/home/kshitij/colcon_ws/install/setup.zsh'
