[0.073s] Invoking command in '/home/kshitij/colcon_ws/build/ur5_moveit': CMAKE_PREFIX_PATH=${CMAKE_PREFIX_PATH}:/opt/ros/humble /usr/bin/cmake /home/kshitij/colcon_ws/src/ur5_moveit -DCMAKE_INSTALL_PREFIX=/home/kshitij/colcon_ws/install/ur5_moveit
[0.125s] -- The C compiler identification is GNU 11.4.0
[0.180s] -- The CXX compiler identification is GNU 11.4.0
[0.187s] -- Detecting C compiler ABI info
[0.257s] -- Detecting C compiler ABI info - done
[0.263s] -- Check for working C compiler: /usr/bin/cc - skipped
[0.263s] -- Detecting C compile features
[0.263s] -- Detecting C compile features - done
[0.266s] -- Detecting CXX compiler ABI info
[0.341s] -- Detecting CXX compiler ABI info - done
[0.347s] -- Check for working CXX compiler: /usr/bin/c++ - skipped
[0.347s] -- Detecting CXX compile features
[0.348s] -- Detecting CXX compile features - done
[0.351s] -- Found ament_cmake: 1.3.5 (/opt/ros/humble/share/ament_cmake/cmake)
[0.502s] -- Found Python3: /usr/bin/python3.10 (found version "3.10.12") found components: Interpreter 
[0.653s] -- Configuring done
[0.656s] -- Generating done
[0.657s] -- Build files have been written to: /home/kshitij/colcon_ws/build/ur5_moveit
[0.680s] Invoked command in '/home/kshitij/colcon_ws/build/ur5_moveit' returned '0': CMAKE_PREFIX_PATH=${CMAKE_PREFIX_PATH}:/opt/ros/humble /usr/bin/cmake /home/kshitij/colcon_ws/src/ur5_moveit -DCMAKE_INSTALL_PREFIX=/home/kshitij/colcon_ws/install/ur5_moveit
[0.682s] Invoking command in '/home/kshitij/colcon_ws/build/ur5_moveit': CMAKE_PREFIX_PATH=${CMAKE_PREFIX_PATH}:/opt/ros/humble /usr/bin/cmake --build /home/kshitij/colcon_ws/build/ur5_moveit -- -j16 -l16
[0.788s] Invoked command in '/home/kshitij/colcon_ws/build/ur5_moveit' returned '0': CMAKE_PREFIX_PATH=${CMAKE_PREFIX_PATH}:/opt/ros/humble /usr/bin/cmake --build /home/kshitij/colcon_ws/build/ur5_moveit -- -j16 -l16
[0.934s] Invoking command in '/home/kshitij/colcon_ws/build/ur5_moveit': CMAKE_PREFIX_PATH=${CMAKE_PREFIX_PATH}:/opt/ros/humble /usr/bin/cmake --install /home/kshitij/colcon_ws/build/ur5_moveit
[0.988s] -- Install configuration: ""
[0.989s] -- Installing: /home/kshitij/colcon_ws/install/ur5_moveit/share/ament_index/resource_index/package_run_dependencies/ur5_moveit
[0.989s] -- Installing: /home/kshitij/colcon_ws/install/ur5_moveit/share/ament_index/resource_index/parent_prefix_path/ur5_moveit
[0.989s] -- Installing: /home/kshitij/colcon_ws/install/ur5_moveit/share/ur5_moveit/environment/ament_prefix_path.sh
[0.989s] -- Installing: /home/kshitij/colcon_ws/install/ur5_moveit/share/ur5_moveit/environment/ament_prefix_path.dsv
[0.989s] -- Installing: /home/kshitij/colcon_ws/install/ur5_moveit/share/ur5_moveit/environment/path.sh
[0.989s] -- Installing: /home/kshitij/colcon_ws/install/ur5_moveit/share/ur5_moveit/environment/path.dsv
[0.990s] -- Installing: /home/kshitij/colcon_ws/install/ur5_moveit/share/ur5_moveit/local_setup.bash
[0.990s] -- Installing: /home/kshitij/colcon_ws/install/ur5_moveit/share/ur5_moveit/local_setup.sh
[0.990s] -- Installing: /home/kshitij/colcon_ws/install/ur5_moveit/share/ur5_moveit/local_setup.zsh
[0.990s] -- Installing: /home/kshitij/colcon_ws/install/ur5_moveit/share/ur5_moveit/local_setup.dsv
[0.990s] -- Installing: /home/kshitij/colcon_ws/install/ur5_moveit/share/ur5_moveit/package.dsv
[0.990s] -- Installing: /home/kshitij/colcon_ws/install/ur5_moveit/share/ament_index/resource_index/packages/ur5_moveit
[0.991s] -- Installing: /home/kshitij/colcon_ws/install/ur5_moveit/share/ur5_moveit/cmake/ur5_moveitConfig.cmake
[0.991s] -- Installing: /home/kshitij/colcon_ws/install/ur5_moveit/share/ur5_moveit/cmake/ur5_moveitConfig-version.cmake
[0.991s] -- Installing: /home/kshitij/colcon_ws/install/ur5_moveit/share/ur5_moveit/package.xml
[0.991s] -- Installing: /home/kshitij/colcon_ws/install/ur5_moveit/share/ur5_moveit/launch
[0.991s] -- Installing: /home/kshitij/colcon_ws/install/ur5_moveit/share/ur5_moveit/launch/demo.launch.py
[0.991s] -- Installing: /home/kshitij/colcon_ws/install/ur5_moveit/share/ur5_moveit/launch/move_group.launch.py
[0.991s] -- Installing: /home/kshitij/colcon_ws/install/ur5_moveit/share/ur5_moveit/launch/moveit_rviz.launch.py
[0.992s] -- Installing: /home/kshitij/colcon_ws/install/ur5_moveit/share/ur5_moveit/launch/rsp.launch.py
[0.992s] -- Installing: /home/kshitij/colcon_ws/install/ur5_moveit/share/ur5_moveit/launch/setup_assistant.launch.py
[0.992s] -- Installing: /home/kshitij/colcon_ws/install/ur5_moveit/share/ur5_moveit/launch/spawn_controllers.launch.py
[0.992s] -- Installing: /home/kshitij/colcon_ws/install/ur5_moveit/share/ur5_moveit/launch/static_virtual_joint_tfs.launch.py
[0.992s] -- Installing: /home/kshitij/colcon_ws/install/ur5_moveit/share/ur5_moveit/launch/warehouse_db.launch.py
[0.992s] -- Installing: /home/kshitij/colcon_ws/install/ur5_moveit/share/ur5_moveit/config
[0.992s] -- Installing: /home/kshitij/colcon_ws/install/ur5_moveit/share/ur5_moveit/config/initial_positions.yaml
[0.993s] -- Installing: /home/kshitij/colcon_ws/install/ur5_moveit/share/ur5_moveit/config/joint_limits.yaml
[0.993s] -- Installing: /home/kshitij/colcon_ws/install/ur5_moveit/share/ur5_moveit/config/kinematics.yaml
[0.993s] -- Installing: /home/kshitij/colcon_ws/install/ur5_moveit/share/ur5_moveit/config/moveit.rviz
[0.993s] -- Installing: /home/kshitij/colcon_ws/install/ur5_moveit/share/ur5_moveit/config/pilz_cartesian_limits.yaml
[0.993s] -- Installing: /home/kshitij/colcon_ws/install/ur5_moveit/share/ur5_moveit/config/ur5.ros2_control.xacro
[0.993s] -- Installing: /home/kshitij/colcon_ws/install/ur5_moveit/share/ur5_moveit/config/ur5.srdf
[0.994s] -- Installing: /home/kshitij/colcon_ws/install/ur5_moveit/share/ur5_moveit/config/ur5.urdf.xacro
[0.994s] -- Installing: /home/kshitij/colcon_ws/install/ur5_moveit/share/ur5_moveit/.setup_assistant
[1.041s] Invoked command in '/home/kshitij/colcon_ws/build/ur5_moveit' returned '0': CMAKE_PREFIX_PATH=${CMAKE_PREFIX_PATH}:/opt/ros/humble /usr/bin/cmake --install /home/kshitij/colcon_ws/build/ur5_moveit
