-- Found ament_cmake: 1.3.5 (/opt/ros/humble/share/ament_cmake/cmake)
-- Found ament_lint_auto: 0.12.8 (/opt/ros/humble/share/ament_lint_auto/cmake)
-- Added test 'copyright' to check source files copyright and LICENSE
-- Added test 'flake8' to check Python code syntax and style conventions
-- Added test 'lint_cmake' to check CMake code style
-- Added test 'pep257' to check Python code against some of the docstring style conventions in PEP 257
-- Added test 'xmllint' to check XML markup files
-- Configuring done
-- Generating done
-- Build files have been written to: /home/kshitij/colcon_ws/build/eyantra_warehouse
-- Install configuration: ""
-- Up-to-date: /home/kshitij/colcon_ws/install/eyantra_warehouse/share/eyantra_warehouse//launch
-- Installing: /home/kshitij/colcon_ws/install/eyantra_warehouse/share/eyantra_warehouse//launch/some_launch_file.launch.py
-- Up-to-date: /home/kshitij/colcon_ws/install/eyantra_warehouse/share/eyantra_warehouse//worlds
-- Installing: /home/kshitij/colcon_ws/install/eyantra_warehouse/share/eyantra_warehouse//worlds/eyantra_warehouse.world
-- Up-to-date: /home/kshitij/colcon_ws/install/eyantra_warehouse/share/eyantra_warehouse//models
-- Up-to-date: /home/kshitij/colcon_ws/install/eyantra_warehouse/share/eyantra_warehouse//models/box
-- Up-to-date: /home/kshitij/colcon_ws/install/eyantra_warehouse/share/eyantra_warehouse//models/box/meshes
-- Installing: /home/kshitij/colcon_ws/install/eyantra_warehouse/share/eyantra_warehouse//models/box/meshes/aruco_tag.jpg
-- Installing: /home/kshitij/colcon_ws/install/eyantra_warehouse/share/eyantra_warehouse//models/box/meshes/box.dae
-- Installing: /home/kshitij/colcon_ws/install/eyantra_warehouse/share/eyantra_warehouse//models/box/meshes/box__bg.png
-- Installing: /home/kshitij/colcon_ws/install/eyantra_warehouse/share/eyantra_warehouse//models/box/meshes/cardboard_bg.png
-- Installing: /home/kshitij/colcon_ws/install/eyantra_warehouse/share/eyantra_warehouse//models/box/meshes/centroid_old_box.zip
-- Installing: /home/kshitij/colcon_ws/install/eyantra_warehouse/share/eyantra_warehouse//models/box/model.config
-- Installing: /home/kshitij/colcon_ws/install/eyantra_warehouse/share/eyantra_warehouse//models/box/model.sdf
-- Up-to-date: /home/kshitij/colcon_ws/install/eyantra_warehouse/share/eyantra_warehouse//models/boxes
-- Installing: /home/kshitij/colcon_ws/install/eyantra_warehouse/share/eyantra_warehouse//models/boxes/box.stl
-- Up-to-date: /home/kshitij/colcon_ws/install/eyantra_warehouse/share/eyantra_warehouse//models/boxes/box_1
-- Up-to-date: /home/kshitij/colcon_ws/install/eyantra_warehouse/share/eyantra_warehouse//models/boxes/box_1/meshes
-- Installing: /home/kshitij/colcon_ws/install/eyantra_warehouse/share/eyantra_warehouse//models/boxes/box_1/meshes/aruco_tag.jpg
-- Installing: /home/kshitij/colcon_ws/install/eyantra_warehouse/share/eyantra_warehouse//models/boxes/box_1/meshes/box.dae
-- Installing: /home/kshitij/colcon_ws/install/eyantra_warehouse/share/eyantra_warehouse//models/boxes/box_1/meshes/box__bg.png
-- Installing: /home/kshitij/colcon_ws/install/eyantra_warehouse/share/eyantra_warehouse//models/boxes/box_1/meshes/cardboard_bg.png
-- Installing: /home/kshitij/colcon_ws/install/eyantra_warehouse/share/eyantra_warehouse//models/boxes/box_1/model.config
-- Installing: /home/kshitij/colcon_ws/install/eyantra_warehouse/share/eyantra_warehouse//models/boxes/box_1/model.sdf
-- Up-to-date: /home/kshitij/colcon_ws/install/eyantra_warehouse/share/eyantra_warehouse//models/boxes/box_10
-- Up-to-date: /home/kshitij/colcon_ws/install/eyantra_warehouse/share/eyantra_warehouse//models/boxes/box_10/meshes
-- Installing: /home/kshitij/colcon_ws/install/eyantra_warehouse/share/eyantra_warehouse//models/boxes/box_10/meshes/aruco_tag.jpg
-- Installing: /home/kshitij/colcon_ws/install/eyantra_warehouse/share/eyantra_warehouse//models/boxes/box_10/meshes/box.dae
-- Installing: /home/kshitij/colcon_ws/install/eyantra_warehouse/share/eyantra_warehouse//models/boxes/box_10/meshes/box__bg.png
-- Installing: /home/kshitij/colcon_ws/install/eyantra_warehouse/share/eyantra_warehouse//models/boxes/box_10/meshes/cardboard_bg.png
-- Installing: /home/kshitij/colcon_ws/install/eyantra_warehouse/share/eyantra_warehouse//models/boxes/box_10/model.config
-- Installing: /home/kshitij/colcon_ws/install/eyantra_warehouse/share/eyantra_warehouse//models/boxes/box_10/model.sdf
-- Up-to-date: /home/kshitij/colcon_ws/install/eyantra_warehouse/share/eyantra_warehouse//models/boxes/box_11
-- Up-to-date: /home/kshitij/colcon_ws/install/eyantra_warehouse/share/eyantra_warehouse//models/boxes/box_11/meshes
-- Installing: /home/kshitij/colcon_ws/install/eyantra_warehouse/share/eyantra_warehouse//models/boxes/box_11/meshes/aruco_tag.jpg
-- Installing: /home/kshitij/colcon_ws/install/eyantra_warehouse/share/eyantra_warehouse//models/boxes/box_11/meshes/box.dae
-- Installing: /home/kshitij/colcon_ws/install/eyantra_warehouse/share/eyantra_warehouse//models/boxes/box_11/meshes/box__bg.png
-- Installing: /home/kshitij/colcon_ws/install/eyantra_warehouse/share/eyantra_warehouse//models/boxes/box_11/meshes/cardboard_bg.png
-- Installing: /home/kshitij/colcon_ws/install/eyantra_warehouse/share/eyantra_warehouse//models/boxes/box_11/model.config
-- Installing: /home/kshitij/colcon_ws/install/eyantra_warehouse/share/eyantra_warehouse//models/boxes/box_11/model.sdf
-- Up-to-date: /home/kshitij/colcon_ws/install/eyantra_warehouse/share/eyantra_warehouse//models/boxes/box_12
-- Up-to-date: /home/kshitij/colcon_ws/install/eyantra_warehouse/share/eyantra_warehouse//models/boxes/box_12/meshes
-- Installing: /home/kshitij/colcon_ws/install/eyantra_warehouse/share/eyantra_warehouse//models/boxes/box_12/meshes/aruco_tag.jpg
-- Installing: /home/kshitij/colcon_ws/install/eyantra_warehouse/share/eyantra_warehouse//models/boxes/box_12/meshes/box.dae
-- Installing: /home/kshitij/colcon_ws/install/eyantra_warehouse/share/eyantra_warehouse//models/boxes/box_12/meshes/box__bg.png
-- Installing: /home/kshitij/colcon_ws/install/eyantra_warehouse/share/eyantra_warehouse//models/boxes/box_12/meshes/cardboard_bg.png
-- Installing: /home/kshitij/colcon_ws/install/eyantra_warehouse/share/eyantra_warehouse//models/boxes/box_12/model.config
-- Installing: /home/kshitij/colcon_ws/install/eyantra_warehouse/share/eyantra_warehouse//models/boxes/box_12/model.sdf
-- Up-to-date: /home/kshitij/colcon_ws/install/eyantra_warehouse/share/eyantra_warehouse//models/boxes/box_13
-- Up-to-date: /home/kshitij/colcon_ws/install/eyantra_warehouse/share/eyantra_warehouse//models/boxes/box_13/meshes
-- Installing: /home/kshitij/colcon_ws/install/eyantra_warehouse/share/eyantra_warehouse//models/boxes/box_13/meshes/aruco_tag.jpg
-- Installing: /home/kshitij/colcon_ws/install/eyantra_warehouse/share/eyantra_warehouse//models/boxes/box_13/meshes/box.dae
-- Installing: /home/kshitij/colcon_ws/install/eyantra_warehouse/share/eyantra_warehouse//models/boxes/box_13/meshes/box__bg.png
-- Installing: /home/kshitij/colcon_ws/install/eyantra_warehouse/share/eyantra_warehouse//models/boxes/box_13/meshes/cardboard_bg.png
-- Installing: /home/kshitij/colcon_ws/install/eyantra_warehouse/share/eyantra_warehouse//models/boxes/box_13/model.config
-- Installing: /home/kshitij/colcon_ws/install/eyantra_warehouse/share/eyantra_warehouse//models/boxes/box_13/model.sdf
-- Up-to-date: /home/kshitij/colcon_ws/install/eyantra_warehouse/share/eyantra_warehouse//models/boxes/box_14
-- Up-to-date: /home/kshitij/colcon_ws/install/eyantra_warehouse/share/eyantra_warehouse//models/boxes/box_14/meshes
-- Installing: /home/kshitij/colcon_ws/install/eyantra_warehouse/share/eyantra_warehouse//models/boxes/box_14/meshes/aruco_tag.jpg
-- Installing: /home/kshitij/colcon_ws/install/eyantra_warehouse/share/eyantra_warehouse//models/boxes/box_14/meshes/box.dae
-- Installing: /home/kshitij/colcon_ws/install/eyantra_warehouse/share/eyantra_warehouse//models/boxes/box_14/meshes/box__bg.png
-- Installing: /home/kshitij/colcon_ws/install/eyantra_warehouse/share/eyantra_warehouse//models/boxes/box_14/meshes/cardboard_bg.png
-- Installing: /home/kshitij/colcon_ws/install/eyantra_warehouse/share/eyantra_warehouse//models/boxes/box_14/model.config
-- Installing: /home/kshitij/colcon_ws/install/eyantra_warehouse/share/eyantra_warehouse//models/boxes/box_14/model.sdf
-- Up-to-date: /home/kshitij/colcon_ws/install/eyantra_warehouse/share/eyantra_warehouse//models/boxes/box_15
-- Up-to-date: /home/kshitij/colcon_ws/install/eyantra_warehouse/share/eyantra_warehouse//models/boxes/box_15/meshes
-- Installing: /home/kshitij/colcon_ws/install/eyantra_warehouse/share/eyantra_warehouse//models/boxes/box_15/meshes/aruco_tag.jpg
-- Installing: /home/kshitij/colcon_ws/install/eyantra_warehouse/share/eyantra_warehouse//models/boxes/box_15/meshes/box.dae
-- Installing: /home/kshitij/colcon_ws/install/eyantra_warehouse/share/eyantra_warehouse//models/boxes/box_15/meshes/box__bg.png
-- Installing: /home/kshitij/colcon_ws/install/eyantra_warehouse/share/eyantra_warehouse//models/boxes/box_15/meshes/cardboard_bg.png
-- Installing: /home/kshitij/colcon_ws/install/eyantra_warehouse/share/eyantra_warehouse//models/boxes/box_15/model.config
-- Installing: /home/kshitij/colcon_ws/install/eyantra_warehouse/share/eyantra_warehouse//models/boxes/box_15/model.sdf
-- Up-to-date: /home/kshitij/colcon_ws/install/eyantra_warehouse/share/eyantra_warehouse//models/boxes/box_16
-- Up-to-date: /home/kshitij/colcon_ws/install/eyantra_warehouse/share/eyantra_warehouse//models/boxes/box_16/meshes
-- Installing: /home/kshitij/colcon_ws/install/eyantra_warehouse/share/eyantra_warehouse//models/boxes/box_16/meshes/aruco_tag.jpg
-- Installing: /home/kshitij/colcon_ws/install/eyantra_warehouse/share/eyantra_warehouse//models/boxes/box_16/meshes/box.dae
-- Installing: /home/kshitij/colcon_ws/install/eyantra_warehouse/share/eyantra_warehouse//models/boxes/box_16/meshes/box__bg.png
-- Installing: /home/kshitij/colcon_ws/install/eyantra_warehouse/share/eyantra_warehouse//models/boxes/box_16/meshes/cardboard_bg.png
-- Installing: /home/kshitij/colcon_ws/install/eyantra_warehouse/share/eyantra_warehouse//models/boxes/box_16/model.config
-- Installing: /home/kshitij/colcon_ws/install/eyantra_warehouse/share/eyantra_warehouse//models/boxes/box_16/model.sdf
-- Up-to-date: /home/kshitij/colcon_ws/install/eyantra_warehouse/share/eyantra_warehouse//models/boxes/box_17
-- Up-to-date: /home/kshitij/colcon_ws/install/eyantra_warehouse/share/eyantra_warehouse//models/boxes/box_17/meshes
-- Installing: /home/kshitij/colcon_ws/install/eyantra_warehouse/share/eyantra_warehouse//models/boxes/box_17/meshes/aruco_tag.jpg
-- Installing: /home/kshitij/colcon_ws/install/eyantra_warehouse/share/eyantra_warehouse//models/boxes/box_17/meshes/box.dae
-- Installing: /home/kshitij/colcon_ws/install/eyantra_warehouse/share/eyantra_warehouse//models/boxes/box_17/meshes/box__bg.png
-- Installing: /home/kshitij/colcon_ws/install/eyantra_warehouse/share/eyantra_warehouse//models/boxes/box_17/meshes/cardboard_bg.png
-- Installing: /home/kshitij/colcon_ws/install/eyantra_warehouse/share/eyantra_warehouse//models/boxes/box_17/model.config
-- Installing: /home/kshitij/colcon_ws/install/eyantra_warehouse/share/eyantra_warehouse//models/boxes/box_17/model.sdf
-- Up-to-date: /home/kshitij/colcon_ws/install/eyantra_warehouse/share/eyantra_warehouse//models/boxes/box_18
-- Up-to-date: /home/kshitij/colcon_ws/install/eyantra_warehouse/share/eyantra_warehouse//models/boxes/box_18/meshes
-- Installing: /home/kshitij/colcon_ws/install/eyantra_warehouse/share/eyantra_warehouse//models/boxes/box_18/meshes/aruco_tag.jpg
-- Installing: /home/kshitij/colcon_ws/install/eyantra_warehouse/share/eyantra_warehouse//models/boxes/box_18/meshes/box.dae
-- Installing: /home/kshitij/colcon_ws/install/eyantra_warehouse/share/eyantra_warehouse//models/boxes/box_18/meshes/box__bg.png
-- Installing: /home/kshitij/colcon_ws/install/eyantra_warehouse/share/eyantra_warehouse//models/boxes/box_18/meshes/cardboard_bg.png
-- Installing: /home/kshitij/colcon_ws/install/eyantra_warehouse/share/eyantra_warehouse//models/boxes/box_18/model.config
-- Installing: /home/kshitij/colcon_ws/install/eyantra_warehouse/share/eyantra_warehouse//models/boxes/box_18/model.sdf
-- Up-to-date: /home/kshitij/colcon_ws/install/eyantra_warehouse/share/eyantra_warehouse//models/boxes/box_19
-- Up-to-date: /home/kshitij/colcon_ws/install/eyantra_warehouse/share/eyantra_warehouse//models/boxes/box_19/meshes
-- Installing: /home/kshitij/colcon_ws/install/eyantra_warehouse/share/eyantra_warehouse//models/boxes/box_19/meshes/aruco_tag.jpg
-- Installing: /home/kshitij/colcon_ws/install/eyantra_warehouse/share/eyantra_warehouse//models/boxes/box_19/meshes/box.dae
-- Installing: /home/kshitij/colcon_ws/install/eyantra_warehouse/share/eyantra_warehouse//models/boxes/box_19/meshes/box__bg.png
-- Installing: /home/kshitij/colcon_ws/install/eyantra_warehouse/share/eyantra_warehouse//models/boxes/box_19/meshes/cardboard_bg.png
-- Installing: /home/kshitij/colcon_ws/install/eyantra_warehouse/share/eyantra_warehouse//models/boxes/box_19/model.config
-- Installing: /home/kshitij/colcon_ws/install/eyantra_warehouse/share/eyantra_warehouse//models/boxes/box_19/model.sdf
-- Up-to-date: /home/kshitij/colcon_ws/install/eyantra_warehouse/share/eyantra_warehouse//models/boxes/box_2
-- Up-to-date: /home/kshitij/colcon_ws/install/eyantra_warehouse/share/eyantra_warehouse//models/boxes/box_2/meshes
-- Installing: /home/kshitij/colcon_ws/install/eyantra_warehouse/share/eyantra_warehouse//models/boxes/box_2/meshes/aruco_tag.jpg
-- Installing: /home/kshitij/colcon_ws/install/eyantra_warehouse/share/eyantra_warehouse//models/boxes/box_2/meshes/box.dae
-- Installing: /home/kshitij/colcon_ws/install/eyantra_warehouse/share/eyantra_warehouse//models/boxes/box_2/meshes/box__bg.png
-- Installing: /home/kshitij/colcon_ws/install/eyantra_warehouse/share/eyantra_warehouse//models/boxes/box_2/meshes/cardboard_bg.png
-- Installing: /home/kshitij/colcon_ws/install/eyantra_warehouse/share/eyantra_warehouse//models/boxes/box_2/model.config
-- Installing: /home/kshitij/colcon_ws/install/eyantra_warehouse/share/eyantra_warehouse//models/boxes/box_2/model.sdf
-- Up-to-date: /home/kshitij/colcon_ws/install/eyantra_warehouse/share/eyantra_warehouse//models/boxes/box_20
-- Up-to-date: /home/kshitij/colcon_ws/install/eyantra_warehouse/share/eyantra_warehouse//models/boxes/box_20/meshes
-- Installing: /home/kshitij/colcon_ws/install/eyantra_warehouse/share/eyantra_warehouse//models/boxes/box_20/meshes/aruco_tag.jpg
-- Installing: /home/kshitij/colcon_ws/install/eyantra_warehouse/share/eyantra_warehouse//models/boxes/box_20/meshes/box.dae
-- Installing: /home/kshitij/colcon_ws/install/eyantra_warehouse/share/eyantra_warehouse//models/boxes/box_20/meshes/box__bg.png
-- Installing: /home/kshitij/colcon_ws/install/eyantra_warehouse/share/eyantra_warehouse//models/boxes/box_20/meshes/cardboard_bg.png
-- Installing: /home/kshitij/colcon_ws/install/eyantra_warehouse/share/eyantra_warehouse//models/boxes/box_20/model.config
-- Installing: /home/kshitij/colcon_ws/install/eyantra_warehouse/share/eyantra_warehouse//models/boxes/box_20/model.sdf
-- Up-to-date: /home/kshitij/colcon_ws/install/eyantra_warehouse/share/eyantra_warehouse//models/boxes/box_21
-- Up-to-date: /home/kshitij/colcon_ws/install/eyantra_warehouse/share/eyantra_warehouse//models/boxes/box_21/meshes
-- Installing: /home/kshitij/colcon_ws/install/eyantra_warehouse/share/eyantra_warehouse//models/boxes/box_21/meshes/aruco_tag.jpg
-- Installing: /home/kshitij/colcon_ws/install/eyantra_warehouse/share/eyantra_warehouse//models/boxes/box_21/meshes/box.dae
-- Installing: /home/kshitij/colcon_ws/install/eyantra_warehouse/share/eyantra_warehouse//models/boxes/box_21/meshes/box__bg.png
-- Installing: /home/kshitij/colcon_ws/install/eyantra_warehouse/share/eyantra_warehouse//models/boxes/box_21/meshes/cardboard_bg.png
-- Installing: /home/kshitij/colcon_ws/install/eyantra_warehouse/share/eyantra_warehouse//models/boxes/box_21/model.config
-- Installing: /home/kshitij/colcon_ws/install/eyantra_warehouse/share/eyantra_warehouse//models/boxes/box_21/model.sdf
-- Up-to-date: /home/kshitij/colcon_ws/install/eyantra_warehouse/share/eyantra_warehouse//models/boxes/box_22
-- Up-to-date: /home/kshitij/colcon_ws/install/eyantra_warehouse/share/eyantra_warehouse//models/boxes/box_22/meshes
-- Installing: /home/kshitij/colcon_ws/install/eyantra_warehouse/share/eyantra_warehouse//models/boxes/box_22/meshes/aruco_tag.jpg
-- Installing: /home/kshitij/colcon_ws/install/eyantra_warehouse/share/eyantra_warehouse//models/boxes/box_22/meshes/box.dae
-- Installing: /home/kshitij/colcon_ws/install/eyantra_warehouse/share/eyantra_warehouse//models/boxes/box_22/meshes/box__bg.png
-- Installing: /home/kshitij/colcon_ws/install/eyantra_warehouse/share/eyantra_warehouse//models/boxes/box_22/meshes/cardboard_bg.png
-- Installing: /home/kshitij/colcon_ws/install/eyantra_warehouse/share/eyantra_warehouse//models/boxes/box_22/model.config
-- Installing: /home/kshitij/colcon_ws/install/eyantra_warehouse/share/eyantra_warehouse//models/boxes/box_22/model.sdf
-- Up-to-date: /home/kshitij/colcon_ws/install/eyantra_warehouse/share/eyantra_warehouse//models/boxes/box_23
-- Up-to-date: /home/kshitij/colcon_ws/install/eyantra_warehouse/share/eyantra_warehouse//models/boxes/box_23/meshes
-- Installing: /home/kshitij/colcon_ws/install/eyantra_warehouse/share/eyantra_warehouse//models/boxes/box_23/meshes/aruco_tag.jpg
-- Installing: /home/kshitij/colcon_ws/install/eyantra_warehouse/share/eyantra_warehouse//models/boxes/box_23/meshes/box.dae
-- Installing: /home/kshitij/colcon_ws/install/eyantra_warehouse/share/eyantra_warehouse//models/boxes/box_23/meshes/box__bg.png
-- Installing: /home/kshitij/colcon_ws/install/eyantra_warehouse/share/eyantra_warehouse//models/boxes/box_23/meshes/cardboard_bg.png
-- Installing: /home/kshitij/colcon_ws/install/eyantra_warehouse/share/eyantra_warehouse//models/boxes/box_23/model.config
-- Installing: /home/kshitij/colcon_ws/install/eyantra_warehouse/share/eyantra_warehouse//models/boxes/box_23/model.sdf
-- Up-to-date: /home/kshitij/colcon_ws/install/eyantra_warehouse/share/eyantra_warehouse//models/boxes/box_24
-- Up-to-date: /home/kshitij/colcon_ws/install/eyantra_warehouse/share/eyantra_warehouse//models/boxes/box_24/meshes
-- Installing: /home/kshitij/colcon_ws/install/eyantra_warehouse/share/eyantra_warehouse//models/boxes/box_24/meshes/aruco_tag.jpg
-- Installing: /home/kshitij/colcon_ws/install/eyantra_warehouse/share/eyantra_warehouse//models/boxes/box_24/meshes/box.dae
-- Installing: /home/kshitij/colcon_ws/install/eyantra_warehouse/share/eyantra_warehouse//models/boxes/box_24/meshes/box__bg.png
-- Installing: /home/kshitij/colcon_ws/install/eyantra_warehouse/share/eyantra_warehouse//models/boxes/box_24/meshes/cardboard_bg.png
-- Installing: /home/kshitij/colcon_ws/install/eyantra_warehouse/share/eyantra_warehouse//models/boxes/box_24/model.config
-- Installing: /home/kshitij/colcon_ws/install/eyantra_warehouse/share/eyantra_warehouse//models/boxes/box_24/model.sdf
-- Up-to-date: /home/kshitij/colcon_ws/install/eyantra_warehouse/share/eyantra_warehouse//models/boxes/box_25
-- Up-to-date: /home/kshitij/colcon_ws/install/eyantra_warehouse/share/eyantra_warehouse//models/boxes/box_25/meshes
-- Installing: /home/kshitij/colcon_ws/install/eyantra_warehouse/share/eyantra_warehouse//models/boxes/box_25/meshes/aruco_tag.jpg
-- Installing: /home/kshitij/colcon_ws/install/eyantra_warehouse/share/eyantra_warehouse//models/boxes/box_25/meshes/box.dae
-- Installing: /home/kshitij/colcon_ws/install/eyantra_warehouse/share/eyantra_warehouse//models/boxes/box_25/meshes/box__bg.png
-- Installing: /home/kshitij/colcon_ws/install/eyantra_warehouse/share/eyantra_warehouse//models/boxes/box_25/meshes/cardboard_bg.png
-- Installing: /home/kshitij/colcon_ws/install/eyantra_warehouse/share/eyantra_warehouse//models/boxes/box_25/model.config
-- Installing: /home/kshitij/colcon_ws/install/eyantra_warehouse/share/eyantra_warehouse//models/boxes/box_25/model.sdf
-- Up-to-date: /home/kshitij/colcon_ws/install/eyantra_warehouse/share/eyantra_warehouse//models/boxes/box_26
-- Up-to-date: /home/kshitij/colcon_ws/install/eyantra_warehouse/share/eyantra_warehouse//models/boxes/box_26/meshes
-- Installing: /home/kshitij/colcon_ws/install/eyantra_warehouse/share/eyantra_warehouse//models/boxes/box_26/meshes/aruco_tag.jpg
-- Installing: /home/kshitij/colcon_ws/install/eyantra_warehouse/share/eyantra_warehouse//models/boxes/box_26/meshes/box.dae
-- Installing: /home/kshitij/colcon_ws/install/eyantra_warehouse/share/eyantra_warehouse//models/boxes/box_26/meshes/box__bg.png
-- Installing: /home/kshitij/colcon_ws/install/eyantra_warehouse/share/eyantra_warehouse//models/boxes/box_26/meshes/cardboard_bg.png
-- Installing: /home/kshitij/colcon_ws/install/eyantra_warehouse/share/eyantra_warehouse//models/boxes/box_26/model.config
-- Installing: /home/kshitij/colcon_ws/install/eyantra_warehouse/share/eyantra_warehouse//models/boxes/box_26/model.sdf
-- Up-to-date: /home/kshitij/colcon_ws/install/eyantra_warehouse/share/eyantra_warehouse//models/boxes/box_27
-- Up-to-date: /home/kshitij/colcon_ws/install/eyantra_warehouse/share/eyantra_warehouse//models/boxes/box_27/meshes
-- Installing: /home/kshitij/colcon_ws/install/eyantra_warehouse/share/eyantra_warehouse//models/boxes/box_27/meshes/aruco_tag.jpg
-- Installing: /home/kshitij/colcon_ws/install/eyantra_warehouse/share/eyantra_warehouse//models/boxes/box_27/meshes/box.dae
-- Installing: /home/kshitij/colcon_ws/install/eyantra_warehouse/share/eyantra_warehouse//models/boxes/box_27/meshes/box__bg.png
-- Installing: /home/kshitij/colcon_ws/install/eyantra_warehouse/share/eyantra_warehouse//models/boxes/box_27/meshes/cardboard_bg.png
-- Installing: /home/kshitij/colcon_ws/install/eyantra_warehouse/share/eyantra_warehouse//models/boxes/box_27/model.config
-- Installing: /home/kshitij/colcon_ws/install/eyantra_warehouse/share/eyantra_warehouse//models/boxes/box_27/model.sdf
-- Up-to-date: /home/kshitij/colcon_ws/install/eyantra_warehouse/share/eyantra_warehouse//models/boxes/box_28
-- Up-to-date: /home/kshitij/colcon_ws/install/eyantra_warehouse/share/eyantra_warehouse//models/boxes/box_28/meshes
-- Installing: /home/kshitij/colcon_ws/install/eyantra_warehouse/share/eyantra_warehouse//models/boxes/box_28/meshes/aruco_tag.jpg
-- Installing: /home/kshitij/colcon_ws/install/eyantra_warehouse/share/eyantra_warehouse//models/boxes/box_28/meshes/box.dae
-- Installing: /home/kshitij/colcon_ws/install/eyantra_warehouse/share/eyantra_warehouse//models/boxes/box_28/meshes/box__bg.png
-- Installing: /home/kshitij/colcon_ws/install/eyantra_warehouse/share/eyantra_warehouse//models/boxes/box_28/meshes/cardboard_bg.png
-- Installing: /home/kshitij/colcon_ws/install/eyantra_warehouse/share/eyantra_warehouse//models/boxes/box_28/model.config
-- Installing: /home/kshitij/colcon_ws/install/eyantra_warehouse/share/eyantra_warehouse//models/boxes/box_28/model.sdf
-- Up-to-date: /home/kshitij/colcon_ws/install/eyantra_warehouse/share/eyantra_warehouse//models/boxes/box_29
-- Up-to-date: /home/kshitij/colcon_ws/install/eyantra_warehouse/share/eyantra_warehouse//models/boxes/box_29/meshes
-- Installing: /home/kshitij/colcon_ws/install/eyantra_warehouse/share/eyantra_warehouse//models/boxes/box_29/meshes/aruco_tag.jpg
-- Installing: /home/kshitij/colcon_ws/install/eyantra_warehouse/share/eyantra_warehouse//models/boxes/box_29/meshes/box.dae
-- Installing: /home/kshitij/colcon_ws/install/eyantra_warehouse/share/eyantra_warehouse//models/boxes/box_29/meshes/box__bg.png
-- Installing: /home/kshitij/colcon_ws/install/eyantra_warehouse/share/eyantra_warehouse//models/boxes/box_29/meshes/cardboard_bg.png
-- Installing: /home/kshitij/colcon_ws/install/eyantra_warehouse/share/eyantra_warehouse//models/boxes/box_29/model.config
-- Installing: /home/kshitij/colcon_ws/install/eyantra_warehouse/share/eyantra_warehouse//models/boxes/box_29/model.sdf
-- Up-to-date: /home/kshitij/colcon_ws/install/eyantra_warehouse/share/eyantra_warehouse//models/boxes/box_3
-- Up-to-date: /home/kshitij/colcon_ws/install/eyantra_warehouse/share/eyantra_warehouse//models/boxes/box_3/meshes
-- Installing: /home/kshitij/colcon_ws/install/eyantra_warehouse/share/eyantra_warehouse//models/boxes/box_3/meshes/aruco_tag.jpg
-- Installing: /home/kshitij/colcon_ws/install/eyantra_warehouse/share/eyantra_warehouse//models/boxes/box_3/meshes/box.dae
-- Installing: /home/kshitij/colcon_ws/install/eyantra_warehouse/share/eyantra_warehouse//models/boxes/box_3/meshes/box__bg.png
-- Installing: /home/kshitij/colcon_ws/install/eyantra_warehouse/share/eyantra_warehouse//models/boxes/box_3/meshes/cardboard_bg.png
-- Installing: /home/kshitij/colcon_ws/install/eyantra_warehouse/share/eyantra_warehouse//models/boxes/box_3/model.config
-- Installing: /home/kshitij/colcon_ws/install/eyantra_warehouse/share/eyantra_warehouse//models/boxes/box_3/model.sdf
-- Up-to-date: /home/kshitij/colcon_ws/install/eyantra_warehouse/share/eyantra_warehouse//models/boxes/box_30
-- Up-to-date: /home/kshitij/colcon_ws/install/eyantra_warehouse/share/eyantra_warehouse//models/boxes/box_30/meshes
-- Installing: /home/kshitij/colcon_ws/install/eyantra_warehouse/share/eyantra_warehouse//models/boxes/box_30/meshes/aruco_tag.jpg
-- Installing: /home/kshitij/colcon_ws/install/eyantra_warehouse/share/eyantra_warehouse//models/boxes/box_30/meshes/box.dae
-- Installing: /home/kshitij/colcon_ws/install/eyantra_warehouse/share/eyantra_warehouse//models/boxes/box_30/meshes/box__bg.png
-- Installing: /home/kshitij/colcon_ws/install/eyantra_warehouse/share/eyantra_warehouse//models/boxes/box_30/meshes/cardboard_bg.png
-- Installing: /home/kshitij/colcon_ws/install/eyantra_warehouse/share/eyantra_warehouse//models/boxes/box_30/model.config
-- Installing: /home/kshitij/colcon_ws/install/eyantra_warehouse/share/eyantra_warehouse//models/boxes/box_30/model.sdf
-- Up-to-date: /home/kshitij/colcon_ws/install/eyantra_warehouse/share/eyantra_warehouse//models/boxes/box_31
-- Up-to-date: /home/kshitij/colcon_ws/install/eyantra_warehouse/share/eyantra_warehouse//models/boxes/box_31/meshes
-- Installing: /home/kshitij/colcon_ws/install/eyantra_warehouse/share/eyantra_warehouse//models/boxes/box_31/meshes/aruco_tag.jpg
-- Installing: /home/kshitij/colcon_ws/install/eyantra_warehouse/share/eyantra_warehouse//models/boxes/box_31/meshes/box.dae
-- Installing: /home/kshitij/colcon_ws/install/eyantra_warehouse/share/eyantra_warehouse//models/boxes/box_31/meshes/box__bg.png
-- Installing: /home/kshitij/colcon_ws/install/eyantra_warehouse/share/eyantra_warehouse//models/boxes/box_31/meshes/cardboard_bg.png
-- Installing: /home/kshitij/colcon_ws/install/eyantra_warehouse/share/eyantra_warehouse//models/boxes/box_31/model.config
-- Installing: /home/kshitij/colcon_ws/install/eyantra_warehouse/share/eyantra_warehouse//models/boxes/box_31/model.sdf
-- Up-to-date: /home/kshitij/colcon_ws/install/eyantra_warehouse/share/eyantra_warehouse//models/boxes/box_32
-- Up-to-date: /home/kshitij/colcon_ws/install/eyantra_warehouse/share/eyantra_warehouse//models/boxes/box_32/meshes
-- Installing: /home/kshitij/colcon_ws/install/eyantra_warehouse/share/eyantra_warehouse//models/boxes/box_32/meshes/aruco_tag.jpg
-- Installing: /home/kshitij/colcon_ws/install/eyantra_warehouse/share/eyantra_warehouse//models/boxes/box_32/meshes/box.dae
-- Installing: /home/kshitij/colcon_ws/install/eyantra_warehouse/share/eyantra_warehouse//models/boxes/box_32/meshes/box__bg.png
-- Installing: /home/kshitij/colcon_ws/install/eyantra_warehouse/share/eyantra_warehouse//models/boxes/box_32/meshes/cardboard_bg.png
-- Installing: /home/kshitij/colcon_ws/install/eyantra_warehouse/share/eyantra_warehouse//models/boxes/box_32/model.config
-- Installing: /home/kshitij/colcon_ws/install/eyantra_warehouse/share/eyantra_warehouse//models/boxes/box_32/model.sdf
-- Up-to-date: /home/kshitij/colcon_ws/install/eyantra_warehouse/share/eyantra_warehouse//models/boxes/box_33
-- Up-to-date: /home/kshitij/colcon_ws/install/eyantra_warehouse/share/eyantra_warehouse//models/boxes/box_33/meshes
-- Installing: /home/kshitij/colcon_ws/install/eyantra_warehouse/share/eyantra_warehouse//models/boxes/box_33/meshes/aruco_tag.jpg
-- Installing: /home/kshitij/colcon_ws/install/eyantra_warehouse/share/eyantra_warehouse//models/boxes/box_33/meshes/box.dae
-- Installing: /home/kshitij/colcon_ws/install/eyantra_warehouse/share/eyantra_warehouse//models/boxes/box_33/meshes/box__bg.png
-- Installing: /home/kshitij/colcon_ws/install/eyantra_warehouse/share/eyantra_warehouse//models/boxes/box_33/meshes/cardboard_bg.png
-- Installing: /home/kshitij/colcon_ws/install/eyantra_warehouse/share/eyantra_warehouse//models/boxes/box_33/model.config
-- Installing: /home/kshitij/colcon_ws/install/eyantra_warehouse/share/eyantra_warehouse//models/boxes/box_33/model.sdf
-- Up-to-date: /home/kshitij/colcon_ws/install/eyantra_warehouse/share/eyantra_warehouse//models/boxes/box_34
-- Up-to-date: /home/kshitij/colcon_ws/install/eyantra_warehouse/share/eyantra_warehouse//models/boxes/box_34/meshes
-- Installing: /home/kshitij/colcon_ws/install/eyantra_warehouse/share/eyantra_warehouse//models/boxes/box_34/meshes/aruco_tag.jpg
-- Installing: /home/kshitij/colcon_ws/install/eyantra_warehouse/share/eyantra_warehouse//models/boxes/box_34/meshes/box.dae
-- Installing: /home/kshitij/colcon_ws/install/eyantra_warehouse/share/eyantra_warehouse//models/boxes/box_34/meshes/box__bg.png
-- Installing: /home/kshitij/colcon_ws/install/eyantra_warehouse/share/eyantra_warehouse//models/boxes/box_34/meshes/cardboard_bg.png
-- Installing: /home/kshitij/colcon_ws/install/eyantra_warehouse/share/eyantra_warehouse//models/boxes/box_34/model.config
-- Installing: /home/kshitij/colcon_ws/install/eyantra_warehouse/share/eyantra_warehouse//models/boxes/box_34/model.sdf
-- Up-to-date: /home/kshitij/colcon_ws/install/eyantra_warehouse/share/eyantra_warehouse//models/boxes/box_35
-- Up-to-date: /home/kshitij/colcon_ws/install/eyantra_warehouse/share/eyantra_warehouse//models/boxes/box_35/meshes
-- Installing: /home/kshitij/colcon_ws/install/eyantra_warehouse/share/eyantra_warehouse//models/boxes/box_35/meshes/aruco_tag.jpg
-- Installing: /home/kshitij/colcon_ws/install/eyantra_warehouse/share/eyantra_warehouse//models/boxes/box_35/meshes/box.dae
-- Installing: /home/kshitij/colcon_ws/install/eyantra_warehouse/share/eyantra_warehouse//models/boxes/box_35/meshes/box__bg.png
-- Installing: /home/kshitij/colcon_ws/install/eyantra_warehouse/share/eyantra_warehouse//models/boxes/box_35/meshes/cardboard_bg.png
-- Installing: /home/kshitij/colcon_ws/install/eyantra_warehouse/share/eyantra_warehouse//models/boxes/box_35/model.config
-- Installing: /home/kshitij/colcon_ws/install/eyantra_warehouse/share/eyantra_warehouse//models/boxes/box_35/model.sdf
-- Up-to-date: /home/kshitij/colcon_ws/install/eyantra_warehouse/share/eyantra_warehouse//models/boxes/box_36
-- Up-to-date: /home/kshitij/colcon_ws/install/eyantra_warehouse/share/eyantra_warehouse//models/boxes/box_36/meshes
-- Installing: /home/kshitij/colcon_ws/install/eyantra_warehouse/share/eyantra_warehouse//models/boxes/box_36/meshes/aruco_tag.jpg
-- Installing: /home/kshitij/colcon_ws/install/eyantra_warehouse/share/eyantra_warehouse//models/boxes/box_36/meshes/box.dae
-- Installing: /home/kshitij/colcon_ws/install/eyantra_warehouse/share/eyantra_warehouse//models/boxes/box_36/meshes/box__bg.png
-- Installing: /home/kshitij/colcon_ws/install/eyantra_warehouse/share/eyantra_warehouse//models/boxes/box_36/meshes/cardboard_bg.png
-- Installing: /home/kshitij/colcon_ws/install/eyantra_warehouse/share/eyantra_warehouse//models/boxes/box_36/model.config
-- Installing: /home/kshitij/colcon_ws/install/eyantra_warehouse/share/eyantra_warehouse//models/boxes/box_36/model.sdf
-- Up-to-date: /home/kshitij/colcon_ws/install/eyantra_warehouse/share/eyantra_warehouse//models/boxes/box_37
-- Up-to-date: /home/kshitij/colcon_ws/install/eyantra_warehouse/share/eyantra_warehouse//models/boxes/box_37/meshes
-- Installing: /home/kshitij/colcon_ws/install/eyantra_warehouse/share/eyantra_warehouse//models/boxes/box_37/meshes/aruco_tag.jpg
-- Installing: /home/kshitij/colcon_ws/install/eyantra_warehouse/share/eyantra_warehouse//models/boxes/box_37/meshes/box.dae
-- Installing: /home/kshitij/colcon_ws/install/eyantra_warehouse/share/eyantra_warehouse//models/boxes/box_37/meshes/box__bg.png
-- Installing: /home/kshitij/colcon_ws/install/eyantra_warehouse/share/eyantra_warehouse//models/boxes/box_37/meshes/cardboard_bg.png
-- Installing: /home/kshitij/colcon_ws/install/eyantra_warehouse/share/eyantra_warehouse//models/boxes/box_37/model.config
-- Installing: /home/kshitij/colcon_ws/install/eyantra_warehouse/share/eyantra_warehouse//models/boxes/box_37/model.sdf
-- Up-to-date: /home/kshitij/colcon_ws/install/eyantra_warehouse/share/eyantra_warehouse//models/boxes/box_38
-- Up-to-date: /home/kshitij/colcon_ws/install/eyantra_warehouse/share/eyantra_warehouse//models/boxes/box_38/meshes
-- Installing: /home/kshitij/colcon_ws/install/eyantra_warehouse/share/eyantra_warehouse//models/boxes/box_38/meshes/aruco_tag.jpg
-- Installing: /home/kshitij/colcon_ws/install/eyantra_warehouse/share/eyantra_warehouse//models/boxes/box_38/meshes/box.dae
-- Installing: /home/kshitij/colcon_ws/install/eyantra_warehouse/share/eyantra_warehouse//models/boxes/box_38/meshes/box__bg.png
-- Installing: /home/kshitij/colcon_ws/install/eyantra_warehouse/share/eyantra_warehouse//models/boxes/box_38/meshes/cardboard_bg.png
-- Installing: /home/kshitij/colcon_ws/install/eyantra_warehouse/share/eyantra_warehouse//models/boxes/box_38/model.config
-- Installing: /home/kshitij/colcon_ws/install/eyantra_warehouse/share/eyantra_warehouse//models/boxes/box_38/model.sdf
-- Up-to-date: /home/kshitij/colcon_ws/install/eyantra_warehouse/share/eyantra_warehouse//models/boxes/box_39
-- Up-to-date: /home/kshitij/colcon_ws/install/eyantra_warehouse/share/eyantra_warehouse//models/boxes/box_39/meshes
-- Installing: /home/kshitij/colcon_ws/install/eyantra_warehouse/share/eyantra_warehouse//models/boxes/box_39/meshes/aruco_tag.jpg
-- Installing: /home/kshitij/colcon_ws/install/eyantra_warehouse/share/eyantra_warehouse//models/boxes/box_39/meshes/box.dae
-- Installing: /home/kshitij/colcon_ws/install/eyantra_warehouse/share/eyantra_warehouse//models/boxes/box_39/meshes/box__bg.png
-- Installing: /home/kshitij/colcon_ws/install/eyantra_warehouse/share/eyantra_warehouse//models/boxes/box_39/meshes/cardboard_bg.png
-- Installing: /home/kshitij/colcon_ws/install/eyantra_warehouse/share/eyantra_warehouse//models/boxes/box_39/model.config
-- Installing: /home/kshitij/colcon_ws/install/eyantra_warehouse/share/eyantra_warehouse//models/boxes/box_39/model.sdf
-- Up-to-date: /home/kshitij/colcon_ws/install/eyantra_warehouse/share/eyantra_warehouse//models/boxes/box_4
-- Up-to-date: /home/kshitij/colcon_ws/install/eyantra_warehouse/share/eyantra_warehouse//models/boxes/box_4/meshes
-- Installing: /home/kshitij/colcon_ws/install/eyantra_warehouse/share/eyantra_warehouse//models/boxes/box_4/meshes/aruco_tag.jpg
-- Installing: /home/kshitij/colcon_ws/install/eyantra_warehouse/share/eyantra_warehouse//models/boxes/box_4/meshes/box.dae
-- Installing: /home/kshitij/colcon_ws/install/eyantra_warehouse/share/eyantra_warehouse//models/boxes/box_4/meshes/box__bg.png
-- Installing: /home/kshitij/colcon_ws/install/eyantra_warehouse/share/eyantra_warehouse//models/boxes/box_4/meshes/cardboard_bg.png
-- Installing: /home/kshitij/colcon_ws/install/eyantra_warehouse/share/eyantra_warehouse//models/boxes/box_4/model.config
-- Installing: /home/kshitij/colcon_ws/install/eyantra_warehouse/share/eyantra_warehouse//models/boxes/box_4/model.sdf
-- Up-to-date: /home/kshitij/colcon_ws/install/eyantra_warehouse/share/eyantra_warehouse//models/boxes/box_40
-- Up-to-date: /home/kshitij/colcon_ws/install/eyantra_warehouse/share/eyantra_warehouse//models/boxes/box_40/meshes
-- Installing: /home/kshitij/colcon_ws/install/eyantra_warehouse/share/eyantra_warehouse//models/boxes/box_40/meshes/aruco_tag.jpg
-- Installing: /home/kshitij/colcon_ws/install/eyantra_warehouse/share/eyantra_warehouse//models/boxes/box_40/meshes/box.dae
-- Installing: /home/kshitij/colcon_ws/install/eyantra_warehouse/share/eyantra_warehouse//models/boxes/box_40/meshes/box__bg.png
-- Installing: /home/kshitij/colcon_ws/install/eyantra_warehouse/share/eyantra_warehouse//models/boxes/box_40/meshes/cardboard_bg.png
-- Installing: /home/kshitij/colcon_ws/install/eyantra_warehouse/share/eyantra_warehouse//models/boxes/box_40/model.config
-- Installing: /home/kshitij/colcon_ws/install/eyantra_warehouse/share/eyantra_warehouse//models/boxes/box_40/model.sdf
-- Up-to-date: /home/kshitij/colcon_ws/install/eyantra_warehouse/share/eyantra_warehouse//models/boxes/box_41
-- Up-to-date: /home/kshitij/colcon_ws/install/eyantra_warehouse/share/eyantra_warehouse//models/boxes/box_41/meshes
-- Installing: /home/kshitij/colcon_ws/install/eyantra_warehouse/share/eyantra_warehouse//models/boxes/box_41/meshes/aruco_tag.jpg
-- Installing: /home/kshitij/colcon_ws/install/eyantra_warehouse/share/eyantra_warehouse//models/boxes/box_41/meshes/box.dae
-- Installing: /home/kshitij/colcon_ws/install/eyantra_warehouse/share/eyantra_warehouse//models/boxes/box_41/meshes/box__bg.png
-- Installing: /home/kshitij/colcon_ws/install/eyantra_warehouse/share/eyantra_warehouse//models/boxes/box_41/meshes/cardboard_bg.png
-- Installing: /home/kshitij/colcon_ws/install/eyantra_warehouse/share/eyantra_warehouse//models/boxes/box_41/model.config
-- Installing: /home/kshitij/colcon_ws/install/eyantra_warehouse/share/eyantra_warehouse//models/boxes/box_41/model.sdf
-- Up-to-date: /home/kshitij/colcon_ws/install/eyantra_warehouse/share/eyantra_warehouse//models/boxes/box_42
-- Up-to-date: /home/kshitij/colcon_ws/install/eyantra_warehouse/share/eyantra_warehouse//models/boxes/box_42/meshes
-- Installing: /home/kshitij/colcon_ws/install/eyantra_warehouse/share/eyantra_warehouse//models/boxes/box_42/meshes/aruco_tag.jpg
-- Installing: /home/kshitij/colcon_ws/install/eyantra_warehouse/share/eyantra_warehouse//models/boxes/box_42/meshes/box.dae
-- Installing: /home/kshitij/colcon_ws/install/eyantra_warehouse/share/eyantra_warehouse//models/boxes/box_42/meshes/box__bg.png
-- Installing: /home/kshitij/colcon_ws/install/eyantra_warehouse/share/eyantra_warehouse//models/boxes/box_42/meshes/cardboard_bg.png
-- Installing: /home/kshitij/colcon_ws/install/eyantra_warehouse/share/eyantra_warehouse//models/boxes/box_42/model.config
-- Installing: /home/kshitij/colcon_ws/install/eyantra_warehouse/share/eyantra_warehouse//models/boxes/box_42/model.sdf
-- Up-to-date: /home/kshitij/colcon_ws/install/eyantra_warehouse/share/eyantra_warehouse//models/boxes/box_43
-- Up-to-date: /home/kshitij/colcon_ws/install/eyantra_warehouse/share/eyantra_warehouse//models/boxes/box_43/meshes
-- Installing: /home/kshitij/colcon_ws/install/eyantra_warehouse/share/eyantra_warehouse//models/boxes/box_43/meshes/aruco_tag.jpg
-- Installing: /home/kshitij/colcon_ws/install/eyantra_warehouse/share/eyantra_warehouse//models/boxes/box_43/meshes/box.dae
-- Installing: /home/kshitij/colcon_ws/install/eyantra_warehouse/share/eyantra_warehouse//models/boxes/box_43/meshes/box__bg.png
-- Installing: /home/kshitij/colcon_ws/install/eyantra_warehouse/share/eyantra_warehouse//models/boxes/box_43/meshes/cardboard_bg.png
-- Installing: /home/kshitij/colcon_ws/install/eyantra_warehouse/share/eyantra_warehouse//models/boxes/box_43/model.config
-- Installing: /home/kshitij/colcon_ws/install/eyantra_warehouse/share/eyantra_warehouse//models/boxes/box_43/model.sdf
-- Up-to-date: /home/kshitij/colcon_ws/install/eyantra_warehouse/share/eyantra_warehouse//models/boxes/box_44
-- Up-to-date: /home/kshitij/colcon_ws/install/eyantra_warehouse/share/eyantra_warehouse//models/boxes/box_44/meshes
-- Installing: /home/kshitij/colcon_ws/install/eyantra_warehouse/share/eyantra_warehouse//models/boxes/box_44/meshes/aruco_tag.jpg
-- Installing: /home/kshitij/colcon_ws/install/eyantra_warehouse/share/eyantra_warehouse//models/boxes/box_44/meshes/box.dae
-- Installing: /home/kshitij/colcon_ws/install/eyantra_warehouse/share/eyantra_warehouse//models/boxes/box_44/meshes/box__bg.png
-- Installing: /home/kshitij/colcon_ws/install/eyantra_warehouse/share/eyantra_warehouse//models/boxes/box_44/meshes/cardboard_bg.png
-- Installing: /home/kshitij/colcon_ws/install/eyantra_warehouse/share/eyantra_warehouse//models/boxes/box_44/model.config
-- Installing: /home/kshitij/colcon_ws/install/eyantra_warehouse/share/eyantra_warehouse//models/boxes/box_44/model.sdf
-- Up-to-date: /home/kshitij/colcon_ws/install/eyantra_warehouse/share/eyantra_warehouse//models/boxes/box_45
-- Up-to-date: /home/kshitij/colcon_ws/install/eyantra_warehouse/share/eyantra_warehouse//models/boxes/box_45/meshes
-- Installing: /home/kshitij/colcon_ws/install/eyantra_warehouse/share/eyantra_warehouse//models/boxes/box_45/meshes/aruco_tag.jpg
-- Installing: /home/kshitij/colcon_ws/install/eyantra_warehouse/share/eyantra_warehouse//models/boxes/box_45/meshes/box.dae
-- Installing: /home/kshitij/colcon_ws/install/eyantra_warehouse/share/eyantra_warehouse//models/boxes/box_45/meshes/box__bg.png
-- Installing: /home/kshitij/colcon_ws/install/eyantra_warehouse/share/eyantra_warehouse//models/boxes/box_45/meshes/cardboard_bg.png
-- Installing: /home/kshitij/colcon_ws/install/eyantra_warehouse/share/eyantra_warehouse//models/boxes/box_45/model.config
-- Installing: /home/kshitij/colcon_ws/install/eyantra_warehouse/share/eyantra_warehouse//models/boxes/box_45/model.sdf
-- Up-to-date: /home/kshitij/colcon_ws/install/eyantra_warehouse/share/eyantra_warehouse//models/boxes/box_46
-- Up-to-date: /home/kshitij/colcon_ws/install/eyantra_warehouse/share/eyantra_warehouse//models/boxes/box_46/meshes
-- Installing: /home/kshitij/colcon_ws/install/eyantra_warehouse/share/eyantra_warehouse//models/boxes/box_46/meshes/aruco_tag.jpg
-- Installing: /home/kshitij/colcon_ws/install/eyantra_warehouse/share/eyantra_warehouse//models/boxes/box_46/meshes/box.dae
-- Installing: /home/kshitij/colcon_ws/install/eyantra_warehouse/share/eyantra_warehouse//models/boxes/box_46/meshes/box__bg.png
-- Installing: /home/kshitij/colcon_ws/install/eyantra_warehouse/share/eyantra_warehouse//models/boxes/box_46/meshes/cardboard_bg.png
-- Installing: /home/kshitij/colcon_ws/install/eyantra_warehouse/share/eyantra_warehouse//models/boxes/box_46/model.config
-- Installing: /home/kshitij/colcon_ws/install/eyantra_warehouse/share/eyantra_warehouse//models/boxes/box_46/model.sdf
-- Up-to-date: /home/kshitij/colcon_ws/install/eyantra_warehouse/share/eyantra_warehouse//models/boxes/box_47
-- Up-to-date: /home/kshitij/colcon_ws/install/eyantra_warehouse/share/eyantra_warehouse//models/boxes/box_47/meshes
-- Installing: /home/kshitij/colcon_ws/install/eyantra_warehouse/share/eyantra_warehouse//models/boxes/box_47/meshes/aruco_tag.jpg
-- Installing: /home/kshitij/colcon_ws/install/eyantra_warehouse/share/eyantra_warehouse//models/boxes/box_47/meshes/box.dae
-- Installing: /home/kshitij/colcon_ws/install/eyantra_warehouse/share/eyantra_warehouse//models/boxes/box_47/meshes/box__bg.png
-- Installing: /home/kshitij/colcon_ws/install/eyantra_warehouse/share/eyantra_warehouse//models/boxes/box_47/meshes/cardboard_bg.png
-- Installing: /home/kshitij/colcon_ws/install/eyantra_warehouse/share/eyantra_warehouse//models/boxes/box_47/model.config
-- Installing: /home/kshitij/colcon_ws/install/eyantra_warehouse/share/eyantra_warehouse//models/boxes/box_47/model.sdf
-- Up-to-date: /home/kshitij/colcon_ws/install/eyantra_warehouse/share/eyantra_warehouse//models/boxes/box_48
-- Up-to-date: /home/kshitij/colcon_ws/install/eyantra_warehouse/share/eyantra_warehouse//models/boxes/box_48/meshes
-- Installing: /home/kshitij/colcon_ws/install/eyantra_warehouse/share/eyantra_warehouse//models/boxes/box_48/meshes/aruco_tag.jpg
-- Installing: /home/kshitij/colcon_ws/install/eyantra_warehouse/share/eyantra_warehouse//models/boxes/box_48/meshes/box.dae
-- Installing: /home/kshitij/colcon_ws/install/eyantra_warehouse/share/eyantra_warehouse//models/boxes/box_48/meshes/box__bg.png
-- Installing: /home/kshitij/colcon_ws/install/eyantra_warehouse/share/eyantra_warehouse//models/boxes/box_48/meshes/cardboard_bg.png
-- Installing: /home/kshitij/colcon_ws/install/eyantra_warehouse/share/eyantra_warehouse//models/boxes/box_48/model.config
-- Installing: /home/kshitij/colcon_ws/install/eyantra_warehouse/share/eyantra_warehouse//models/boxes/box_48/model.sdf
-- Up-to-date: /home/kshitij/colcon_ws/install/eyantra_warehouse/share/eyantra_warehouse//models/boxes/box_49
-- Up-to-date: /home/kshitij/colcon_ws/install/eyantra_warehouse/share/eyantra_warehouse//models/boxes/box_49/meshes
-- Installing: /home/kshitij/colcon_ws/install/eyantra_warehouse/share/eyantra_warehouse//models/boxes/box_49/meshes/aruco_tag.jpg
-- Installing: /home/kshitij/colcon_ws/install/eyantra_warehouse/share/eyantra_warehouse//models/boxes/box_49/meshes/box.dae
-- Installing: /home/kshitij/colcon_ws/install/eyantra_warehouse/share/eyantra_warehouse//models/boxes/box_49/meshes/box__bg.png
-- Installing: /home/kshitij/colcon_ws/install/eyantra_warehouse/share/eyantra_warehouse//models/boxes/box_49/meshes/cardboard_bg.png
-- Installing: /home/kshitij/colcon_ws/install/eyantra_warehouse/share/eyantra_warehouse//models/boxes/box_49/model.config
-- Installing: /home/kshitij/colcon_ws/install/eyantra_warehouse/share/eyantra_warehouse//models/boxes/box_49/model.sdf
-- Up-to-date: /home/kshitij/colcon_ws/install/eyantra_warehouse/share/eyantra_warehouse//models/boxes/box_5
-- Up-to-date: /home/kshitij/colcon_ws/install/eyantra_warehouse/share/eyantra_warehouse//models/boxes/box_5/meshes
-- Installing: /home/kshitij/colcon_ws/install/eyantra_warehouse/share/eyantra_warehouse//models/boxes/box_5/meshes/aruco_tag.jpg
-- Installing: /home/kshitij/colcon_ws/install/eyantra_warehouse/share/eyantra_warehouse//models/boxes/box_5/meshes/box.dae
-- Installing: /home/kshitij/colcon_ws/install/eyantra_warehouse/share/eyantra_warehouse//models/boxes/box_5/meshes/box__bg.png
-- Installing: /home/kshitij/colcon_ws/install/eyantra_warehouse/share/eyantra_warehouse//models/boxes/box_5/meshes/cardboard_bg.png
-- Installing: /home/kshitij/colcon_ws/install/eyantra_warehouse/share/eyantra_warehouse//models/boxes/box_5/model.config
-- Installing: /home/kshitij/colcon_ws/install/eyantra_warehouse/share/eyantra_warehouse//models/boxes/box_5/model.sdf
-- Up-to-date: /home/kshitij/colcon_ws/install/eyantra_warehouse/share/eyantra_warehouse//models/boxes/box_50
-- Up-to-date: /home/kshitij/colcon_ws/install/eyantra_warehouse/share/eyantra_warehouse//models/boxes/box_50/meshes
-- Installing: /home/kshitij/colcon_ws/install/eyantra_warehouse/share/eyantra_warehouse//models/boxes/box_50/meshes/aruco_tag.jpg
-- Installing: /home/kshitij/colcon_ws/install/eyantra_warehouse/share/eyantra_warehouse//models/boxes/box_50/meshes/box.dae
-- Installing: /home/kshitij/colcon_ws/install/eyantra_warehouse/share/eyantra_warehouse//models/boxes/box_50/meshes/box__bg.png
-- Installing: /home/kshitij/colcon_ws/install/eyantra_warehouse/share/eyantra_warehouse//models/boxes/box_50/meshes/cardboard_bg.png
-- Installing: /home/kshitij/colcon_ws/install/eyantra_warehouse/share/eyantra_warehouse//models/boxes/box_50/model.config
-- Installing: /home/kshitij/colcon_ws/install/eyantra_warehouse/share/eyantra_warehouse//models/boxes/box_50/model.sdf
-- Up-to-date: /home/kshitij/colcon_ws/install/eyantra_warehouse/share/eyantra_warehouse//models/boxes/box_6
-- Up-to-date: /home/kshitij/colcon_ws/install/eyantra_warehouse/share/eyantra_warehouse//models/boxes/box_6/meshes
-- Installing: /home/kshitij/colcon_ws/install/eyantra_warehouse/share/eyantra_warehouse//models/boxes/box_6/meshes/aruco_tag.jpg
-- Installing: /home/kshitij/colcon_ws/install/eyantra_warehouse/share/eyantra_warehouse//models/boxes/box_6/meshes/box.dae
-- Installing: /home/kshitij/colcon_ws/install/eyantra_warehouse/share/eyantra_warehouse//models/boxes/box_6/meshes/box__bg.png
-- Installing: /home/kshitij/colcon_ws/install/eyantra_warehouse/share/eyantra_warehouse//models/boxes/box_6/meshes/cardboard_bg.png
-- Installing: /home/kshitij/colcon_ws/install/eyantra_warehouse/share/eyantra_warehouse//models/boxes/box_6/model.config
-- Installing: /home/kshitij/colcon_ws/install/eyantra_warehouse/share/eyantra_warehouse//models/boxes/box_6/model.sdf
-- Up-to-date: /home/kshitij/colcon_ws/install/eyantra_warehouse/share/eyantra_warehouse//models/boxes/box_7
-- Up-to-date: /home/kshitij/colcon_ws/install/eyantra_warehouse/share/eyantra_warehouse//models/boxes/box_7/meshes
-- Installing: /home/kshitij/colcon_ws/install/eyantra_warehouse/share/eyantra_warehouse//models/boxes/box_7/meshes/aruco_tag.jpg
-- Installing: /home/kshitij/colcon_ws/install/eyantra_warehouse/share/eyantra_warehouse//models/boxes/box_7/meshes/box.dae
-- Installing: /home/kshitij/colcon_ws/install/eyantra_warehouse/share/eyantra_warehouse//models/boxes/box_7/meshes/box__bg.png
-- Installing: /home/kshitij/colcon_ws/install/eyantra_warehouse/share/eyantra_warehouse//models/boxes/box_7/meshes/cardboard_bg.png
-- Installing: /home/kshitij/colcon_ws/install/eyantra_warehouse/share/eyantra_warehouse//models/boxes/box_7/model.config
-- Installing: /home/kshitij/colcon_ws/install/eyantra_warehouse/share/eyantra_warehouse//models/boxes/box_7/model.sdf
-- Up-to-date: /home/kshitij/colcon_ws/install/eyantra_warehouse/share/eyantra_warehouse//models/boxes/box_8
-- Up-to-date: /home/kshitij/colcon_ws/install/eyantra_warehouse/share/eyantra_warehouse//models/boxes/box_8/meshes
-- Installing: /home/kshitij/colcon_ws/install/eyantra_warehouse/share/eyantra_warehouse//models/boxes/box_8/meshes/aruco_tag.jpg
-- Installing: /home/kshitij/colcon_ws/install/eyantra_warehouse/share/eyantra_warehouse//models/boxes/box_8/meshes/box.dae
-- Installing: /home/kshitij/colcon_ws/install/eyantra_warehouse/share/eyantra_warehouse//models/boxes/box_8/meshes/box__bg.png
-- Installing: /home/kshitij/colcon_ws/install/eyantra_warehouse/share/eyantra_warehouse//models/boxes/box_8/meshes/cardboard_bg.png
-- Installing: /home/kshitij/colcon_ws/install/eyantra_warehouse/share/eyantra_warehouse//models/boxes/box_8/model.config
-- Installing: /home/kshitij/colcon_ws/install/eyantra_warehouse/share/eyantra_warehouse//models/boxes/box_8/model.sdf
-- Up-to-date: /home/kshitij/colcon_ws/install/eyantra_warehouse/share/eyantra_warehouse//models/boxes/box_9
-- Up-to-date: /home/kshitij/colcon_ws/install/eyantra_warehouse/share/eyantra_warehouse//models/boxes/box_9/meshes
-- Installing: /home/kshitij/colcon_ws/install/eyantra_warehouse/share/eyantra_warehouse//models/boxes/box_9/meshes/aruco_tag.jpg
-- Installing: /home/kshitij/colcon_ws/install/eyantra_warehouse/share/eyantra_warehouse//models/boxes/box_9/meshes/box.dae
-- Installing: /home/kshitij/colcon_ws/install/eyantra_warehouse/share/eyantra_warehouse//models/boxes/box_9/meshes/box__bg.png
-- Installing: /home/kshitij/colcon_ws/install/eyantra_warehouse/share/eyantra_warehouse//models/boxes/box_9/meshes/cardboard_bg.png
-- Installing: /home/kshitij/colcon_ws/install/eyantra_warehouse/share/eyantra_warehouse//models/boxes/box_9/model.config
-- Installing: /home/kshitij/colcon_ws/install/eyantra_warehouse/share/eyantra_warehouse//models/boxes/box_9/model.sdf
-- Up-to-date: /home/kshitij/colcon_ws/install/eyantra_warehouse/share/eyantra_warehouse//models/lab
-- Up-to-date: /home/kshitij/colcon_ws/install/eyantra_warehouse/share/eyantra_warehouse//models/lab/meshes
-- Installing: /home/kshitij/colcon_ws/install/eyantra_warehouse/share/eyantra_warehouse//models/lab/meshes/WoodFlooring044_COL_3K.jpg.001.jpg
-- Installing: /home/kshitij/colcon_ws/install/eyantra_warehouse/share/eyantra_warehouse//models/lab/meshes/WoodPlanksWorn33_COL_VAR1_3K.jpg.002.jpg
-- Installing: /home/kshitij/colcon_ws/install/eyantra_warehouse/share/eyantra_warehouse//models/lab/meshes/lab.dae
-- Installing: /home/kshitij/colcon_ws/install/eyantra_warehouse/share/eyantra_warehouse//models/lab/meshes/lab.stl
-- Installing: /home/kshitij/colcon_ws/install/eyantra_warehouse/share/eyantra_warehouse//models/lab/model.config
-- Installing: /home/kshitij/colcon_ws/install/eyantra_warehouse/share/eyantra_warehouse//models/lab/model.sdf
-- Up-to-date: /home/kshitij/colcon_ws/install/eyantra_warehouse/share/eyantra_warehouse//models/moon_surface
-- Up-to-date: /home/kshitij/colcon_ws/install/eyantra_warehouse/share/eyantra_warehouse//models/moon_surface/meshes
-- Installing: /home/kshitij/colcon_ws/install/eyantra_warehouse/share/eyantra_warehouse//models/moon_surface/meshes/moon_surface.dae
-- Installing: /home/kshitij/colcon_ws/install/eyantra_warehouse/share/eyantra_warehouse//models/moon_surface/meshes/moon_texture.jpg
-- Installing: /home/kshitij/colcon_ws/install/eyantra_warehouse/share/eyantra_warehouse//models/moon_surface/model.config
-- Installing: /home/kshitij/colcon_ws/install/eyantra_warehouse/share/eyantra_warehouse//models/moon_surface/model.sdf
-- Up-to-date: /home/kshitij/colcon_ws/install/eyantra_warehouse/share/eyantra_warehouse//models/office
-- Up-to-date: /home/kshitij/colcon_ws/install/eyantra_warehouse/share/eyantra_warehouse//models/office/meshes
-- Installing: /home/kshitij/colcon_ws/install/eyantra_warehouse/share/eyantra_warehouse//models/office/meshes/Bricks01_COL_VAR1_3K.jpg.002.jpg
-- Installing: /home/kshitij/colcon_ws/install/eyantra_warehouse/share/eyantra_warehouse//models/office/meshes/ConcreteWall001_COL_VAR1_3K.jpg.002.jpg
-- Installing: /home/kshitij/colcon_ws/install/eyantra_warehouse/share/eyantra_warehouse//models/office/meshes/GroundClay002_COL_VAR1_3K.jpg.001.jpg
-- Installing: /home/kshitij/colcon_ws/install/eyantra_warehouse/share/eyantra_warehouse//models/office/meshes/MetalCorrodedHeavy001_COL_3K_METALNESS.jpg.002.jpg
-- Installing: /home/kshitij/colcon_ws/install/eyantra_warehouse/share/eyantra_warehouse//models/office/meshes/MetalCorrugatedIronSheet002_METALNESS_3K_METALNESS.jpg.002.jpg
-- Installing: /home/kshitij/colcon_ws/install/eyantra_warehouse/share/eyantra_warehouse//models/office/meshes/MetalSpottyDiscoloration001_COL_3K_METALNESS.jpg.002.jpg
-- Installing: /home/kshitij/colcon_ws/install/eyantra_warehouse/share/eyantra_warehouse//models/office/meshes/SB.mtl
-- Installing: /home/kshitij/colcon_ws/install/eyantra_warehouse/share/eyantra_warehouse//models/office/meshes/SB.obj
-- Installing: /home/kshitij/colcon_ws/install/eyantra_warehouse/share/eyantra_warehouse//models/office/meshes/SB_fixed.mtl
-- Installing: /home/kshitij/colcon_ws/install/eyantra_warehouse/share/eyantra_warehouse//models/office/meshes/SB_fixed.obj
-- Installing: /home/kshitij/colcon_ws/install/eyantra_warehouse/share/eyantra_warehouse//models/office/meshes/Tiles05_COL_VAR1_3K.jpg.001.jpg
-- Installing: /home/kshitij/colcon_ws/install/eyantra_warehouse/share/eyantra_warehouse//models/office/meshes/TilesRectangularMirrorGray001_COL_3K.jpg.001.jpg
-- Installing: /home/kshitij/colcon_ws/install/eyantra_warehouse/share/eyantra_warehouse//models/office/meshes/WoodFlooring061_COL_3K.jpg.001.jpg
-- Installing: /home/kshitij/colcon_ws/install/eyantra_warehouse/share/eyantra_warehouse//models/office/meshes/WoodFlooringMahoganyAfricanSanded001_COL_3K.jpg.001.jpg
-- Installing: /home/kshitij/colcon_ws/install/eyantra_warehouse/share/eyantra_warehouse//models/office/meshes/WoodPlanksWorn33_COL_VAR1_3K.jpg.002.jpg
-- Installing: /home/kshitij/colcon_ws/install/eyantra_warehouse/share/eyantra_warehouse//models/office/meshes/cardboard.jpg
-- Installing: /home/kshitij/colcon_ws/install/eyantra_warehouse/share/eyantra_warehouse//models/office/meshes/concrete_bag.jpg
-- Installing: /home/kshitij/colcon_ws/install/eyantra_warehouse/share/eyantra_warehouse//models/office/meshes/cp_walls.jpg
-- Installing: /home/kshitij/colcon_ws/install/eyantra_warehouse/share/eyantra_warehouse//models/office/meshes/fixed_sb_bake_2k.png
-- Installing: /home/kshitij/colcon_ws/install/eyantra_warehouse/share/eyantra_warehouse//models/office/meshes/office.dae
-- Installing: /home/kshitij/colcon_ws/install/eyantra_warehouse/share/eyantra_warehouse//models/office/meshes/office_construction.dae
-- Installing: /home/kshitij/colcon_ws/install/eyantra_warehouse/share/eyantra_warehouse//models/office/meshes/sb_bake_2k.png
-- Installing: /home/kshitij/colcon_ws/install/eyantra_warehouse/share/eyantra_warehouse//models/office/meshes/whiteboard.jpg
-- Installing: /home/kshitij/colcon_ws/install/eyantra_warehouse/share/eyantra_warehouse//models/office/model.config
-- Installing: /home/kshitij/colcon_ws/install/eyantra_warehouse/share/eyantra_warehouse//models/office/model.sdf
-- Up-to-date: /home/kshitij/colcon_ws/install/eyantra_warehouse/share/eyantra_warehouse//models/package_box
-- Up-to-date: /home/kshitij/colcon_ws/install/eyantra_warehouse/share/eyantra_warehouse//models/package_box/meshes
-- Installing: /home/kshitij/colcon_ws/install/eyantra_warehouse/share/eyantra_warehouse//models/package_box/meshes/4x4_1000-0.png
-- Installing: /home/kshitij/colcon_ws/install/eyantra_warehouse/share/eyantra_warehouse//models/package_box/meshes/aws_robomaker_warehouse_ClutteringC_02.png
-- Installing: /home/kshitij/colcon_ws/install/eyantra_warehouse/share/eyantra_warehouse//models/package_box/meshes/package_box.dae
-- Installing: /home/kshitij/colcon_ws/install/eyantra_warehouse/share/eyantra_warehouse//models/package_box/model.config
-- Installing: /home/kshitij/colcon_ws/install/eyantra_warehouse/share/eyantra_warehouse//models/package_box/model.sdf
-- Up-to-date: /home/kshitij/colcon_ws/install/eyantra_warehouse/share/eyantra_warehouse//models/rack
-- Up-to-date: /home/kshitij/colcon_ws/install/eyantra_warehouse/share/eyantra_warehouse//models/rack/meshes
-- Installing: /home/kshitij/colcon_ws/install/eyantra_warehouse/share/eyantra_warehouse//models/rack/meshes/brushedsteel4.jpg
-- Installing: /home/kshitij/colcon_ws/install/eyantra_warehouse/share/eyantra_warehouse//models/rack/meshes/brushedsteel_bg.jpg
-- Installing: /home/kshitij/colcon_ws/install/eyantra_warehouse/share/eyantra_warehouse//models/rack/meshes/rack.dae
-- Installing: /home/kshitij/colcon_ws/install/eyantra_warehouse/share/eyantra_warehouse//models/rack/meshes/rack.stl
-- Installing: /home/kshitij/colcon_ws/install/eyantra_warehouse/share/eyantra_warehouse//models/rack/model.config
-- Installing: /home/kshitij/colcon_ws/install/eyantra_warehouse/share/eyantra_warehouse//models/rack/model.sdf
-- Up-to-date: /home/kshitij/colcon_ws/install/eyantra_warehouse/share/eyantra_warehouse//models/rack_base
-- Installing: /home/kshitij/colcon_ws/install/eyantra_warehouse/share/eyantra_warehouse//models/rack_base/model.config
-- Installing: /home/kshitij/colcon_ws/install/eyantra_warehouse/share/eyantra_warehouse//models/rack_base/model.sdf
-- Up-to-date: /home/kshitij/colcon_ws/install/eyantra_warehouse/share/eyantra_warehouse//models/rack_with_box
-- Up-to-date: /home/kshitij/colcon_ws/install/eyantra_warehouse/share/eyantra_warehouse//models/rack_with_box/meshes
-- Installing: /home/kshitij/colcon_ws/install/eyantra_warehouse/share/eyantra_warehouse//models/rack_with_box/meshes/brushedsteel_bg.jpg
-- Installing: /home/kshitij/colcon_ws/install/eyantra_warehouse/share/eyantra_warehouse//models/rack_with_box/meshes/rack.dae
-- Installing: /home/kshitij/colcon_ws/install/eyantra_warehouse/share/eyantra_warehouse//models/rack_with_box/model.config
-- Installing: /home/kshitij/colcon_ws/install/eyantra_warehouse/share/eyantra_warehouse//models/rack_with_box/model.sdf
-- Up-to-date: /home/kshitij/colcon_ws/install/eyantra_warehouse/share/eyantra_warehouse//models/warehouse_boundary
-- Up-to-date: /home/kshitij/colcon_ws/install/eyantra_warehouse/share/eyantra_warehouse//models/warehouse_boundary/meshes
-- Installing: /home/kshitij/colcon_ws/install/eyantra_warehouse/share/eyantra_warehouse//models/warehouse_boundary/meshes/warehouse_boundary.dae
-- Installing: /home/kshitij/colcon_ws/install/eyantra_warehouse/share/eyantra_warehouse//models/warehouse_boundary/meshes/warehouse_boundary_glass_cover.dae
-- Installing: /home/kshitij/colcon_ws/install/eyantra_warehouse/share/eyantra_warehouse//models/warehouse_boundary/meshes/warehouse_floor.jpg
-- Installing: /home/kshitij/colcon_ws/install/eyantra_warehouse/share/eyantra_warehouse//models/warehouse_boundary/model.config
-- Installing: /home/kshitij/colcon_ws/install/eyantra_warehouse/share/eyantra_warehouse//models/warehouse_boundary/model.sdf
-- Up-to-date: /home/kshitij/colcon_ws/install/eyantra_warehouse/share/eyantra_warehouse//config
-- Installing: /home/kshitij/colcon_ws/install/eyantra_warehouse/share/eyantra_warehouse//config/SkyX_Moon.fragment
-- Installing: /home/kshitij/colcon_ws/install/eyantra_warehouse/share/eyantra_warehouse//config/SkyX_Moon.png
-- Installing: /home/kshitij/colcon_ws/install/eyantra_warehouse/share/eyantra_warehouse//config/package_link.json
-- Up-to-date: /home/kshitij/colcon_ws/install/eyantra_warehouse/share/ament_index/resource_index/package_run_dependencies/eyantra_warehouse
-- Installing: /home/kshitij/colcon_ws/install/eyantra_warehouse/share/ament_index/resource_index/parent_prefix_path/eyantra_warehouse
-- Installing: /home/kshitij/colcon_ws/install/eyantra_warehouse/share/eyantra_warehouse/environment/ament_prefix_path.sh
-- Installing: /home/kshitij/colcon_ws/install/eyantra_warehouse/share/eyantra_warehouse/environment/ament_prefix_path.dsv
-- Installing: /home/kshitij/colcon_ws/install/eyantra_warehouse/share/eyantra_warehouse/environment/path.sh
-- Installing: /home/kshitij/colcon_ws/install/eyantra_warehouse/share/eyantra_warehouse/environment/path.dsv
-- Up-to-date: /home/kshitij/colcon_ws/install/eyantra_warehouse/share/eyantra_warehouse/local_setup.bash
-- Up-to-date: /home/kshitij/colcon_ws/install/eyantra_warehouse/share/eyantra_warehouse/local_setup.sh
-- Up-to-date: /home/kshitij/colcon_ws/install/eyantra_warehouse/share/eyantra_warehouse/local_setup.zsh
-- Installing: /home/kshitij/colcon_ws/install/eyantra_warehouse/share/eyantra_warehouse/local_setup.dsv
-- Installing: /home/kshitij/colcon_ws/install/eyantra_warehouse/share/eyantra_warehouse/package.dsv
-- Up-to-date: /home/kshitij/colcon_ws/install/eyantra_warehouse/share/ament_index/resource_index/packages/eyantra_warehouse
-- Up-to-date: /home/kshitij/colcon_ws/install/eyantra_warehouse/share/eyantra_warehouse/cmake/eyantra_warehouseConfig.cmake
-- Up-to-date: /home/kshitij/colcon_ws/install/eyantra_warehouse/share/eyantra_warehouse/cmake/eyantra_warehouseConfig-version.cmake
-- Installing: /home/kshitij/colcon_ws/install/eyantra_warehouse/share/eyantra_warehouse/package.xml
