[0.242s] Invoking command in '/home/kshitij/colcon_ws/build/eyantra_warehouse': CMAKE_PREFIX_PATH=${CMAKE_PREFIX_PATH}:/opt/ros/humble /usr/bin/cmake --build /home/kshitij/colcon_ws/build/eyantra_warehouse -- -j16 -l16
[0.262s] -- Found ament_cmake: 1.3.5 (/opt/ros/humble/share/ament_cmake/cmake)
[0.392s] -- Found ament_lint_auto: 0.12.8 (/opt/ros/humble/share/ament_lint_auto/cmake)
[0.449s] -- Added test 'copyright' to check source files copyright and LICENSE
[0.503s] -- Added test 'flake8' to check Python code syntax and style conventions
[0.510s] -- Added test 'lint_cmake' to check CMake code style
[0.514s] -- Added test 'pep257' to check Python code against some of the docstring style conventions in PEP 257
[0.542s] -- Added test 'xmllint' to check XML markup files
[0.543s] -- Configuring done
[0.546s] -- Generating done
[0.547s] -- Build files have been written to: /home/kshitij/colcon_ws/build/eyantra_warehouse
[0.570s] Invoked command in '/home/kshitij/colcon_ws/build/eyantra_warehouse' returned '0': CMAKE_PREFIX_PATH=${CMAKE_PREFIX_PATH}:/opt/ros/humble /usr/bin/cmake --build /home/kshitij/colcon_ws/build/eyantra_warehouse -- -j16 -l16
[0.605s] Invoking command in '/home/kshitij/colcon_ws/build/eyantra_warehouse': CMAKE_PREFIX_PATH=${CMAKE_PREFIX_PATH}:/opt/ros/humble /usr/bin/cmake --install /home/kshitij/colcon_ws/build/eyantra_warehouse
[0.613s] -- Install configuration: ""
[0.613s] -- Up-to-date: /home/kshitij/colcon_ws/install/eyantra_warehouse/share/eyantra_warehouse//launch
[0.613s] -- Installing: /home/kshitij/colcon_ws/install/eyantra_warehouse/share/eyantra_warehouse//launch/some_launch_file.launch.py
[0.614s] -- Up-to-date: /home/kshitij/colcon_ws/install/eyantra_warehouse/share/eyantra_warehouse//worlds
[0.614s] -- Installing: /home/kshitij/colcon_ws/install/eyantra_warehouse/share/eyantra_warehouse//worlds/eyantra_warehouse.world
[0.614s] -- Up-to-date: /home/kshitij/colcon_ws/install/eyantra_warehouse/share/eyantra_warehouse//models
[0.614s] -- Up-to-date: /home/kshitij/colcon_ws/install/eyantra_warehouse/share/eyantra_warehouse//models/box
[0.614s] -- Up-to-date: /home/kshitij/colcon_ws/install/eyantra_warehouse/share/eyantra_warehouse//models/box/meshes
[0.614s] -- Installing: /home/kshitij/colcon_ws/install/eyantra_warehouse/share/eyantra_warehouse//models/box/meshes/aruco_tag.jpg
[0.614s] -- Installing: /home/kshitij/colcon_ws/install/eyantra_warehouse/share/eyantra_warehouse//models/box/meshes/box.dae
[0.615s] -- Installing: /home/kshitij/colcon_ws/install/eyantra_warehouse/share/eyantra_warehouse//models/box/meshes/box__bg.png
[0.615s] -- Installing: /home/kshitij/colcon_ws/install/eyantra_warehouse/share/eyantra_warehouse//models/box/meshes/cardboard_bg.png
[0.615s] -- Installing: /home/kshitij/colcon_ws/install/eyantra_warehouse/share/eyantra_warehouse//models/box/meshes/centroid_old_box.zip
[0.615s] -- Installing: /home/kshitij/colcon_ws/install/eyantra_warehouse/share/eyantra_warehouse//models/box/model.config
[0.616s] -- Installing: /home/kshitij/colcon_ws/install/eyantra_warehouse/share/eyantra_warehouse//models/box/model.sdf
[0.616s] -- Up-to-date: /home/kshitij/colcon_ws/install/eyantra_warehouse/share/eyantra_warehouse//models/boxes
[0.616s] -- Installing: /home/kshitij/colcon_ws/install/eyantra_warehouse/share/eyantra_warehouse//models/boxes/box.stl
[0.616s] -- Up-to-date: /home/kshitij/colcon_ws/install/eyantra_warehouse/share/eyantra_warehouse//models/boxes/box_1
[0.616s] -- Up-to-date: /home/kshitij/colcon_ws/install/eyantra_warehouse/share/eyantra_warehouse//models/boxes/box_1/meshes
[0.616s] -- Installing: /home/kshitij/colcon_ws/install/eyantra_warehouse/share/eyantra_warehouse//models/boxes/box_1/meshes/aruco_tag.jpg
[0.616s] -- Installing: /home/kshitij/colcon_ws/install/eyantra_warehouse/share/eyantra_warehouse//models/boxes/box_1/meshes/box.dae
[0.616s] -- Installing: /home/kshitij/colcon_ws/install/eyantra_warehouse/share/eyantra_warehouse//models/boxes/box_1/meshes/box__bg.png
[0.616s] -- Installing: /home/kshitij/colcon_ws/install/eyantra_warehouse/share/eyantra_warehouse//models/boxes/box_1/meshes/cardboard_bg.png
[0.617s] -- Installing: /home/kshitij/colcon_ws/install/eyantra_warehouse/share/eyantra_warehouse//models/boxes/box_1/model.config
[0.617s] -- Installing: /home/kshitij/colcon_ws/install/eyantra_warehouse/share/eyantra_warehouse//models/boxes/box_1/model.sdf
[0.617s] -- Up-to-date: /home/kshitij/colcon_ws/install/eyantra_warehouse/share/eyantra_warehouse//models/boxes/box_10
[0.617s] -- Up-to-date: /home/kshitij/colcon_ws/install/eyantra_warehouse/share/eyantra_warehouse//models/boxes/box_10/meshes
[0.617s] -- Installing: /home/kshitij/colcon_ws/install/eyantra_warehouse/share/eyantra_warehouse//models/boxes/box_10/meshes/aruco_tag.jpg
[0.617s] -- Installing: /home/kshitij/colcon_ws/install/eyantra_warehouse/share/eyantra_warehouse//models/boxes/box_10/meshes/box.dae
[0.617s] -- Installing: /home/kshitij/colcon_ws/install/eyantra_warehouse/share/eyantra_warehouse//models/boxes/box_10/meshes/box__bg.png
[0.617s] -- Installing: /home/kshitij/colcon_ws/install/eyantra_warehouse/share/eyantra_warehouse//models/boxes/box_10/meshes/cardboard_bg.png
[0.617s] -- Installing: /home/kshitij/colcon_ws/install/eyantra_warehouse/share/eyantra_warehouse//models/boxes/box_10/model.config
[0.618s] -- Installing: /home/kshitij/colcon_ws/install/eyantra_warehouse/share/eyantra_warehouse//models/boxes/box_10/model.sdf
[0.618s] -- Up-to-date: /home/kshitij/colcon_ws/install/eyantra_warehouse/share/eyantra_warehouse//models/boxes/box_11
[0.618s] -- Up-to-date: /home/kshitij/colcon_ws/install/eyantra_warehouse/share/eyantra_warehouse//models/boxes/box_11/meshes
[0.618s] -- Installing: /home/kshitij/colcon_ws/install/eyantra_warehouse/share/eyantra_warehouse//models/boxes/box_11/meshes/aruco_tag.jpg
[0.618s] -- Installing: /home/kshitij/colcon_ws/install/eyantra_warehouse/share/eyantra_warehouse//models/boxes/box_11/meshes/box.dae
[0.618s] -- Installing: /home/kshitij/colcon_ws/install/eyantra_warehouse/share/eyantra_warehouse//models/boxes/box_11/meshes/box__bg.png
[0.618s] -- Installing: /home/kshitij/colcon_ws/install/eyantra_warehouse/share/eyantra_warehouse//models/boxes/box_11/meshes/cardboard_bg.png
[0.618s] -- Installing: /home/kshitij/colcon_ws/install/eyantra_warehouse/share/eyantra_warehouse//models/boxes/box_11/model.config
[0.618s] -- Installing: /home/kshitij/colcon_ws/install/eyantra_warehouse/share/eyantra_warehouse//models/boxes/box_11/model.sdf
[0.619s] -- Up-to-date: /home/kshitij/colcon_ws/install/eyantra_warehouse/share/eyantra_warehouse//models/boxes/box_12
[0.619s] -- Up-to-date: /home/kshitij/colcon_ws/install/eyantra_warehouse/share/eyantra_warehouse//models/boxes/box_12/meshes
[0.619s] -- Installing: /home/kshitij/colcon_ws/install/eyantra_warehouse/share/eyantra_warehouse//models/boxes/box_12/meshes/aruco_tag.jpg
[0.619s] -- Installing: /home/kshitij/colcon_ws/install/eyantra_warehouse/share/eyantra_warehouse//models/boxes/box_12/meshes/box.dae
[0.619s] -- Installing: /home/kshitij/colcon_ws/install/eyantra_warehouse/share/eyantra_warehouse//models/boxes/box_12/meshes/box__bg.png
[0.619s] -- Installing: /home/kshitij/colcon_ws/install/eyantra_warehouse/share/eyantra_warehouse//models/boxes/box_12/meshes/cardboard_bg.png
[0.619s] -- Installing: /home/kshitij/colcon_ws/install/eyantra_warehouse/share/eyantra_warehouse//models/boxes/box_12/model.config
[0.619s] -- Installing: /home/kshitij/colcon_ws/install/eyantra_warehouse/share/eyantra_warehouse//models/boxes/box_12/model.sdf
[0.619s] -- Up-to-date: /home/kshitij/colcon_ws/install/eyantra_warehouse/share/eyantra_warehouse//models/boxes/box_13
[0.620s] -- Up-to-date: /home/kshitij/colcon_ws/install/eyantra_warehouse/share/eyantra_warehouse//models/boxes/box_13/meshes
[0.620s] -- Installing: /home/kshitij/colcon_ws/install/eyantra_warehouse/share/eyantra_warehouse//models/boxes/box_13/meshes/aruco_tag.jpg
[0.620s] -- Installing: /home/kshitij/colcon_ws/install/eyantra_warehouse/share/eyantra_warehouse//models/boxes/box_13/meshes/box.dae
[0.620s] -- Installing: /home/kshitij/colcon_ws/install/eyantra_warehouse/share/eyantra_warehouse//models/boxes/box_13/meshes/box__bg.png
[0.620s] -- Installing: /home/kshitij/colcon_ws/install/eyantra_warehouse/share/eyantra_warehouse//models/boxes/box_13/meshes/cardboard_bg.png
[0.620s] -- Installing: /home/kshitij/colcon_ws/install/eyantra_warehouse/share/eyantra_warehouse//models/boxes/box_13/model.config
[0.620s] -- Installing: /home/kshitij/colcon_ws/install/eyantra_warehouse/share/eyantra_warehouse//models/boxes/box_13/model.sdf
[0.620s] -- Up-to-date: /home/kshitij/colcon_ws/install/eyantra_warehouse/share/eyantra_warehouse//models/boxes/box_14
[0.620s] -- Up-to-date: /home/kshitij/colcon_ws/install/eyantra_warehouse/share/eyantra_warehouse//models/boxes/box_14/meshes
[0.621s] -- Installing: /home/kshitij/colcon_ws/install/eyantra_warehouse/share/eyantra_warehouse//models/boxes/box_14/meshes/aruco_tag.jpg
[0.621s] -- Installing: /home/kshitij/colcon_ws/install/eyantra_warehouse/share/eyantra_warehouse//models/boxes/box_14/meshes/box.dae
[0.621s] -- Installing: /home/kshitij/colcon_ws/install/eyantra_warehouse/share/eyantra_warehouse//models/boxes/box_14/meshes/box__bg.png
[0.621s] -- Installing: /home/kshitij/colcon_ws/install/eyantra_warehouse/share/eyantra_warehouse//models/boxes/box_14/meshes/cardboard_bg.png
[0.621s] -- Installing: /home/kshitij/colcon_ws/install/eyantra_warehouse/share/eyantra_warehouse//models/boxes/box_14/model.config
[0.621s] -- Installing: /home/kshitij/colcon_ws/install/eyantra_warehouse/share/eyantra_warehouse//models/boxes/box_14/model.sdf
[0.621s] -- Up-to-date: /home/kshitij/colcon_ws/install/eyantra_warehouse/share/eyantra_warehouse//models/boxes/box_15
[0.621s] -- Up-to-date: /home/kshitij/colcon_ws/install/eyantra_warehouse/share/eyantra_warehouse//models/boxes/box_15/meshes
[0.621s] -- Installing: /home/kshitij/colcon_ws/install/eyantra_warehouse/share/eyantra_warehouse//models/boxes/box_15/meshes/aruco_tag.jpg
[0.622s] -- Installing: /home/kshitij/colcon_ws/install/eyantra_warehouse/share/eyantra_warehouse//models/boxes/box_15/meshes/box.dae
[0.622s] -- Installing: /home/kshitij/colcon_ws/install/eyantra_warehouse/share/eyantra_warehouse//models/boxes/box_15/meshes/box__bg.png
[0.622s] -- Installing: /home/kshitij/colcon_ws/install/eyantra_warehouse/share/eyantra_warehouse//models/boxes/box_15/meshes/cardboard_bg.png
[0.622s] -- Installing: /home/kshitij/colcon_ws/install/eyantra_warehouse/share/eyantra_warehouse//models/boxes/box_15/model.config
[0.622s] -- Installing: /home/kshitij/colcon_ws/install/eyantra_warehouse/share/eyantra_warehouse//models/boxes/box_15/model.sdf
[0.622s] -- Up-to-date: /home/kshitij/colcon_ws/install/eyantra_warehouse/share/eyantra_warehouse//models/boxes/box_16
[0.622s] -- Up-to-date: /home/kshitij/colcon_ws/install/eyantra_warehouse/share/eyantra_warehouse//models/boxes/box_16/meshes
[0.622s] -- Installing: /home/kshitij/colcon_ws/install/eyantra_warehouse/share/eyantra_warehouse//models/boxes/box_16/meshes/aruco_tag.jpg
[0.622s] -- Installing: /home/kshitij/colcon_ws/install/eyantra_warehouse/share/eyantra_warehouse//models/boxes/box_16/meshes/box.dae
[0.622s] -- Installing: /home/kshitij/colcon_ws/install/eyantra_warehouse/share/eyantra_warehouse//models/boxes/box_16/meshes/box__bg.png
[0.623s] -- Installing: /home/kshitij/colcon_ws/install/eyantra_warehouse/share/eyantra_warehouse//models/boxes/box_16/meshes/cardboard_bg.png
[0.623s] -- Installing: /home/kshitij/colcon_ws/install/eyantra_warehouse/share/eyantra_warehouse//models/boxes/box_16/model.config
[0.623s] -- Installing: /home/kshitij/colcon_ws/install/eyantra_warehouse/share/eyantra_warehouse//models/boxes/box_16/model.sdf
[0.623s] -- Up-to-date: /home/kshitij/colcon_ws/install/eyantra_warehouse/share/eyantra_warehouse//models/boxes/box_17
[0.623s] -- Up-to-date: /home/kshitij/colcon_ws/install/eyantra_warehouse/share/eyantra_warehouse//models/boxes/box_17/meshes
[0.623s] -- Installing: /home/kshitij/colcon_ws/install/eyantra_warehouse/share/eyantra_warehouse//models/boxes/box_17/meshes/aruco_tag.jpg
[0.623s] -- Installing: /home/kshitij/colcon_ws/install/eyantra_warehouse/share/eyantra_warehouse//models/boxes/box_17/meshes/box.dae
[0.623s] -- Installing: /home/kshitij/colcon_ws/install/eyantra_warehouse/share/eyantra_warehouse//models/boxes/box_17/meshes/box__bg.png
[0.623s] -- Installing: /home/kshitij/colcon_ws/install/eyantra_warehouse/share/eyantra_warehouse//models/boxes/box_17/meshes/cardboard_bg.png
[0.623s] -- Installing: /home/kshitij/colcon_ws/install/eyantra_warehouse/share/eyantra_warehouse//models/boxes/box_17/model.config
[0.624s] -- Installing: /home/kshitij/colcon_ws/install/eyantra_warehouse/share/eyantra_warehouse//models/boxes/box_17/model.sdf
[0.624s] -- Up-to-date: /home/kshitij/colcon_ws/install/eyantra_warehouse/share/eyantra_warehouse//models/boxes/box_18
[0.624s] -- Up-to-date: /home/kshitij/colcon_ws/install/eyantra_warehouse/share/eyantra_warehouse//models/boxes/box_18/meshes
[0.624s] -- Installing: /home/kshitij/colcon_ws/install/eyantra_warehouse/share/eyantra_warehouse//models/boxes/box_18/meshes/aruco_tag.jpg
[0.624s] -- Installing: /home/kshitij/colcon_ws/install/eyantra_warehouse/share/eyantra_warehouse//models/boxes/box_18/meshes/box.dae
[0.624s] -- Installing: /home/kshitij/colcon_ws/install/eyantra_warehouse/share/eyantra_warehouse//models/boxes/box_18/meshes/box__bg.png
[0.624s] -- Installing: /home/kshitij/colcon_ws/install/eyantra_warehouse/share/eyantra_warehouse//models/boxes/box_18/meshes/cardboard_bg.png
[0.624s] -- Installing: /home/kshitij/colcon_ws/install/eyantra_warehouse/share/eyantra_warehouse//models/boxes/box_18/model.config
[0.625s] -- Installing: /home/kshitij/colcon_ws/install/eyantra_warehouse/share/eyantra_warehouse//models/boxes/box_18/model.sdf
[0.625s] -- Up-to-date: /home/kshitij/colcon_ws/install/eyantra_warehouse/share/eyantra_warehouse//models/boxes/box_19
[0.625s] -- Up-to-date: /home/kshitij/colcon_ws/install/eyantra_warehouse/share/eyantra_warehouse//models/boxes/box_19/meshes
[0.625s] -- Installing: /home/kshitij/colcon_ws/install/eyantra_warehouse/share/eyantra_warehouse//models/boxes/box_19/meshes/aruco_tag.jpg
[0.625s] -- Installing: /home/kshitij/colcon_ws/install/eyantra_warehouse/share/eyantra_warehouse//models/boxes/box_19/meshes/box.dae
[0.625s] -- Installing: /home/kshitij/colcon_ws/install/eyantra_warehouse/share/eyantra_warehouse//models/boxes/box_19/meshes/box__bg.png
[0.625s] -- Installing: /home/kshitij/colcon_ws/install/eyantra_warehouse/share/eyantra_warehouse//models/boxes/box_19/meshes/cardboard_bg.png
[0.625s] -- Installing: /home/kshitij/colcon_ws/install/eyantra_warehouse/share/eyantra_warehouse//models/boxes/box_19/model.config
[0.625s] -- Installing: /home/kshitij/colcon_ws/install/eyantra_warehouse/share/eyantra_warehouse//models/boxes/box_19/model.sdf
[0.626s] -- Up-to-date: /home/kshitij/colcon_ws/install/eyantra_warehouse/share/eyantra_warehouse//models/boxes/box_2
[0.626s] -- Up-to-date: /home/kshitij/colcon_ws/install/eyantra_warehouse/share/eyantra_warehouse//models/boxes/box_2/meshes
[0.626s] -- Installing: /home/kshitij/colcon_ws/install/eyantra_warehouse/share/eyantra_warehouse//models/boxes/box_2/meshes/aruco_tag.jpg
[0.626s] -- Installing: /home/kshitij/colcon_ws/install/eyantra_warehouse/share/eyantra_warehouse//models/boxes/box_2/meshes/box.dae
[0.626s] -- Installing: /home/kshitij/colcon_ws/install/eyantra_warehouse/share/eyantra_warehouse//models/boxes/box_2/meshes/box__bg.png
[0.626s] -- Installing: /home/kshitij/colcon_ws/install/eyantra_warehouse/share/eyantra_warehouse//models/boxes/box_2/meshes/cardboard_bg.png
[0.626s] -- Installing: /home/kshitij/colcon_ws/install/eyantra_warehouse/share/eyantra_warehouse//models/boxes/box_2/model.config
[0.626s] -- Installing: /home/kshitij/colcon_ws/install/eyantra_warehouse/share/eyantra_warehouse//models/boxes/box_2/model.sdf
[0.626s] -- Up-to-date: /home/kshitij/colcon_ws/install/eyantra_warehouse/share/eyantra_warehouse//models/boxes/box_20
[0.626s] -- Up-to-date: /home/kshitij/colcon_ws/install/eyantra_warehouse/share/eyantra_warehouse//models/boxes/box_20/meshes
[0.627s] -- Installing: /home/kshitij/colcon_ws/install/eyantra_warehouse/share/eyantra_warehouse//models/boxes/box_20/meshes/aruco_tag.jpg
[0.627s] -- Installing: /home/kshitij/colcon_ws/install/eyantra_warehouse/share/eyantra_warehouse//models/boxes/box_20/meshes/box.dae
[0.627s] -- Installing: /home/kshitij/colcon_ws/install/eyantra_warehouse/share/eyantra_warehouse//models/boxes/box_20/meshes/box__bg.png
[0.627s] -- Installing: /home/kshitij/colcon_ws/install/eyantra_warehouse/share/eyantra_warehouse//models/boxes/box_20/meshes/cardboard_bg.png
[0.627s] -- Installing: /home/kshitij/colcon_ws/install/eyantra_warehouse/share/eyantra_warehouse//models/boxes/box_20/model.config
[0.627s] -- Installing: /home/kshitij/colcon_ws/install/eyantra_warehouse/share/eyantra_warehouse//models/boxes/box_20/model.sdf
[0.627s] -- Up-to-date: /home/kshitij/colcon_ws/install/eyantra_warehouse/share/eyantra_warehouse//models/boxes/box_21
[0.627s] -- Up-to-date: /home/kshitij/colcon_ws/install/eyantra_warehouse/share/eyantra_warehouse//models/boxes/box_21/meshes
[0.627s] -- Installing: /home/kshitij/colcon_ws/install/eyantra_warehouse/share/eyantra_warehouse//models/boxes/box_21/meshes/aruco_tag.jpg
[0.628s] -- Installing: /home/kshitij/colcon_ws/install/eyantra_warehouse/share/eyantra_warehouse//models/boxes/box_21/meshes/box.dae
[0.628s] -- Installing: /home/kshitij/colcon_ws/install/eyantra_warehouse/share/eyantra_warehouse//models/boxes/box_21/meshes/box__bg.png
[0.628s] -- Installing: /home/kshitij/colcon_ws/install/eyantra_warehouse/share/eyantra_warehouse//models/boxes/box_21/meshes/cardboard_bg.png
[0.628s] -- Installing: /home/kshitij/colcon_ws/install/eyantra_warehouse/share/eyantra_warehouse//models/boxes/box_21/model.config
[0.628s] -- Installing: /home/kshitij/colcon_ws/install/eyantra_warehouse/share/eyantra_warehouse//models/boxes/box_21/model.sdf
[0.628s] -- Up-to-date: /home/kshitij/colcon_ws/install/eyantra_warehouse/share/eyantra_warehouse//models/boxes/box_22
[0.628s] -- Up-to-date: /home/kshitij/colcon_ws/install/eyantra_warehouse/share/eyantra_warehouse//models/boxes/box_22/meshes
[0.628s] -- Installing: /home/kshitij/colcon_ws/install/eyantra_warehouse/share/eyantra_warehouse//models/boxes/box_22/meshes/aruco_tag.jpg
[0.628s] -- Installing: /home/kshitij/colcon_ws/install/eyantra_warehouse/share/eyantra_warehouse//models/boxes/box_22/meshes/box.dae
[0.629s] -- Installing: /home/kshitij/colcon_ws/install/eyantra_warehouse/share/eyantra_warehouse//models/boxes/box_22/meshes/box__bg.png
[0.629s] -- Installing: /home/kshitij/colcon_ws/install/eyantra_warehouse/share/eyantra_warehouse//models/boxes/box_22/meshes/cardboard_bg.png
[0.629s] -- Installing: /home/kshitij/colcon_ws/install/eyantra_warehouse/share/eyantra_warehouse//models/boxes/box_22/model.config
[0.629s] -- Installing: /home/kshitij/colcon_ws/install/eyantra_warehouse/share/eyantra_warehouse//models/boxes/box_22/model.sdf
[0.629s] -- Up-to-date: /home/kshitij/colcon_ws/install/eyantra_warehouse/share/eyantra_warehouse//models/boxes/box_23
[0.629s] -- Up-to-date: /home/kshitij/colcon_ws/install/eyantra_warehouse/share/eyantra_warehouse//models/boxes/box_23/meshes
[0.629s] -- Installing: /home/kshitij/colcon_ws/install/eyantra_warehouse/share/eyantra_warehouse//models/boxes/box_23/meshes/aruco_tag.jpg
[0.629s] -- Installing: /home/kshitij/colcon_ws/install/eyantra_warehouse/share/eyantra_warehouse//models/boxes/box_23/meshes/box.dae
[0.629s] -- Installing: /home/kshitij/colcon_ws/install/eyantra_warehouse/share/eyantra_warehouse//models/boxes/box_23/meshes/box__bg.png
[0.629s] -- Installing: /home/kshitij/colcon_ws/install/eyantra_warehouse/share/eyantra_warehouse//models/boxes/box_23/meshes/cardboard_bg.png
[0.630s] -- Installing: /home/kshitij/colcon_ws/install/eyantra_warehouse/share/eyantra_warehouse//models/boxes/box_23/model.config
[0.630s] -- Installing: /home/kshitij/colcon_ws/install/eyantra_warehouse/share/eyantra_warehouse//models/boxes/box_23/model.sdf
[0.630s] -- Up-to-date: /home/kshitij/colcon_ws/install/eyantra_warehouse/share/eyantra_warehouse//models/boxes/box_24
[0.630s] -- Up-to-date: /home/kshitij/colcon_ws/install/eyantra_warehouse/share/eyantra_warehouse//models/boxes/box_24/meshes
[0.630s] -- Installing: /home/kshitij/colcon_ws/install/eyantra_warehouse/share/eyantra_warehouse//models/boxes/box_24/meshes/aruco_tag.jpg
[0.630s] -- Installing: /home/kshitij/colcon_ws/install/eyantra_warehouse/share/eyantra_warehouse//models/boxes/box_24/meshes/box.dae
[0.630s] -- Installing: /home/kshitij/colcon_ws/install/eyantra_warehouse/share/eyantra_warehouse//models/boxes/box_24/meshes/box__bg.png
[0.630s] -- Installing: /home/kshitij/colcon_ws/install/eyantra_warehouse/share/eyantra_warehouse//models/boxes/box_24/meshes/cardboard_bg.png
[0.630s] -- Installing: /home/kshitij/colcon_ws/install/eyantra_warehouse/share/eyantra_warehouse//models/boxes/box_24/model.config
[0.631s] -- Installing: /home/kshitij/colcon_ws/install/eyantra_warehouse/share/eyantra_warehouse//models/boxes/box_24/model.sdf
[0.631s] -- Up-to-date: /home/kshitij/colcon_ws/install/eyantra_warehouse/share/eyantra_warehouse//models/boxes/box_25
[0.631s] -- Up-to-date: /home/kshitij/colcon_ws/install/eyantra_warehouse/share/eyantra_warehouse//models/boxes/box_25/meshes
[0.631s] -- Installing: /home/kshitij/colcon_ws/install/eyantra_warehouse/share/eyantra_warehouse//models/boxes/box_25/meshes/aruco_tag.jpg
[0.631s] -- Installing: /home/kshitij/colcon_ws/install/eyantra_warehouse/share/eyantra_warehouse//models/boxes/box_25/meshes/box.dae
[0.631s] -- Installing: /home/kshitij/colcon_ws/install/eyantra_warehouse/share/eyantra_warehouse//models/boxes/box_25/meshes/box__bg.png
[0.631s] -- Installing: /home/kshitij/colcon_ws/install/eyantra_warehouse/share/eyantra_warehouse//models/boxes/box_25/meshes/cardboard_bg.png
[0.631s] -- Installing: /home/kshitij/colcon_ws/install/eyantra_warehouse/share/eyantra_warehouse//models/boxes/box_25/model.config
[0.631s] -- Installing: /home/kshitij/colcon_ws/install/eyantra_warehouse/share/eyantra_warehouse//models/boxes/box_25/model.sdf
[0.631s] -- Up-to-date: /home/kshitij/colcon_ws/install/eyantra_warehouse/share/eyantra_warehouse//models/boxes/box_26
[0.632s] -- Up-to-date: /home/kshitij/colcon_ws/install/eyantra_warehouse/share/eyantra_warehouse//models/boxes/box_26/meshes
[0.632s] -- Installing: /home/kshitij/colcon_ws/install/eyantra_warehouse/share/eyantra_warehouse//models/boxes/box_26/meshes/aruco_tag.jpg
[0.632s] -- Installing: /home/kshitij/colcon_ws/install/eyantra_warehouse/share/eyantra_warehouse//models/boxes/box_26/meshes/box.dae
[0.632s] -- Installing: /home/kshitij/colcon_ws/install/eyantra_warehouse/share/eyantra_warehouse//models/boxes/box_26/meshes/box__bg.png
[0.632s] -- Installing: /home/kshitij/colcon_ws/install/eyantra_warehouse/share/eyantra_warehouse//models/boxes/box_26/meshes/cardboard_bg.png
[0.632s] -- Installing: /home/kshitij/colcon_ws/install/eyantra_warehouse/share/eyantra_warehouse//models/boxes/box_26/model.config
[0.632s] -- Installing: /home/kshitij/colcon_ws/install/eyantra_warehouse/share/eyantra_warehouse//models/boxes/box_26/model.sdf
[0.632s] -- Up-to-date: /home/kshitij/colcon_ws/install/eyantra_warehouse/share/eyantra_warehouse//models/boxes/box_27
[0.633s] -- Up-to-date: /home/kshitij/colcon_ws/install/eyantra_warehouse/share/eyantra_warehouse//models/boxes/box_27/meshes
[0.633s] -- Installing: /home/kshitij/colcon_ws/install/eyantra_warehouse/share/eyantra_warehouse//models/boxes/box_27/meshes/aruco_tag.jpg
[0.633s] -- Installing: /home/kshitij/colcon_ws/install/eyantra_warehouse/share/eyantra_warehouse//models/boxes/box_27/meshes/box.dae
[0.633s] -- Installing: /home/kshitij/colcon_ws/install/eyantra_warehouse/share/eyantra_warehouse//models/boxes/box_27/meshes/box__bg.png
[0.633s] -- Installing: /home/kshitij/colcon_ws/install/eyantra_warehouse/share/eyantra_warehouse//models/boxes/box_27/meshes/cardboard_bg.png
[0.633s] -- Installing: /home/kshitij/colcon_ws/install/eyantra_warehouse/share/eyantra_warehouse//models/boxes/box_27/model.config
[0.633s] -- Installing: /home/kshitij/colcon_ws/install/eyantra_warehouse/share/eyantra_warehouse//models/boxes/box_27/model.sdf
[0.633s] -- Up-to-date: /home/kshitij/colcon_ws/install/eyantra_warehouse/share/eyantra_warehouse//models/boxes/box_28
[0.633s] -- Up-to-date: /home/kshitij/colcon_ws/install/eyantra_warehouse/share/eyantra_warehouse//models/boxes/box_28/meshes
[0.633s] -- Installing: /home/kshitij/colcon_ws/install/eyantra_warehouse/share/eyantra_warehouse//models/boxes/box_28/meshes/aruco_tag.jpg
[0.634s] -- Installing: /home/kshitij/colcon_ws/install/eyantra_warehouse/share/eyantra_warehouse//models/boxes/box_28/meshes/box.dae
[0.634s] -- Installing: /home/kshitij/colcon_ws/install/eyantra_warehouse/share/eyantra_warehouse//models/boxes/box_28/meshes/box__bg.png
[0.634s] -- Installing: /home/kshitij/colcon_ws/install/eyantra_warehouse/share/eyantra_warehouse//models/boxes/box_28/meshes/cardboard_bg.png
[0.634s] -- Installing: /home/kshitij/colcon_ws/install/eyantra_warehouse/share/eyantra_warehouse//models/boxes/box_28/model.config
[0.634s] -- Installing: /home/kshitij/colcon_ws/install/eyantra_warehouse/share/eyantra_warehouse//models/boxes/box_28/model.sdf
[0.634s] -- Up-to-date: /home/kshitij/colcon_ws/install/eyantra_warehouse/share/eyantra_warehouse//models/boxes/box_29
[0.634s] -- Up-to-date: /home/kshitij/colcon_ws/install/eyantra_warehouse/share/eyantra_warehouse//models/boxes/box_29/meshes
[0.634s] -- Installing: /home/kshitij/colcon_ws/install/eyantra_warehouse/share/eyantra_warehouse//models/boxes/box_29/meshes/aruco_tag.jpg
[0.634s] -- Installing: /home/kshitij/colcon_ws/install/eyantra_warehouse/share/eyantra_warehouse//models/boxes/box_29/meshes/box.dae
[0.634s] -- Installing: /home/kshitij/colcon_ws/install/eyantra_warehouse/share/eyantra_warehouse//models/boxes/box_29/meshes/box__bg.png
[0.635s] -- Installing: /home/kshitij/colcon_ws/install/eyantra_warehouse/share/eyantra_warehouse//models/boxes/box_29/meshes/cardboard_bg.png
[0.635s] -- Installing: /home/kshitij/colcon_ws/install/eyantra_warehouse/share/eyantra_warehouse//models/boxes/box_29/model.config
[0.635s] -- Installing: /home/kshitij/colcon_ws/install/eyantra_warehouse/share/eyantra_warehouse//models/boxes/box_29/model.sdf
[0.635s] -- Up-to-date: /home/kshitij/colcon_ws/install/eyantra_warehouse/share/eyantra_warehouse//models/boxes/box_3
[0.635s] -- Up-to-date: /home/kshitij/colcon_ws/install/eyantra_warehouse/share/eyantra_warehouse//models/boxes/box_3/meshes
[0.635s] -- Installing: /home/kshitij/colcon_ws/install/eyantra_warehouse/share/eyantra_warehouse//models/boxes/box_3/meshes/aruco_tag.jpg
[0.635s] -- Installing: /home/kshitij/colcon_ws/install/eyantra_warehouse/share/eyantra_warehouse//models/boxes/box_3/meshes/box.dae
[0.635s] -- Installing: /home/kshitij/colcon_ws/install/eyantra_warehouse/share/eyantra_warehouse//models/boxes/box_3/meshes/box__bg.png
[0.636s] -- Installing: /home/kshitij/colcon_ws/install/eyantra_warehouse/share/eyantra_warehouse//models/boxes/box_3/meshes/cardboard_bg.png
[0.636s] -- Installing: /home/kshitij/colcon_ws/install/eyantra_warehouse/share/eyantra_warehouse//models/boxes/box_3/model.config
[0.636s] -- Installing: /home/kshitij/colcon_ws/install/eyantra_warehouse/share/eyantra_warehouse//models/boxes/box_3/model.sdf
[0.636s] -- Up-to-date: /home/kshitij/colcon_ws/install/eyantra_warehouse/share/eyantra_warehouse//models/boxes/box_30
[0.636s] -- Up-to-date: /home/kshitij/colcon_ws/install/eyantra_warehouse/share/eyantra_warehouse//models/boxes/box_30/meshes
[0.636s] -- Installing: /home/kshitij/colcon_ws/install/eyantra_warehouse/share/eyantra_warehouse//models/boxes/box_30/meshes/aruco_tag.jpg
[0.636s] -- Installing: /home/kshitij/colcon_ws/install/eyantra_warehouse/share/eyantra_warehouse//models/boxes/box_30/meshes/box.dae
[0.636s] -- Installing: /home/kshitij/colcon_ws/install/eyantra_warehouse/share/eyantra_warehouse//models/boxes/box_30/meshes/box__bg.png
[0.636s] -- Installing: /home/kshitij/colcon_ws/install/eyantra_warehouse/share/eyantra_warehouse//models/boxes/box_30/meshes/cardboard_bg.png
[0.636s] -- Installing: /home/kshitij/colcon_ws/install/eyantra_warehouse/share/eyantra_warehouse//models/boxes/box_30/model.config
[0.637s] -- Installing: /home/kshitij/colcon_ws/install/eyantra_warehouse/share/eyantra_warehouse//models/boxes/box_30/model.sdf
[0.637s] -- Up-to-date: /home/kshitij/colcon_ws/install/eyantra_warehouse/share/eyantra_warehouse//models/boxes/box_31
[0.637s] -- Up-to-date: /home/kshitij/colcon_ws/install/eyantra_warehouse/share/eyantra_warehouse//models/boxes/box_31/meshes
[0.637s] -- Installing: /home/kshitij/colcon_ws/install/eyantra_warehouse/share/eyantra_warehouse//models/boxes/box_31/meshes/aruco_tag.jpg
[0.637s] -- Installing: /home/kshitij/colcon_ws/install/eyantra_warehouse/share/eyantra_warehouse//models/boxes/box_31/meshes/box.dae
[0.637s] -- Installing: /home/kshitij/colcon_ws/install/eyantra_warehouse/share/eyantra_warehouse//models/boxes/box_31/meshes/box__bg.png
[0.637s] -- Installing: /home/kshitij/colcon_ws/install/eyantra_warehouse/share/eyantra_warehouse//models/boxes/box_31/meshes/cardboard_bg.png
[0.637s] -- Installing: /home/kshitij/colcon_ws/install/eyantra_warehouse/share/eyantra_warehouse//models/boxes/box_31/model.config
[0.637s] -- Installing: /home/kshitij/colcon_ws/install/eyantra_warehouse/share/eyantra_warehouse//models/boxes/box_31/model.sdf
[0.637s] -- Up-to-date: /home/kshitij/colcon_ws/install/eyantra_warehouse/share/eyantra_warehouse//models/boxes/box_32
[0.638s] -- Up-to-date: /home/kshitij/colcon_ws/install/eyantra_warehouse/share/eyantra_warehouse//models/boxes/box_32/meshes
[0.638s] -- Installing: /home/kshitij/colcon_ws/install/eyantra_warehouse/share/eyantra_warehouse//models/boxes/box_32/meshes/aruco_tag.jpg
[0.638s] -- Installing: /home/kshitij/colcon_ws/install/eyantra_warehouse/share/eyantra_warehouse//models/boxes/box_32/meshes/box.dae
[0.638s] -- Installing: /home/kshitij/colcon_ws/install/eyantra_warehouse/share/eyantra_warehouse//models/boxes/box_32/meshes/box__bg.png
[0.638s] -- Installing: /home/kshitij/colcon_ws/install/eyantra_warehouse/share/eyantra_warehouse//models/boxes/box_32/meshes/cardboard_bg.png
[0.638s] -- Installing: /home/kshitij/colcon_ws/install/eyantra_warehouse/share/eyantra_warehouse//models/boxes/box_32/model.config
[0.638s] -- Installing: /home/kshitij/colcon_ws/install/eyantra_warehouse/share/eyantra_warehouse//models/boxes/box_32/model.sdf
[0.638s] -- Up-to-date: /home/kshitij/colcon_ws/install/eyantra_warehouse/share/eyantra_warehouse//models/boxes/box_33
[0.638s] -- Up-to-date: /home/kshitij/colcon_ws/install/eyantra_warehouse/share/eyantra_warehouse//models/boxes/box_33/meshes
[0.639s] -- Installing: /home/kshitij/colcon_ws/install/eyantra_warehouse/share/eyantra_warehouse//models/boxes/box_33/meshes/aruco_tag.jpg
[0.639s] -- Installing: /home/kshitij/colcon_ws/install/eyantra_warehouse/share/eyantra_warehouse//models/boxes/box_33/meshes/box.dae
[0.639s] -- Installing: /home/kshitij/colcon_ws/install/eyantra_warehouse/share/eyantra_warehouse//models/boxes/box_33/meshes/box__bg.png
[0.639s] -- Installing: /home/kshitij/colcon_ws/install/eyantra_warehouse/share/eyantra_warehouse//models/boxes/box_33/meshes/cardboard_bg.png
[0.639s] -- Installing: /home/kshitij/colcon_ws/install/eyantra_warehouse/share/eyantra_warehouse//models/boxes/box_33/model.config
[0.639s] -- Installing: /home/kshitij/colcon_ws/install/eyantra_warehouse/share/eyantra_warehouse//models/boxes/box_33/model.sdf
[0.639s] -- Up-to-date: /home/kshitij/colcon_ws/install/eyantra_warehouse/share/eyantra_warehouse//models/boxes/box_34
[0.639s] -- Up-to-date: /home/kshitij/colcon_ws/install/eyantra_warehouse/share/eyantra_warehouse//models/boxes/box_34/meshes
[0.639s] -- Installing: /home/kshitij/colcon_ws/install/eyantra_warehouse/share/eyantra_warehouse//models/boxes/box_34/meshes/aruco_tag.jpg
[0.640s] -- Installing: /home/kshitij/colcon_ws/install/eyantra_warehouse/share/eyantra_warehouse//models/boxes/box_34/meshes/box.dae
[0.640s] -- Installing: /home/kshitij/colcon_ws/install/eyantra_warehouse/share/eyantra_warehouse//models/boxes/box_34/meshes/box__bg.png
[0.640s] -- Installing: /home/kshitij/colcon_ws/install/eyantra_warehouse/share/eyantra_warehouse//models/boxes/box_34/meshes/cardboard_bg.png
[0.640s] -- Installing: /home/kshitij/colcon_ws/install/eyantra_warehouse/share/eyantra_warehouse//models/boxes/box_34/model.config
[0.640s] -- Installing: /home/kshitij/colcon_ws/install/eyantra_warehouse/share/eyantra_warehouse//models/boxes/box_34/model.sdf
[0.640s] -- Up-to-date: /home/kshitij/colcon_ws/install/eyantra_warehouse/share/eyantra_warehouse//models/boxes/box_35
[0.640s] -- Up-to-date: /home/kshitij/colcon_ws/install/eyantra_warehouse/share/eyantra_warehouse//models/boxes/box_35/meshes
[0.640s] -- Installing: /home/kshitij/colcon_ws/install/eyantra_warehouse/share/eyantra_warehouse//models/boxes/box_35/meshes/aruco_tag.jpg
[0.640s] -- Installing: /home/kshitij/colcon_ws/install/eyantra_warehouse/share/eyantra_warehouse//models/boxes/box_35/meshes/box.dae
[0.640s] -- Installing: /home/kshitij/colcon_ws/install/eyantra_warehouse/share/eyantra_warehouse//models/boxes/box_35/meshes/box__bg.png
[0.641s] -- Installing: /home/kshitij/colcon_ws/install/eyantra_warehouse/share/eyantra_warehouse//models/boxes/box_35/meshes/cardboard_bg.png
[0.641s] -- Installing: /home/kshitij/colcon_ws/install/eyantra_warehouse/share/eyantra_warehouse//models/boxes/box_35/model.config
[0.641s] -- Installing: /home/kshitij/colcon_ws/install/eyantra_warehouse/share/eyantra_warehouse//models/boxes/box_35/model.sdf
[0.641s] -- Up-to-date: /home/kshitij/colcon_ws/install/eyantra_warehouse/share/eyantra_warehouse//models/boxes/box_36
[0.641s] -- Up-to-date: /home/kshitij/colcon_ws/install/eyantra_warehouse/share/eyantra_warehouse//models/boxes/box_36/meshes
[0.641s] -- Installing: /home/kshitij/colcon_ws/install/eyantra_warehouse/share/eyantra_warehouse//models/boxes/box_36/meshes/aruco_tag.jpg
[0.641s] -- Installing: /home/kshitij/colcon_ws/install/eyantra_warehouse/share/eyantra_warehouse//models/boxes/box_36/meshes/box.dae
[0.641s] -- Installing: /home/kshitij/colcon_ws/install/eyantra_warehouse/share/eyantra_warehouse//models/boxes/box_36/meshes/box__bg.png
[0.641s] -- Installing: /home/kshitij/colcon_ws/install/eyantra_warehouse/share/eyantra_warehouse//models/boxes/box_36/meshes/cardboard_bg.png
[0.641s] -- Installing: /home/kshitij/colcon_ws/install/eyantra_warehouse/share/eyantra_warehouse//models/boxes/box_36/model.config
[0.642s] -- Installing: /home/kshitij/colcon_ws/install/eyantra_warehouse/share/eyantra_warehouse//models/boxes/box_36/model.sdf
[0.642s] -- Up-to-date: /home/kshitij/colcon_ws/install/eyantra_warehouse/share/eyantra_warehouse//models/boxes/box_37
[0.642s] -- Up-to-date: /home/kshitij/colcon_ws/install/eyantra_warehouse/share/eyantra_warehouse//models/boxes/box_37/meshes
[0.642s] -- Installing: /home/kshitij/colcon_ws/install/eyantra_warehouse/share/eyantra_warehouse//models/boxes/box_37/meshes/aruco_tag.jpg
[0.642s] -- Installing: /home/kshitij/colcon_ws/install/eyantra_warehouse/share/eyantra_warehouse//models/boxes/box_37/meshes/box.dae
[0.642s] -- Installing: /home/kshitij/colcon_ws/install/eyantra_warehouse/share/eyantra_warehouse//models/boxes/box_37/meshes/box__bg.png
[0.642s] -- Installing: /home/kshitij/colcon_ws/install/eyantra_warehouse/share/eyantra_warehouse//models/boxes/box_37/meshes/cardboard_bg.png
[0.642s] -- Installing: /home/kshitij/colcon_ws/install/eyantra_warehouse/share/eyantra_warehouse//models/boxes/box_37/model.config
[0.642s] -- Installing: /home/kshitij/colcon_ws/install/eyantra_warehouse/share/eyantra_warehouse//models/boxes/box_37/model.sdf
[0.643s] -- Up-to-date: /home/kshitij/colcon_ws/install/eyantra_warehouse/share/eyantra_warehouse//models/boxes/box_38
[0.643s] -- Up-to-date: /home/kshitij/colcon_ws/install/eyantra_warehouse/share/eyantra_warehouse//models/boxes/box_38/meshes
[0.643s] -- Installing: /home/kshitij/colcon_ws/install/eyantra_warehouse/share/eyantra_warehouse//models/boxes/box_38/meshes/aruco_tag.jpg
[0.643s] -- Installing: /home/kshitij/colcon_ws/install/eyantra_warehouse/share/eyantra_warehouse//models/boxes/box_38/meshes/box.dae
[0.643s] -- Installing: /home/kshitij/colcon_ws/install/eyantra_warehouse/share/eyantra_warehouse//models/boxes/box_38/meshes/box__bg.png
[0.643s] -- Installing: /home/kshitij/colcon_ws/install/eyantra_warehouse/share/eyantra_warehouse//models/boxes/box_38/meshes/cardboard_bg.png
[0.643s] -- Installing: /home/kshitij/colcon_ws/install/eyantra_warehouse/share/eyantra_warehouse//models/boxes/box_38/model.config
[0.643s] -- Installing: /home/kshitij/colcon_ws/install/eyantra_warehouse/share/eyantra_warehouse//models/boxes/box_38/model.sdf
[0.643s] -- Up-to-date: /home/kshitij/colcon_ws/install/eyantra_warehouse/share/eyantra_warehouse//models/boxes/box_39
[0.644s] -- Up-to-date: /home/kshitij/colcon_ws/install/eyantra_warehouse/share/eyantra_warehouse//models/boxes/box_39/meshes
[0.644s] -- Installing: /home/kshitij/colcon_ws/install/eyantra_warehouse/share/eyantra_warehouse//models/boxes/box_39/meshes/aruco_tag.jpg
[0.644s] -- Installing: /home/kshitij/colcon_ws/install/eyantra_warehouse/share/eyantra_warehouse//models/boxes/box_39/meshes/box.dae
[0.644s] -- Installing: /home/kshitij/colcon_ws/install/eyantra_warehouse/share/eyantra_warehouse//models/boxes/box_39/meshes/box__bg.png
[0.644s] -- Installing: /home/kshitij/colcon_ws/install/eyantra_warehouse/share/eyantra_warehouse//models/boxes/box_39/meshes/cardboard_bg.png
[0.644s] -- Installing: /home/kshitij/colcon_ws/install/eyantra_warehouse/share/eyantra_warehouse//models/boxes/box_39/model.config
[0.644s] -- Installing: /home/kshitij/colcon_ws/install/eyantra_warehouse/share/eyantra_warehouse//models/boxes/box_39/model.sdf
[0.644s] -- Up-to-date: /home/kshitij/colcon_ws/install/eyantra_warehouse/share/eyantra_warehouse//models/boxes/box_4
[0.644s] -- Up-to-date: /home/kshitij/colcon_ws/install/eyantra_warehouse/share/eyantra_warehouse//models/boxes/box_4/meshes
[0.645s] -- Installing: /home/kshitij/colcon_ws/install/eyantra_warehouse/share/eyantra_warehouse//models/boxes/box_4/meshes/aruco_tag.jpg
[0.645s] -- Installing: /home/kshitij/colcon_ws/install/eyantra_warehouse/share/eyantra_warehouse//models/boxes/box_4/meshes/box.dae
[0.645s] -- Installing: /home/kshitij/colcon_ws/install/eyantra_warehouse/share/eyantra_warehouse//models/boxes/box_4/meshes/box__bg.png
[0.645s] -- Installing: /home/kshitij/colcon_ws/install/eyantra_warehouse/share/eyantra_warehouse//models/boxes/box_4/meshes/cardboard_bg.png
[0.645s] -- Installing: /home/kshitij/colcon_ws/install/eyantra_warehouse/share/eyantra_warehouse//models/boxes/box_4/model.config
[0.645s] -- Installing: /home/kshitij/colcon_ws/install/eyantra_warehouse/share/eyantra_warehouse//models/boxes/box_4/model.sdf
[0.645s] -- Up-to-date: /home/kshitij/colcon_ws/install/eyantra_warehouse/share/eyantra_warehouse//models/boxes/box_40
[0.645s] -- Up-to-date: /home/kshitij/colcon_ws/install/eyantra_warehouse/share/eyantra_warehouse//models/boxes/box_40/meshes
[0.645s] -- Installing: /home/kshitij/colcon_ws/install/eyantra_warehouse/share/eyantra_warehouse//models/boxes/box_40/meshes/aruco_tag.jpg
[0.645s] -- Installing: /home/kshitij/colcon_ws/install/eyantra_warehouse/share/eyantra_warehouse//models/boxes/box_40/meshes/box.dae
[0.646s] -- Installing: /home/kshitij/colcon_ws/install/eyantra_warehouse/share/eyantra_warehouse//models/boxes/box_40/meshes/box__bg.png
[0.646s] -- Installing: /home/kshitij/colcon_ws/install/eyantra_warehouse/share/eyantra_warehouse//models/boxes/box_40/meshes/cardboard_bg.png
[0.646s] -- Installing: /home/kshitij/colcon_ws/install/eyantra_warehouse/share/eyantra_warehouse//models/boxes/box_40/model.config
[0.646s] -- Installing: /home/kshitij/colcon_ws/install/eyantra_warehouse/share/eyantra_warehouse//models/boxes/box_40/model.sdf
[0.646s] -- Up-to-date: /home/kshitij/colcon_ws/install/eyantra_warehouse/share/eyantra_warehouse//models/boxes/box_41
[0.646s] -- Up-to-date: /home/kshitij/colcon_ws/install/eyantra_warehouse/share/eyantra_warehouse//models/boxes/box_41/meshes
[0.646s] -- Installing: /home/kshitij/colcon_ws/install/eyantra_warehouse/share/eyantra_warehouse//models/boxes/box_41/meshes/aruco_tag.jpg
[0.646s] -- Installing: /home/kshitij/colcon_ws/install/eyantra_warehouse/share/eyantra_warehouse//models/boxes/box_41/meshes/box.dae
[0.646s] -- Installing: /home/kshitij/colcon_ws/install/eyantra_warehouse/share/eyantra_warehouse//models/boxes/box_41/meshes/box__bg.png
[0.647s] -- Installing: /home/kshitij/colcon_ws/install/eyantra_warehouse/share/eyantra_warehouse//models/boxes/box_41/meshes/cardboard_bg.png
[0.647s] -- Installing: /home/kshitij/colcon_ws/install/eyantra_warehouse/share/eyantra_warehouse//models/boxes/box_41/model.config
[0.647s] -- Installing: /home/kshitij/colcon_ws/install/eyantra_warehouse/share/eyantra_warehouse//models/boxes/box_41/model.sdf
[0.647s] -- Up-to-date: /home/kshitij/colcon_ws/install/eyantra_warehouse/share/eyantra_warehouse//models/boxes/box_42
[0.647s] -- Up-to-date: /home/kshitij/colcon_ws/install/eyantra_warehouse/share/eyantra_warehouse//models/boxes/box_42/meshes
[0.647s] -- Installing: /home/kshitij/colcon_ws/install/eyantra_warehouse/share/eyantra_warehouse//models/boxes/box_42/meshes/aruco_tag.jpg
[0.647s] -- Installing: /home/kshitij/colcon_ws/install/eyantra_warehouse/share/eyantra_warehouse//models/boxes/box_42/meshes/box.dae
[0.647s] -- Installing: /home/kshitij/colcon_ws/install/eyantra_warehouse/share/eyantra_warehouse//models/boxes/box_42/meshes/box__bg.png
[0.648s] -- Installing: /home/kshitij/colcon_ws/install/eyantra_warehouse/share/eyantra_warehouse//models/boxes/box_42/meshes/cardboard_bg.png
[0.648s] -- Installing: /home/kshitij/colcon_ws/install/eyantra_warehouse/share/eyantra_warehouse//models/boxes/box_42/model.config
[0.648s] -- Installing: /home/kshitij/colcon_ws/install/eyantra_warehouse/share/eyantra_warehouse//models/boxes/box_42/model.sdf
[0.648s] -- Up-to-date: /home/kshitij/colcon_ws/install/eyantra_warehouse/share/eyantra_warehouse//models/boxes/box_43
[0.648s] -- Up-to-date: /home/kshitij/colcon_ws/install/eyantra_warehouse/share/eyantra_warehouse//models/boxes/box_43/meshes
[0.648s] -- Installing: /home/kshitij/colcon_ws/install/eyantra_warehouse/share/eyantra_warehouse//models/boxes/box_43/meshes/aruco_tag.jpg
[0.648s] -- Installing: /home/kshitij/colcon_ws/install/eyantra_warehouse/share/eyantra_warehouse//models/boxes/box_43/meshes/box.dae
[0.648s] -- Installing: /home/kshitij/colcon_ws/install/eyantra_warehouse/share/eyantra_warehouse//models/boxes/box_43/meshes/box__bg.png
[0.648s] -- Installing: /home/kshitij/colcon_ws/install/eyantra_warehouse/share/eyantra_warehouse//models/boxes/box_43/meshes/cardboard_bg.png
[0.648s] -- Installing: /home/kshitij/colcon_ws/install/eyantra_warehouse/share/eyantra_warehouse//models/boxes/box_43/model.config
[0.649s] -- Installing: /home/kshitij/colcon_ws/install/eyantra_warehouse/share/eyantra_warehouse//models/boxes/box_43/model.sdf
[0.649s] -- Up-to-date: /home/kshitij/colcon_ws/install/eyantra_warehouse/share/eyantra_warehouse//models/boxes/box_44
[0.649s] -- Up-to-date: /home/kshitij/colcon_ws/install/eyantra_warehouse/share/eyantra_warehouse//models/boxes/box_44/meshes
[0.649s] -- Installing: /home/kshitij/colcon_ws/install/eyantra_warehouse/share/eyantra_warehouse//models/boxes/box_44/meshes/aruco_tag.jpg
[0.649s] -- Installing: /home/kshitij/colcon_ws/install/eyantra_warehouse/share/eyantra_warehouse//models/boxes/box_44/meshes/box.dae
[0.649s] -- Installing: /home/kshitij/colcon_ws/install/eyantra_warehouse/share/eyantra_warehouse//models/boxes/box_44/meshes/box__bg.png
[0.649s] -- Installing: /home/kshitij/colcon_ws/install/eyantra_warehouse/share/eyantra_warehouse//models/boxes/box_44/meshes/cardboard_bg.png
[0.649s] -- Installing: /home/kshitij/colcon_ws/install/eyantra_warehouse/share/eyantra_warehouse//models/boxes/box_44/model.config
[0.649s] -- Installing: /home/kshitij/colcon_ws/install/eyantra_warehouse/share/eyantra_warehouse//models/boxes/box_44/model.sdf
[0.650s] -- Up-to-date: /home/kshitij/colcon_ws/install/eyantra_warehouse/share/eyantra_warehouse//models/boxes/box_45
[0.650s] -- Up-to-date: /home/kshitij/colcon_ws/install/eyantra_warehouse/share/eyantra_warehouse//models/boxes/box_45/meshes
[0.650s] -- Installing: /home/kshitij/colcon_ws/install/eyantra_warehouse/share/eyantra_warehouse//models/boxes/box_45/meshes/aruco_tag.jpg
[0.650s] -- Installing: /home/kshitij/colcon_ws/install/eyantra_warehouse/share/eyantra_warehouse//models/boxes/box_45/meshes/box.dae
[0.650s] -- Installing: /home/kshitij/colcon_ws/install/eyantra_warehouse/share/eyantra_warehouse//models/boxes/box_45/meshes/box__bg.png
[0.650s] -- Installing: /home/kshitij/colcon_ws/install/eyantra_warehouse/share/eyantra_warehouse//models/boxes/box_45/meshes/cardboard_bg.png
[0.650s] -- Installing: /home/kshitij/colcon_ws/install/eyantra_warehouse/share/eyantra_warehouse//models/boxes/box_45/model.config
[0.651s] -- Installing: /home/kshitij/colcon_ws/install/eyantra_warehouse/share/eyantra_warehouse//models/boxes/box_45/model.sdf
[0.651s] -- Up-to-date: /home/kshitij/colcon_ws/install/eyantra_warehouse/share/eyantra_warehouse//models/boxes/box_46
[0.651s] -- Up-to-date: /home/kshitij/colcon_ws/install/eyantra_warehouse/share/eyantra_warehouse//models/boxes/box_46/meshes
[0.651s] -- Installing: /home/kshitij/colcon_ws/install/eyantra_warehouse/share/eyantra_warehouse//models/boxes/box_46/meshes/aruco_tag.jpg
[0.651s] -- Installing: /home/kshitij/colcon_ws/install/eyantra_warehouse/share/eyantra_warehouse//models/boxes/box_46/meshes/box.dae
[0.651s] -- Installing: /home/kshitij/colcon_ws/install/eyantra_warehouse/share/eyantra_warehouse//models/boxes/box_46/meshes/box__bg.png
[0.651s] -- Installing: /home/kshitij/colcon_ws/install/eyantra_warehouse/share/eyantra_warehouse//models/boxes/box_46/meshes/cardboard_bg.png
[0.651s] -- Installing: /home/kshitij/colcon_ws/install/eyantra_warehouse/share/eyantra_warehouse//models/boxes/box_46/model.config
[0.651s] -- Installing: /home/kshitij/colcon_ws/install/eyantra_warehouse/share/eyantra_warehouse//models/boxes/box_46/model.sdf
[0.652s] -- Up-to-date: /home/kshitij/colcon_ws/install/eyantra_warehouse/share/eyantra_warehouse//models/boxes/box_47
[0.652s] -- Up-to-date: /home/kshitij/colcon_ws/install/eyantra_warehouse/share/eyantra_warehouse//models/boxes/box_47/meshes
[0.652s] -- Installing: /home/kshitij/colcon_ws/install/eyantra_warehouse/share/eyantra_warehouse//models/boxes/box_47/meshes/aruco_tag.jpg
[0.652s] -- Installing: /home/kshitij/colcon_ws/install/eyantra_warehouse/share/eyantra_warehouse//models/boxes/box_47/meshes/box.dae
[0.652s] -- Installing: /home/kshitij/colcon_ws/install/eyantra_warehouse/share/eyantra_warehouse//models/boxes/box_47/meshes/box__bg.png
[0.652s] -- Installing: /home/kshitij/colcon_ws/install/eyantra_warehouse/share/eyantra_warehouse//models/boxes/box_47/meshes/cardboard_bg.png
[0.652s] -- Installing: /home/kshitij/colcon_ws/install/eyantra_warehouse/share/eyantra_warehouse//models/boxes/box_47/model.config
[0.652s] -- Installing: /home/kshitij/colcon_ws/install/eyantra_warehouse/share/eyantra_warehouse//models/boxes/box_47/model.sdf
[0.652s] -- Up-to-date: /home/kshitij/colcon_ws/install/eyantra_warehouse/share/eyantra_warehouse//models/boxes/box_48
[0.653s] -- Up-to-date: /home/kshitij/colcon_ws/install/eyantra_warehouse/share/eyantra_warehouse//models/boxes/box_48/meshes
[0.653s] -- Installing: /home/kshitij/colcon_ws/install/eyantra_warehouse/share/eyantra_warehouse//models/boxes/box_48/meshes/aruco_tag.jpg
[0.653s] -- Installing: /home/kshitij/colcon_ws/install/eyantra_warehouse/share/eyantra_warehouse//models/boxes/box_48/meshes/box.dae
[0.653s] -- Installing: /home/kshitij/colcon_ws/install/eyantra_warehouse/share/eyantra_warehouse//models/boxes/box_48/meshes/box__bg.png
[0.653s] -- Installing: /home/kshitij/colcon_ws/install/eyantra_warehouse/share/eyantra_warehouse//models/boxes/box_48/meshes/cardboard_bg.png
[0.653s] -- Installing: /home/kshitij/colcon_ws/install/eyantra_warehouse/share/eyantra_warehouse//models/boxes/box_48/model.config
[0.653s] -- Installing: /home/kshitij/colcon_ws/install/eyantra_warehouse/share/eyantra_warehouse//models/boxes/box_48/model.sdf
[0.653s] -- Up-to-date: /home/kshitij/colcon_ws/install/eyantra_warehouse/share/eyantra_warehouse//models/boxes/box_49
[0.653s] -- Up-to-date: /home/kshitij/colcon_ws/install/eyantra_warehouse/share/eyantra_warehouse//models/boxes/box_49/meshes
[0.654s] -- Installing: /home/kshitij/colcon_ws/install/eyantra_warehouse/share/eyantra_warehouse//models/boxes/box_49/meshes/aruco_tag.jpg
[0.654s] -- Installing: /home/kshitij/colcon_ws/install/eyantra_warehouse/share/eyantra_warehouse//models/boxes/box_49/meshes/box.dae
[0.654s] -- Installing: /home/kshitij/colcon_ws/install/eyantra_warehouse/share/eyantra_warehouse//models/boxes/box_49/meshes/box__bg.png
[0.654s] -- Installing: /home/kshitij/colcon_ws/install/eyantra_warehouse/share/eyantra_warehouse//models/boxes/box_49/meshes/cardboard_bg.png
[0.654s] -- Installing: /home/kshitij/colcon_ws/install/eyantra_warehouse/share/eyantra_warehouse//models/boxes/box_49/model.config
[0.654s] -- Installing: /home/kshitij/colcon_ws/install/eyantra_warehouse/share/eyantra_warehouse//models/boxes/box_49/model.sdf
[0.654s] -- Up-to-date: /home/kshitij/colcon_ws/install/eyantra_warehouse/share/eyantra_warehouse//models/boxes/box_5
[0.654s] -- Up-to-date: /home/kshitij/colcon_ws/install/eyantra_warehouse/share/eyantra_warehouse//models/boxes/box_5/meshes
[0.654s] -- Installing: /home/kshitij/colcon_ws/install/eyantra_warehouse/share/eyantra_warehouse//models/boxes/box_5/meshes/aruco_tag.jpg
[0.655s] -- Installing: /home/kshitij/colcon_ws/install/eyantra_warehouse/share/eyantra_warehouse//models/boxes/box_5/meshes/box.dae
[0.655s] -- Installing: /home/kshitij/colcon_ws/install/eyantra_warehouse/share/eyantra_warehouse//models/boxes/box_5/meshes/box__bg.png
[0.655s] -- Installing: /home/kshitij/colcon_ws/install/eyantra_warehouse/share/eyantra_warehouse//models/boxes/box_5/meshes/cardboard_bg.png
[0.655s] -- Installing: /home/kshitij/colcon_ws/install/eyantra_warehouse/share/eyantra_warehouse//models/boxes/box_5/model.config
[0.655s] -- Installing: /home/kshitij/colcon_ws/install/eyantra_warehouse/share/eyantra_warehouse//models/boxes/box_5/model.sdf
[0.655s] -- Up-to-date: /home/kshitij/colcon_ws/install/eyantra_warehouse/share/eyantra_warehouse//models/boxes/box_50
[0.655s] -- Up-to-date: /home/kshitij/colcon_ws/install/eyantra_warehouse/share/eyantra_warehouse//models/boxes/box_50/meshes
[0.655s] -- Installing: /home/kshitij/colcon_ws/install/eyantra_warehouse/share/eyantra_warehouse//models/boxes/box_50/meshes/aruco_tag.jpg
[0.655s] -- Installing: /home/kshitij/colcon_ws/install/eyantra_warehouse/share/eyantra_warehouse//models/boxes/box_50/meshes/box.dae
[0.655s] -- Installing: /home/kshitij/colcon_ws/install/eyantra_warehouse/share/eyantra_warehouse//models/boxes/box_50/meshes/box__bg.png
[0.656s] -- Installing: /home/kshitij/colcon_ws/install/eyantra_warehouse/share/eyantra_warehouse//models/boxes/box_50/meshes/cardboard_bg.png
[0.656s] -- Installing: /home/kshitij/colcon_ws/install/eyantra_warehouse/share/eyantra_warehouse//models/boxes/box_50/model.config
[0.656s] -- Installing: /home/kshitij/colcon_ws/install/eyantra_warehouse/share/eyantra_warehouse//models/boxes/box_50/model.sdf
[0.656s] -- Up-to-date: /home/kshitij/colcon_ws/install/eyantra_warehouse/share/eyantra_warehouse//models/boxes/box_6
[0.656s] -- Up-to-date: /home/kshitij/colcon_ws/install/eyantra_warehouse/share/eyantra_warehouse//models/boxes/box_6/meshes
[0.656s] -- Installing: /home/kshitij/colcon_ws/install/eyantra_warehouse/share/eyantra_warehouse//models/boxes/box_6/meshes/aruco_tag.jpg
[0.656s] -- Installing: /home/kshitij/colcon_ws/install/eyantra_warehouse/share/eyantra_warehouse//models/boxes/box_6/meshes/box.dae
[0.656s] -- Installing: /home/kshitij/colcon_ws/install/eyantra_warehouse/share/eyantra_warehouse//models/boxes/box_6/meshes/box__bg.png
[0.656s] -- Installing: /home/kshitij/colcon_ws/install/eyantra_warehouse/share/eyantra_warehouse//models/boxes/box_6/meshes/cardboard_bg.png
[0.657s] -- Installing: /home/kshitij/colcon_ws/install/eyantra_warehouse/share/eyantra_warehouse//models/boxes/box_6/model.config
[0.657s] -- Installing: /home/kshitij/colcon_ws/install/eyantra_warehouse/share/eyantra_warehouse//models/boxes/box_6/model.sdf
[0.657s] -- Up-to-date: /home/kshitij/colcon_ws/install/eyantra_warehouse/share/eyantra_warehouse//models/boxes/box_7
[0.657s] -- Up-to-date: /home/kshitij/colcon_ws/install/eyantra_warehouse/share/eyantra_warehouse//models/boxes/box_7/meshes
[0.657s] -- Installing: /home/kshitij/colcon_ws/install/eyantra_warehouse/share/eyantra_warehouse//models/boxes/box_7/meshes/aruco_tag.jpg
[0.657s] -- Installing: /home/kshitij/colcon_ws/install/eyantra_warehouse/share/eyantra_warehouse//models/boxes/box_7/meshes/box.dae
[0.657s] -- Installing: /home/kshitij/colcon_ws/install/eyantra_warehouse/share/eyantra_warehouse//models/boxes/box_7/meshes/box__bg.png
[0.657s] -- Installing: /home/kshitij/colcon_ws/install/eyantra_warehouse/share/eyantra_warehouse//models/boxes/box_7/meshes/cardboard_bg.png
[0.657s] -- Installing: /home/kshitij/colcon_ws/install/eyantra_warehouse/share/eyantra_warehouse//models/boxes/box_7/model.config
[0.657s] -- Installing: /home/kshitij/colcon_ws/install/eyantra_warehouse/share/eyantra_warehouse//models/boxes/box_7/model.sdf
[0.657s] -- Up-to-date: /home/kshitij/colcon_ws/install/eyantra_warehouse/share/eyantra_warehouse//models/boxes/box_8
[0.658s] -- Up-to-date: /home/kshitij/colcon_ws/install/eyantra_warehouse/share/eyantra_warehouse//models/boxes/box_8/meshes
[0.658s] -- Installing: /home/kshitij/colcon_ws/install/eyantra_warehouse/share/eyantra_warehouse//models/boxes/box_8/meshes/aruco_tag.jpg
[0.658s] -- Installing: /home/kshitij/colcon_ws/install/eyantra_warehouse/share/eyantra_warehouse//models/boxes/box_8/meshes/box.dae
[0.658s] -- Installing: /home/kshitij/colcon_ws/install/eyantra_warehouse/share/eyantra_warehouse//models/boxes/box_8/meshes/box__bg.png
[0.658s] -- Installing: /home/kshitij/colcon_ws/install/eyantra_warehouse/share/eyantra_warehouse//models/boxes/box_8/meshes/cardboard_bg.png
[0.658s] -- Installing: /home/kshitij/colcon_ws/install/eyantra_warehouse/share/eyantra_warehouse//models/boxes/box_8/model.config
[0.658s] -- Installing: /home/kshitij/colcon_ws/install/eyantra_warehouse/share/eyantra_warehouse//models/boxes/box_8/model.sdf
[0.658s] -- Up-to-date: /home/kshitij/colcon_ws/install/eyantra_warehouse/share/eyantra_warehouse//models/boxes/box_9
[0.658s] -- Up-to-date: /home/kshitij/colcon_ws/install/eyantra_warehouse/share/eyantra_warehouse//models/boxes/box_9/meshes
[0.658s] -- Installing: /home/kshitij/colcon_ws/install/eyantra_warehouse/share/eyantra_warehouse//models/boxes/box_9/meshes/aruco_tag.jpg
[0.659s] -- Installing: /home/kshitij/colcon_ws/install/eyantra_warehouse/share/eyantra_warehouse//models/boxes/box_9/meshes/box.dae
[0.659s] -- Installing: /home/kshitij/colcon_ws/install/eyantra_warehouse/share/eyantra_warehouse//models/boxes/box_9/meshes/box__bg.png
[0.659s] -- Installing: /home/kshitij/colcon_ws/install/eyantra_warehouse/share/eyantra_warehouse//models/boxes/box_9/meshes/cardboard_bg.png
[0.659s] -- Installing: /home/kshitij/colcon_ws/install/eyantra_warehouse/share/eyantra_warehouse//models/boxes/box_9/model.config
[0.659s] -- Installing: /home/kshitij/colcon_ws/install/eyantra_warehouse/share/eyantra_warehouse//models/boxes/box_9/model.sdf
[0.659s] -- Up-to-date: /home/kshitij/colcon_ws/install/eyantra_warehouse/share/eyantra_warehouse//models/lab
[0.659s] -- Up-to-date: /home/kshitij/colcon_ws/install/eyantra_warehouse/share/eyantra_warehouse//models/lab/meshes
[0.659s] -- Installing: /home/kshitij/colcon_ws/install/eyantra_warehouse/share/eyantra_warehouse//models/lab/meshes/WoodFlooring044_COL_3K.jpg.001.jpg
[0.659s] -- Installing: /home/kshitij/colcon_ws/install/eyantra_warehouse/share/eyantra_warehouse//models/lab/meshes/WoodPlanksWorn33_COL_VAR1_3K.jpg.002.jpg
[0.659s] -- Installing: /home/kshitij/colcon_ws/install/eyantra_warehouse/share/eyantra_warehouse//models/lab/meshes/lab.dae
[0.671s] -- Installing: /home/kshitij/colcon_ws/install/eyantra_warehouse/share/eyantra_warehouse//models/lab/meshes/lab.stl
[0.681s] -- Installing: /home/kshitij/colcon_ws/install/eyantra_warehouse/share/eyantra_warehouse//models/lab/model.config
[0.681s] -- Installing: /home/kshitij/colcon_ws/install/eyantra_warehouse/share/eyantra_warehouse//models/lab/model.sdf
[0.681s] -- Up-to-date: /home/kshitij/colcon_ws/install/eyantra_warehouse/share/eyantra_warehouse//models/moon_surface
[0.681s] -- Up-to-date: /home/kshitij/colcon_ws/install/eyantra_warehouse/share/eyantra_warehouse//models/moon_surface/meshes
[0.682s] -- Installing: /home/kshitij/colcon_ws/install/eyantra_warehouse/share/eyantra_warehouse//models/moon_surface/meshes/moon_surface.dae
[0.682s] -- Installing: /home/kshitij/colcon_ws/install/eyantra_warehouse/share/eyantra_warehouse//models/moon_surface/meshes/moon_texture.jpg
[0.683s] -- Installing: /home/kshitij/colcon_ws/install/eyantra_warehouse/share/eyantra_warehouse//models/moon_surface/model.config
[0.683s] -- Installing: /home/kshitij/colcon_ws/install/eyantra_warehouse/share/eyantra_warehouse//models/moon_surface/model.sdf
[0.683s] -- Up-to-date: /home/kshitij/colcon_ws/install/eyantra_warehouse/share/eyantra_warehouse//models/office
[0.684s] -- Up-to-date: /home/kshitij/colcon_ws/install/eyantra_warehouse/share/eyantra_warehouse//models/office/meshes
[0.684s] -- Installing: /home/kshitij/colcon_ws/install/eyantra_warehouse/share/eyantra_warehouse//models/office/meshes/Bricks01_COL_VAR1_3K.jpg.002.jpg
[0.685s] -- Installing: /home/kshitij/colcon_ws/install/eyantra_warehouse/share/eyantra_warehouse//models/office/meshes/ConcreteWall001_COL_VAR1_3K.jpg.002.jpg
[0.685s] -- Installing: /home/kshitij/colcon_ws/install/eyantra_warehouse/share/eyantra_warehouse//models/office/meshes/GroundClay002_COL_VAR1_3K.jpg.001.jpg
[0.686s] -- Installing: /home/kshitij/colcon_ws/install/eyantra_warehouse/share/eyantra_warehouse//models/office/meshes/MetalCorrodedHeavy001_COL_3K_METALNESS.jpg.002.jpg
[0.687s] -- Installing: /home/kshitij/colcon_ws/install/eyantra_warehouse/share/eyantra_warehouse//models/office/meshes/MetalCorrugatedIronSheet002_METALNESS_3K_METALNESS.jpg.002.jpg
[0.687s] -- Installing: /home/kshitij/colcon_ws/install/eyantra_warehouse/share/eyantra_warehouse//models/office/meshes/MetalSpottyDiscoloration001_COL_3K_METALNESS.jpg.002.jpg
[0.688s] -- Installing: /home/kshitij/colcon_ws/install/eyantra_warehouse/share/eyantra_warehouse//models/office/meshes/SB.mtl
[0.688s] -- Installing: /home/kshitij/colcon_ws/install/eyantra_warehouse/share/eyantra_warehouse//models/office/meshes/SB.obj
[0.688s] -- Installing: /home/kshitij/colcon_ws/install/eyantra_warehouse/share/eyantra_warehouse//models/office/meshes/SB_fixed.mtl
[0.688s] -- Installing: /home/kshitij/colcon_ws/install/eyantra_warehouse/share/eyantra_warehouse//models/office/meshes/SB_fixed.obj
[0.688s] -- Installing: /home/kshitij/colcon_ws/install/eyantra_warehouse/share/eyantra_warehouse//models/office/meshes/Tiles05_COL_VAR1_3K.jpg.001.jpg
[0.689s] -- Installing: /home/kshitij/colcon_ws/install/eyantra_warehouse/share/eyantra_warehouse//models/office/meshes/TilesRectangularMirrorGray001_COL_3K.jpg.001.jpg
[0.689s] -- Installing: /home/kshitij/colcon_ws/install/eyantra_warehouse/share/eyantra_warehouse//models/office/meshes/WoodFlooring061_COL_3K.jpg.001.jpg
[0.690s] -- Installing: /home/kshitij/colcon_ws/install/eyantra_warehouse/share/eyantra_warehouse//models/office/meshes/WoodFlooringMahoganyAfricanSanded001_COL_3K.jpg.001.jpg
[0.691s] -- Installing: /home/kshitij/colcon_ws/install/eyantra_warehouse/share/eyantra_warehouse//models/office/meshes/WoodPlanksWorn33_COL_VAR1_3K.jpg.002.jpg
[0.691s] -- Installing: /home/kshitij/colcon_ws/install/eyantra_warehouse/share/eyantra_warehouse//models/office/meshes/cardboard.jpg
[0.692s] -- Installing: /home/kshitij/colcon_ws/install/eyantra_warehouse/share/eyantra_warehouse//models/office/meshes/concrete_bag.jpg
[0.692s] -- Installing: /home/kshitij/colcon_ws/install/eyantra_warehouse/share/eyantra_warehouse//models/office/meshes/cp_walls.jpg
[0.692s] -- Installing: /home/kshitij/colcon_ws/install/eyantra_warehouse/share/eyantra_warehouse//models/office/meshes/fixed_sb_bake_2k.png
[0.692s] -- Installing: /home/kshitij/colcon_ws/install/eyantra_warehouse/share/eyantra_warehouse//models/office/meshes/office.dae
[0.692s] -- Installing: /home/kshitij/colcon_ws/install/eyantra_warehouse/share/eyantra_warehouse//models/office/meshes/office_construction.dae
[0.692s] -- Installing: /home/kshitij/colcon_ws/install/eyantra_warehouse/share/eyantra_warehouse//models/office/meshes/sb_bake_2k.png
[0.693s] -- Installing: /home/kshitij/colcon_ws/install/eyantra_warehouse/share/eyantra_warehouse//models/office/meshes/whiteboard.jpg
[0.693s] -- Installing: /home/kshitij/colcon_ws/install/eyantra_warehouse/share/eyantra_warehouse//models/office/model.config
[0.693s] -- Installing: /home/kshitij/colcon_ws/install/eyantra_warehouse/share/eyantra_warehouse//models/office/model.sdf
[0.693s] -- Up-to-date: /home/kshitij/colcon_ws/install/eyantra_warehouse/share/eyantra_warehouse//models/package_box
[0.693s] -- Up-to-date: /home/kshitij/colcon_ws/install/eyantra_warehouse/share/eyantra_warehouse//models/package_box/meshes
[0.693s] -- Installing: /home/kshitij/colcon_ws/install/eyantra_warehouse/share/eyantra_warehouse//models/package_box/meshes/4x4_1000-0.png
[0.693s] -- Installing: /home/kshitij/colcon_ws/install/eyantra_warehouse/share/eyantra_warehouse//models/package_box/meshes/aws_robomaker_warehouse_ClutteringC_02.png
[0.693s] -- Installing: /home/kshitij/colcon_ws/install/eyantra_warehouse/share/eyantra_warehouse//models/package_box/meshes/package_box.dae
[0.693s] -- Installing: /home/kshitij/colcon_ws/install/eyantra_warehouse/share/eyantra_warehouse//models/package_box/model.config
[0.694s] -- Installing: /home/kshitij/colcon_ws/install/eyantra_warehouse/share/eyantra_warehouse//models/package_box/model.sdf
[0.694s] -- Up-to-date: /home/kshitij/colcon_ws/install/eyantra_warehouse/share/eyantra_warehouse//models/rack
[0.694s] -- Up-to-date: /home/kshitij/colcon_ws/install/eyantra_warehouse/share/eyantra_warehouse//models/rack/meshes
[0.694s] -- Installing: /home/kshitij/colcon_ws/install/eyantra_warehouse/share/eyantra_warehouse//models/rack/meshes/brushedsteel4.jpg
[0.694s] -- Installing: /home/kshitij/colcon_ws/install/eyantra_warehouse/share/eyantra_warehouse//models/rack/meshes/brushedsteel_bg.jpg
[0.694s] -- Installing: /home/kshitij/colcon_ws/install/eyantra_warehouse/share/eyantra_warehouse//models/rack/meshes/rack.dae
[0.694s] -- Installing: /home/kshitij/colcon_ws/install/eyantra_warehouse/share/eyantra_warehouse//models/rack/meshes/rack.stl
[0.695s] -- Installing: /home/kshitij/colcon_ws/install/eyantra_warehouse/share/eyantra_warehouse//models/rack/model.config
[0.695s] -- Installing: /home/kshitij/colcon_ws/install/eyantra_warehouse/share/eyantra_warehouse//models/rack/model.sdf
[0.695s] -- Up-to-date: /home/kshitij/colcon_ws/install/eyantra_warehouse/share/eyantra_warehouse//models/rack_base
[0.695s] -- Installing: /home/kshitij/colcon_ws/install/eyantra_warehouse/share/eyantra_warehouse//models/rack_base/model.config
[0.695s] -- Installing: /home/kshitij/colcon_ws/install/eyantra_warehouse/share/eyantra_warehouse//models/rack_base/model.sdf
[0.696s] -- Up-to-date: /home/kshitij/colcon_ws/install/eyantra_warehouse/share/eyantra_warehouse//models/rack_with_box
[0.696s] -- Up-to-date: /home/kshitij/colcon_ws/install/eyantra_warehouse/share/eyantra_warehouse//models/rack_with_box/meshes
[0.696s] -- Installing: /home/kshitij/colcon_ws/install/eyantra_warehouse/share/eyantra_warehouse//models/rack_with_box/meshes/brushedsteel_bg.jpg
[0.696s] -- Installing: /home/kshitij/colcon_ws/install/eyantra_warehouse/share/eyantra_warehouse//models/rack_with_box/meshes/rack.dae
[0.696s] -- Installing: /home/kshitij/colcon_ws/install/eyantra_warehouse/share/eyantra_warehouse//models/rack_with_box/model.config
[0.696s] -- Installing: /home/kshitij/colcon_ws/install/eyantra_warehouse/share/eyantra_warehouse//models/rack_with_box/model.sdf
[0.696s] -- Up-to-date: /home/kshitij/colcon_ws/install/eyantra_warehouse/share/eyantra_warehouse//models/warehouse_boundary
[0.696s] -- Up-to-date: /home/kshitij/colcon_ws/install/eyantra_warehouse/share/eyantra_warehouse//models/warehouse_boundary/meshes
[0.696s] -- Installing: /home/kshitij/colcon_ws/install/eyantra_warehouse/share/eyantra_warehouse//models/warehouse_boundary/meshes/warehouse_boundary.dae
[0.698s] -- Installing: /home/kshitij/colcon_ws/install/eyantra_warehouse/share/eyantra_warehouse//models/warehouse_boundary/meshes/warehouse_boundary_glass_cover.dae
[0.698s] -- Installing: /home/kshitij/colcon_ws/install/eyantra_warehouse/share/eyantra_warehouse//models/warehouse_boundary/meshes/warehouse_floor.jpg
[0.698s] -- Installing: /home/kshitij/colcon_ws/install/eyantra_warehouse/share/eyantra_warehouse//models/warehouse_boundary/model.config
[0.699s] -- Installing: /home/kshitij/colcon_ws/install/eyantra_warehouse/share/eyantra_warehouse//models/warehouse_boundary/model.sdf
[0.699s] -- Up-to-date: /home/kshitij/colcon_ws/install/eyantra_warehouse/share/eyantra_warehouse//config
[0.699s] -- Installing: /home/kshitij/colcon_ws/install/eyantra_warehouse/share/eyantra_warehouse//config/SkyX_Moon.fragment
[0.699s] -- Installing: /home/kshitij/colcon_ws/install/eyantra_warehouse/share/eyantra_warehouse//config/SkyX_Moon.png
[0.699s] -- Installing: /home/kshitij/colcon_ws/install/eyantra_warehouse/share/eyantra_warehouse//config/package_link.json
[0.699s] -- Up-to-date: /home/kshitij/colcon_ws/install/eyantra_warehouse/share/ament_index/resource_index/package_run_dependencies/eyantra_warehouse
[0.699s] -- Installing: /home/kshitij/colcon_ws/install/eyantra_warehouse/share/ament_index/resource_index/parent_prefix_path/eyantra_warehouse
[0.699s] -- Installing: /home/kshitij/colcon_ws/install/eyantra_warehouse/share/eyantra_warehouse/environment/ament_prefix_path.sh
[0.700s] -- Installing: /home/kshitij/colcon_ws/install/eyantra_warehouse/share/eyantra_warehouse/environment/ament_prefix_path.dsv
[0.700s] -- Installing: /home/kshitij/colcon_ws/install/eyantra_warehouse/share/eyantra_warehouse/environment/path.sh
[0.700s] -- Installing: /home/kshitij/colcon_ws/install/eyantra_warehouse/share/eyantra_warehouse/environment/path.dsv
[0.700s] -- Up-to-date: /home/kshitij/colcon_ws/install/eyantra_warehouse/share/eyantra_warehouse/local_setup.bash
[0.700s] -- Up-to-date: /home/kshitij/colcon_ws/install/eyantra_warehouse/share/eyantra_warehouse/local_setup.sh
[0.700s] -- Up-to-date: /home/kshitij/colcon_ws/install/eyantra_warehouse/share/eyantra_warehouse/local_setup.zsh
[0.700s] -- Installing: /home/kshitij/colcon_ws/install/eyantra_warehouse/share/eyantra_warehouse/local_setup.dsv
[0.701s] -- Installing: /home/kshitij/colcon_ws/install/eyantra_warehouse/share/eyantra_warehouse/package.dsv
[0.701s] -- Up-to-date: /home/kshitij/colcon_ws/install/eyantra_warehouse/share/ament_index/resource_index/packages/eyantra_warehouse
[0.701s] -- Up-to-date: /home/kshitij/colcon_ws/install/eyantra_warehouse/share/eyantra_warehouse/cmake/eyantra_warehouseConfig.cmake
[0.701s] -- Up-to-date: /home/kshitij/colcon_ws/install/eyantra_warehouse/share/eyantra_warehouse/cmake/eyantra_warehouseConfig-version.cmake
[0.701s] -- Installing: /home/kshitij/colcon_ws/install/eyantra_warehouse/share/eyantra_warehouse/package.xml
[0.704s] Invoked command in '/home/kshitij/colcon_ws/build/eyantra_warehouse' returned '0': CMAKE_PREFIX_PATH=${CMAKE_PREFIX_PATH}:/opt/ros/humble /usr/bin/cmake --install /home/kshitij/colcon_ws/build/eyantra_warehouse
