[0.108s] Invoking command in '/home/kshitij/colcon_ws/build/realsense_gazebo_plugin': CMAKE_PREFIX_PATH=${CMAKE_PREFIX_PATH}:/opt/ros/humble /usr/bin/cmake /home/kshitij/colcon_ws/src/realsense_gazebo_plugin -DCMAKE_INSTALL_PREFIX=/home/kshitij/colcon_ws/install/realsense_gazebo_plugin
[0.163s] -- The C compiler identification is GNU 11.4.0
[0.247s] -- The CXX compiler identification is GNU 11.4.0
[0.247s] -- Detecting C compiler ABI info
[0.328s] -- Detecting C compiler ABI info - done
[0.337s] -- Check for working C compiler: /usr/bin/cc - skipped
[0.338s] -- Detecting C compile features
[0.338s] -- Detecting C compile features - done
[0.343s] -- Detecting CXX compiler ABI info
[0.434s] -- Detecting CXX compiler ABI info - done
[0.445s] -- Check for working CXX compiler: /usr/bin/c++ - skipped
[0.446s] -- Detecting CXX compile features
[0.446s] -- Detecting CXX compile features - done
[0.450s] -- Found ament_cmake: 1.3.5 (/opt/ros/humble/share/ament_cmake/cmake)
[0.635s] -- Found Python3: /usr/bin/python3.10 (found version "3.10.12") found components: Interpreter 
[0.726s] -- Found rclcpp: 16.0.6 (/opt/ros/humble/share/rclcpp/cmake)
[0.770s] -- Found rosidl_generator_c: 3.1.5 (/opt/ros/humble/share/rosidl_generator_c/cmake)
[0.776s] -- Found rosidl_adapter: 3.1.5 (/opt/ros/humble/share/rosidl_adapter/cmake)
[0.784s] -- Found rosidl_generator_cpp: 3.1.5 (/opt/ros/humble/share/rosidl_generator_cpp/cmake)
[0.798s] -- Using all available rosidl_typesupport_c: rosidl_typesupport_fastrtps_c;rosidl_typesupport_introspection_c
[0.817s] -- Using all available rosidl_typesupport_cpp: rosidl_typesupport_fastrtps_cpp;rosidl_typesupport_introspection_cpp
[0.881s] -- Found rmw_implementation_cmake: 6.1.1 (/opt/ros/humble/share/rmw_implementation_cmake/cmake)
[0.884s] -- Found rmw_fastrtps_cpp: 6.2.4 (/opt/ros/humble/share/rmw_fastrtps_cpp/cmake)
[0.990s] -- Found OpenSSL: /usr/lib/x86_64-linux-gnu/libcrypto.so (found version "3.0.2")  
[1.013s] -- Found FastRTPS: /opt/ros/foxy/include  
[1.055s] -- Using RMW implementation 'rmw_fastrtps_cpp' as default
[1.064s] -- Looking for pthread.h
[1.141s] -- Looking for pthread.h - found
[1.142s] -- Performing Test CMAKE_HAVE_LIBC_PTHREAD
[1.218s] -- Performing Test CMAKE_HAVE_LIBC_PTHREAD - Success
[1.219s] -- Found Threads: TRUE  
[1.361s] -- Found gazebo_ros: 3.7.0 (/opt/ros/humble/share/gazebo_ros/cmake)
[1.373s] -- Found PkgConfig: /usr/bin/pkg-config (found version "0.29.2") 
[1.374s] -- Checking for module 'bullet>=2.82'
[1.391s] --   Found bullet, version 3.05
[1.506s] -- Found fcl: /usr/include (found suitable version "0.7.0", minimum required is "0.5.0") 
[1.562s] -- Found assimp: /usr/include (found version "5.2.0") 
[1.578s] -- Found DART: /usr/include (Required is at least version "6.6") found components: dart 
[1.605s] -- Found Boost: /usr/lib/x86_64-linux-gnu/cmake/Boost-1.74.0/BoostConfig.cmake (found suitable version "1.74.0", minimum required is "1.40.0") found components: thread system filesystem program_options regex iostreams date_time 
[1.618s] -- Found Protobuf: /usr/lib/x86_64-linux-gnu/libprotobuf.so (found version "3.12.4") 
[1.623s] -- Looking for ignition-math6 -- found version 6.15.0
[1.628s] -- Searching for dependencies of ignition-math6
[1.629s] -- Looking for OGRE...
[1.629s] -- OGRE_PREFIX_WATCH changed.
[1.635s] -- Checking for module 'OGRE'
[1.649s] --   Found OGRE, version 1.9.0
[1.685s] -- Found Ogre Ghadamon (1.9.0)
[1.691s] -- Found OGRE: optimized;/usr/lib/x86_64-linux-gnu/libOgreMain.so;debug;/usr/lib/x86_64-linux-gnu/libOgreMain.so
[1.699s] -- Looking for OGRE_Paging...
[1.703s] -- Found OGRE_Paging: optimized;/usr/lib/x86_64-linux-gnu/libOgrePaging.so;debug;/usr/lib/x86_64-linux-gnu/libOgrePaging.so
[1.704s] -- Looking for OGRE_Terrain...
[1.708s] -- Found OGRE_Terrain: optimized;/usr/lib/x86_64-linux-gnu/libOgreTerrain.so;debug;/usr/lib/x86_64-linux-gnu/libOgreTerrain.so
[1.708s] -- Looking for OGRE_Property...
[1.712s] -- Found OGRE_Property: optimized;/usr/lib/x86_64-linux-gnu/libOgreProperty.so;debug;/usr/lib/x86_64-linux-gnu/libOgreProperty.so
[1.712s] -- Looking for OGRE_RTShaderSystem...
[1.717s] -- Found OGRE_RTShaderSystem: optimized;/usr/lib/x86_64-linux-gnu/libOgreRTShaderSystem.so;debug;/usr/lib/x86_64-linux-gnu/libOgreRTShaderSystem.so
[1.717s] -- Looking for OGRE_Volume...
[1.720s] -- Found OGRE_Volume: optimized;/usr/lib/x86_64-linux-gnu/libOgreVolume.so;debug;/usr/lib/x86_64-linux-gnu/libOgreVolume.so
[1.721s] -- Looking for OGRE_Overlay...
[1.725s] -- Found OGRE_Overlay: optimized;/usr/lib/x86_64-linux-gnu/libOgreOverlay.so;debug;/usr/lib/x86_64-linux-gnu/libOgreOverlay.so
[1.817s] -- Looking for ignition-math6 -- found version 6.15.0
[1.819s] -- Looking for ignition-transport8 -- found version 8.2.1
[1.819s] -- Searching for dependencies of ignition-transport8
[1.833s] -- Found Protobuf: /usr/lib/x86_64-linux-gnu/libprotobuf.so (found suitable version "3.12.4", minimum required is "3") 
[1.840s] -- Config-file not installed for ZeroMQ -- checking for pkg-config
[1.844s] -- Checking for module 'libzmq >= 4'
[1.858s] --   Found libzmq , version 4.3.4
[1.897s] -- Found ZeroMQ: TRUE (Required is at least version "4") 
[1.901s] -- Checking for module 'uuid'
[1.915s] --   Found uuid, version 2.37.2
[1.950s] -- Found UUID: TRUE  
[1.952s] -- Looking for ignition-msgs5 -- found version 5.8.1
[1.952s] -- Searching for dependencies of ignition-msgs5
[1.967s] -- Looking for ignition-math6 -- found version 6.15.0
[1.971s] -- Checking for module 'tinyxml2'
[1.984s] --   Found tinyxml2, version 9.0.0
[2.020s] -- Looking for ignition-msgs5 -- found version 5.8.1
[2.022s] -- Looking for ignition-common3 -- found version 3.14.0
[2.022s] -- Searching for dependencies of ignition-common3
[2.022s] -- Looking for dlfcn.h - found
[2.023s] -- Looking for libdl - found
[2.024s] -- Found DL: TRUE  
[2.033s] -- Found tinyobjloader: /usr/lib/x86_64-linux-gnu/cmake/tinyobjloader/tinyobjloader-config.cmake (found version "2.0.0") 
[2.033s] -- Searching for <ignition-common3> component [graphics]
[2.035s] -- Looking for ignition-common3-graphics -- found version 3.14.0
[2.036s] -- Searching for dependencies of ignition-common3-graphics
[2.036s] -- Looking for ignition-math6 -- found version 6.15.0
[2.039s] -- Looking for ignition-fuel_tools4 -- found version 4.4.0
[2.039s] -- Searching for dependencies of ignition-fuel_tools4
[2.112s] -- Found CURL: /usr/lib/x86_64-linux-gnu/libcurl.so (found version "7.81.0")  
[2.120s] -- Checking for module 'jsoncpp'
[2.133s] --   Found jsoncpp, version 1.9.5
[2.168s] -- Found JSONCPP: TRUE  
[2.173s] -- Checking for module 'libzip'
[2.186s] --   Found libzip, version 1.7.3
[2.221s] -- Found ZIP: TRUE  
[2.221s] -- Looking for ignition-common3 -- found version 3.14.0
[2.222s] -- Looking for ignition-math6 -- found version 6.15.0
[2.222s] -- Looking for ignition-msgs5 -- found version 5.8.1
[2.225s] -- Gazebo version: 11.10
[2.225s] -- Checking for module 'tbb'
[2.239s] --   Found tbb, version 2021.5.0
[2.278s] -- Found image_transport: 3.1.7 (/opt/ros/humble/share/image_transport/cmake)
[2.407s] -- Found camera_info_manager: 3.1.7 (/opt/ros/humble/share/camera_info_manager/cmake)
[2.454s] -- Found ament_lint_auto: 0.12.8 (/opt/ros/humble/share/ament_lint_auto/cmake)
[2.504s] -- Configuring done
[2.524s] -- Generating done
[2.526s] -- Build files have been written to: /home/kshitij/colcon_ws/build/realsense_gazebo_plugin
[2.537s] Invoked command in '/home/kshitij/colcon_ws/build/realsense_gazebo_plugin' returned '0': CMAKE_PREFIX_PATH=${CMAKE_PREFIX_PATH}:/opt/ros/humble /usr/bin/cmake /home/kshitij/colcon_ws/src/realsense_gazebo_plugin -DCMAKE_INSTALL_PREFIX=/home/kshitij/colcon_ws/install/realsense_gazebo_plugin
[2.539s] Invoking command in '/home/kshitij/colcon_ws/build/realsense_gazebo_plugin': CMAKE_PREFIX_PATH=${CMAKE_PREFIX_PATH}:/opt/ros/humble /usr/bin/cmake --build /home/kshitij/colcon_ws/build/realsense_gazebo_plugin -- -j16 -l16
[2.588s] [ 66%] [32mBuilding CXX object CMakeFiles/realsense_gazebo_plugin.dir/src/RealSensePlugin.cpp.o[0m
[2.588s] [ 66%] [32mBuilding CXX object CMakeFiles/realsense_gazebo_plugin.dir/src/gazebo_ros_realsense.cpp.o[0m
[21.976s] [100%] [32m[1mLinking CXX shared library librealsense_gazebo_plugin.so[0m
[22.596s] [100%] Built target realsense_gazebo_plugin
[22.607s] Invoked command in '/home/kshitij/colcon_ws/build/realsense_gazebo_plugin' returned '0': CMAKE_PREFIX_PATH=${CMAKE_PREFIX_PATH}:/opt/ros/humble /usr/bin/cmake --build /home/kshitij/colcon_ws/build/realsense_gazebo_plugin -- -j16 -l16
[22.638s] Invoking command in '/home/kshitij/colcon_ws/build/realsense_gazebo_plugin': CMAKE_PREFIX_PATH=${CMAKE_PREFIX_PATH}:/opt/ros/humble /usr/bin/cmake --install /home/kshitij/colcon_ws/build/realsense_gazebo_plugin
[22.644s] -- Install configuration: ""
[22.644s] -- Installing: /home/kshitij/colcon_ws/install/realsense_gazebo_plugin/lib/librealsense_gazebo_plugin.so
[22.657s] -- Set runtime path of "/home/kshitij/colcon_ws/install/realsense_gazebo_plugin/lib/librealsense_gazebo_plugin.so" to ""
[22.658s] -- Installing: /home/kshitij/colcon_ws/install/realsense_gazebo_plugin/include/
[22.658s] -- Installing: /home/kshitij/colcon_ws/install/realsense_gazebo_plugin/include//realsense_gazebo_plugin
[22.658s] -- Installing: /home/kshitij/colcon_ws/install/realsense_gazebo_plugin/include//realsense_gazebo_plugin/RealSensePlugin.h
[22.658s] -- Installing: /home/kshitij/colcon_ws/install/realsense_gazebo_plugin/include//realsense_gazebo_plugin/gazebo_ros_realsense.h
[22.658s] -- Installing: /home/kshitij/colcon_ws/install/realsense_gazebo_plugin/share/realsense_gazebo_plugin/environment/library_path.sh
[22.658s] -- Installing: /home/kshitij/colcon_ws/install/realsense_gazebo_plugin/share/realsense_gazebo_plugin/environment/library_path.dsv
[22.658s] -- Installing: /home/kshitij/colcon_ws/install/realsense_gazebo_plugin/share/ament_index/resource_index/package_run_dependencies/realsense_gazebo_plugin
[22.658s] -- Installing: /home/kshitij/colcon_ws/install/realsense_gazebo_plugin/share/ament_index/resource_index/parent_prefix_path/realsense_gazebo_plugin
[22.658s] -- Installing: /home/kshitij/colcon_ws/install/realsense_gazebo_plugin/share/realsense_gazebo_plugin/environment/ament_prefix_path.sh
[22.658s] -- Installing: /home/kshitij/colcon_ws/install/realsense_gazebo_plugin/share/realsense_gazebo_plugin/environment/ament_prefix_path.dsv
[22.658s] -- Installing: /home/kshitij/colcon_ws/install/realsense_gazebo_plugin/share/realsense_gazebo_plugin/environment/path.sh
[22.658s] -- Installing: /home/kshitij/colcon_ws/install/realsense_gazebo_plugin/share/realsense_gazebo_plugin/environment/path.dsv
[22.658s] -- Installing: /home/kshitij/colcon_ws/install/realsense_gazebo_plugin/share/realsense_gazebo_plugin/local_setup.bash
[22.659s] -- Installing: /home/kshitij/colcon_ws/install/realsense_gazebo_plugin/share/realsense_gazebo_plugin/local_setup.sh
[22.659s] -- Installing: /home/kshitij/colcon_ws/install/realsense_gazebo_plugin/share/realsense_gazebo_plugin/local_setup.zsh
[22.659s] -- Installing: /home/kshitij/colcon_ws/install/realsense_gazebo_plugin/share/realsense_gazebo_plugin/local_setup.dsv
[22.659s] -- Installing: /home/kshitij/colcon_ws/install/realsense_gazebo_plugin/share/realsense_gazebo_plugin/package.dsv
[22.659s] -- Installing: /home/kshitij/colcon_ws/install/realsense_gazebo_plugin/share/ament_index/resource_index/packages/realsense_gazebo_plugin
[22.659s] -- Installing: /home/kshitij/colcon_ws/install/realsense_gazebo_plugin/share/realsense_gazebo_plugin/cmake/ament_cmake_export_include_directories-extras.cmake
[22.659s] -- Installing: /home/kshitij/colcon_ws/install/realsense_gazebo_plugin/share/realsense_gazebo_plugin/cmake/ament_cmake_export_libraries-extras.cmake
[22.659s] -- Installing: /home/kshitij/colcon_ws/install/realsense_gazebo_plugin/share/realsense_gazebo_plugin/cmake/realsense_gazebo_pluginConfig.cmake
[22.659s] -- Installing: /home/kshitij/colcon_ws/install/realsense_gazebo_plugin/share/realsense_gazebo_plugin/cmake/realsense_gazebo_pluginConfig-version.cmake
[22.659s] -- Installing: /home/kshitij/colcon_ws/install/realsense_gazebo_plugin/share/realsense_gazebo_plugin/package.xml
[22.661s] Invoked command in '/home/kshitij/colcon_ws/build/realsense_gazebo_plugin' returned '0': CMAKE_PREFIX_PATH=${CMAKE_PREFIX_PATH}:/opt/ros/humble /usr/bin/cmake --install /home/kshitij/colcon_ws/build/realsense_gazebo_plugin
