-- The C compiler identification is GNU 11.4.0
-- The CXX compiler identification is GNU 11.4.0
-- Detecting C compiler ABI info
-- Detecting C compiler ABI info - done
-- Check for working C compiler: /usr/bin/cc - skipped
-- Detecting C compile features
-- Detecting C compile features - done
-- Detecting CXX compiler ABI info
-- Detecting CXX compiler ABI info - done
-- Check for working CXX compiler: /usr/bin/c++ - skipped
-- Detecting CXX compile features
-- Detecting CXX compile features - done
-- Found ament_cmake: 1.3.5 (/opt/ros/humble/share/ament_cmake/cmake)
-- Found Python3: /usr/bin/python3.10 (found version "3.10.12") found components: Interpreter 
-- Found ament_lint_auto: 0.12.8 (/opt/ros/humble/share/ament_lint_auto/cmake)
-- Added test 'copyright' to check source files copyright and LICENSE
-- Added test 'lint_cmake' to check CMake code style
-- Added test 'xmllint' to check XML markup files
-- Configuring done
-- Generating done
-- Build files have been written to: /home/kshitij/colcon_ws/build/eyantra_warehouse
-- Install configuration: ""
-- Installing: /home/kshitij/colcon_ws/install/eyantra_warehouse/share/eyantra_warehouse//worlds
-- Installing: /home/kshitij/colcon_ws/install/eyantra_warehouse/share/eyantra_warehouse//worlds/eyantra_warehouse.world
-- Installing: /home/kshitij/colcon_ws/install/eyantra_warehouse/share/eyantra_warehouse//models
-- Installing: /home/kshitij/colcon_ws/install/eyantra_warehouse/share/eyantra_warehouse//models/moon_surface
-- Installing: /home/kshitij/colcon_ws/install/eyantra_warehouse/share/eyantra_warehouse//models/moon_surface/meshes
-- Installing: /home/kshitij/colcon_ws/install/eyantra_warehouse/share/eyantra_warehouse//models/moon_surface/meshes/moon_surface.dae
-- Installing: /home/kshitij/colcon_ws/install/eyantra_warehouse/share/eyantra_warehouse//models/moon_surface/meshes/moon_texture.jpg
-- Installing: /home/kshitij/colcon_ws/install/eyantra_warehouse/share/eyantra_warehouse//models/moon_surface/model.config
-- Installing: /home/kshitij/colcon_ws/install/eyantra_warehouse/share/eyantra_warehouse//models/moon_surface/model.sdf
-- Installing: /home/kshitij/colcon_ws/install/eyantra_warehouse/share/eyantra_warehouse//models/package_box
-- Installing: /home/kshitij/colcon_ws/install/eyantra_warehouse/share/eyantra_warehouse//models/package_box/meshes
-- Installing: /home/kshitij/colcon_ws/install/eyantra_warehouse/share/eyantra_warehouse//models/package_box/meshes/4x4_1000-0.png
-- Installing: /home/kshitij/colcon_ws/install/eyantra_warehouse/share/eyantra_warehouse//models/package_box/meshes/aws_robomaker_warehouse_ClutteringC_02.png
-- Installing: /home/kshitij/colcon_ws/install/eyantra_warehouse/share/eyantra_warehouse//models/package_box/meshes/package_box.dae
-- Installing: /home/kshitij/colcon_ws/install/eyantra_warehouse/share/eyantra_warehouse//models/package_box/model.config
-- Installing: /home/kshitij/colcon_ws/install/eyantra_warehouse/share/eyantra_warehouse//models/package_box/model.sdf
-- Installing: /home/kshitij/colcon_ws/install/eyantra_warehouse/share/eyantra_warehouse//models/rack
-- Installing: /home/kshitij/colcon_ws/install/eyantra_warehouse/share/eyantra_warehouse//models/rack/meshes
-- Installing: /home/kshitij/colcon_ws/install/eyantra_warehouse/share/eyantra_warehouse//models/rack/meshes/brushedsteel4.jpg
-- Installing: /home/kshitij/colcon_ws/install/eyantra_warehouse/share/eyantra_warehouse//models/rack/meshes/rack.dae
-- Installing: /home/kshitij/colcon_ws/install/eyantra_warehouse/share/eyantra_warehouse//models/rack/model.config
-- Installing: /home/kshitij/colcon_ws/install/eyantra_warehouse/share/eyantra_warehouse//models/rack/model.sdf
-- Installing: /home/kshitij/colcon_ws/install/eyantra_warehouse/share/eyantra_warehouse//models/warehouse_boundary
-- Installing: /home/kshitij/colcon_ws/install/eyantra_warehouse/share/eyantra_warehouse//models/warehouse_boundary/meshes
-- Installing: /home/kshitij/colcon_ws/install/eyantra_warehouse/share/eyantra_warehouse//models/warehouse_boundary/meshes/warehouse_boundary.dae
-- Installing: /home/kshitij/colcon_ws/install/eyantra_warehouse/share/eyantra_warehouse//models/warehouse_boundary/meshes/warehouse_boundary_glass_cover.dae
-- Installing: /home/kshitij/colcon_ws/install/eyantra_warehouse/share/eyantra_warehouse//models/warehouse_boundary/meshes/warehouse_floor.jpg
-- Installing: /home/kshitij/colcon_ws/install/eyantra_warehouse/share/eyantra_warehouse//models/warehouse_boundary/model.config
-- Installing: /home/kshitij/colcon_ws/install/eyantra_warehouse/share/eyantra_warehouse//models/warehouse_boundary/model.sdf
-- Installing: /home/kshitij/colcon_ws/install/eyantra_warehouse/share/eyantra_warehouse//meshes
-- Installing: /home/kshitij/colcon_ws/install/eyantra_warehouse/share/eyantra_warehouse//meshes/package_box.stl
-- Installing: /home/kshitij/colcon_ws/install/eyantra_warehouse/share/eyantra_warehouse//config
-- Installing: /home/kshitij/colcon_ws/install/eyantra_warehouse/share/eyantra_warehouse//config/SkyX_Moon.fragment
-- Installing: /home/kshitij/colcon_ws/install/eyantra_warehouse/share/eyantra_warehouse//config/SkyX_Moon.png
-- Installing: /home/kshitij/colcon_ws/install/eyantra_warehouse/share/ament_index/resource_index/package_run_dependencies/eyantra_warehouse
-- Installing: /home/kshitij/colcon_ws/install/eyantra_warehouse/share/ament_index/resource_index/parent_prefix_path/eyantra_warehouse
-- Installing: /home/kshitij/colcon_ws/install/eyantra_warehouse/share/eyantra_warehouse/environment/ament_prefix_path.sh
-- Installing: /home/kshitij/colcon_ws/install/eyantra_warehouse/share/eyantra_warehouse/environment/ament_prefix_path.dsv
-- Installing: /home/kshitij/colcon_ws/install/eyantra_warehouse/share/eyantra_warehouse/environment/path.sh
-- Installing: /home/kshitij/colcon_ws/install/eyantra_warehouse/share/eyantra_warehouse/environment/path.dsv
-- Installing: /home/kshitij/colcon_ws/install/eyantra_warehouse/share/eyantra_warehouse/local_setup.bash
-- Installing: /home/kshitij/colcon_ws/install/eyantra_warehouse/share/eyantra_warehouse/local_setup.sh
-- Installing: /home/kshitij/colcon_ws/install/eyantra_warehouse/share/eyantra_warehouse/local_setup.zsh
-- Installing: /home/kshitij/colcon_ws/install/eyantra_warehouse/share/eyantra_warehouse/local_setup.dsv
-- Installing: /home/kshitij/colcon_ws/install/eyantra_warehouse/share/eyantra_warehouse/package.dsv
-- Installing: /home/kshitij/colcon_ws/install/eyantra_warehouse/share/ament_index/resource_index/packages/eyantra_warehouse
-- Installing: /home/kshitij/colcon_ws/install/eyantra_warehouse/share/eyantra_warehouse/cmake/eyantra_warehouseConfig.cmake
-- Installing: /home/kshitij/colcon_ws/install/eyantra_warehouse/share/eyantra_warehouse/cmake/eyantra_warehouseConfig-version.cmake
-- Installing: /home/kshitij/colcon_ws/install/eyantra_warehouse/share/eyantra_warehouse/package.xml
