[0.051s] Invoking command in '/home/kshitij/colcon_ws/build/eyantra_warehouse': CMAKE_PREFIX_PATH=${CMAKE_PREFIX_PATH}:/opt/ros/humble /usr/bin/cmake /home/kshitij/colcon_ws/src/eyantra_warehouse -DCMAKE_INSTALL_PREFIX=/home/kshitij/colcon_ws/install/eyantra_warehouse
[0.105s] -- The C compiler identification is GNU 11.4.0
[0.151s] -- The CXX compiler identification is GNU 11.4.0
[0.159s] -- Detecting C compiler ABI info
[0.225s] -- Detecting C compiler ABI info - done
[0.231s] -- Check for working C compiler: /usr/bin/cc - skipped
[0.231s] -- Detecting C compile features
[0.232s] -- Detecting C compile features - done
[0.234s] -- Detecting CXX compiler ABI info
[0.307s] -- Detecting CXX compiler ABI info - done
[0.312s] -- Check for working CXX compiler: /usr/bin/c++ - skipped
[0.313s] -- Detecting CXX compile features
[0.313s] -- Detecting CXX compile features - done
[0.317s] -- Found ament_cmake: 1.3.5 (/opt/ros/humble/share/ament_cmake/cmake)
[0.452s] -- Found Python3: /usr/bin/python3.10 (found version "3.10.12") found components: Interpreter 
[0.526s] -- Found ament_lint_auto: 0.12.8 (/opt/ros/humble/share/ament_lint_auto/cmake)
[0.585s] -- Added test 'copyright' to check source files copyright and LICENSE
[0.591s] -- Added test 'lint_cmake' to check CMake code style
[0.594s] -- Added test 'xmllint' to check XML markup files
[0.595s] -- Configuring done
[0.598s] -- Generating done
[0.599s] -- Build files have been written to: /home/kshitij/colcon_ws/build/eyantra_warehouse
[0.603s] Invoked command in '/home/kshitij/colcon_ws/build/eyantra_warehouse' returned '0': CMAKE_PREFIX_PATH=${CMAKE_PREFIX_PATH}:/opt/ros/humble /usr/bin/cmake /home/kshitij/colcon_ws/src/eyantra_warehouse -DCMAKE_INSTALL_PREFIX=/home/kshitij/colcon_ws/install/eyantra_warehouse
[0.605s] Invoking command in '/home/kshitij/colcon_ws/build/eyantra_warehouse': CMAKE_PREFIX_PATH=${CMAKE_PREFIX_PATH}:/opt/ros/humble /usr/bin/cmake --build /home/kshitij/colcon_ws/build/eyantra_warehouse -- -j16 -l16
[0.642s] Invoked command in '/home/kshitij/colcon_ws/build/eyantra_warehouse' returned '0': CMAKE_PREFIX_PATH=${CMAKE_PREFIX_PATH}:/opt/ros/humble /usr/bin/cmake --build /home/kshitij/colcon_ws/build/eyantra_warehouse -- -j16 -l16
[0.674s] Invoking command in '/home/kshitij/colcon_ws/build/eyantra_warehouse': CMAKE_PREFIX_PATH=${CMAKE_PREFIX_PATH}:/opt/ros/humble /usr/bin/cmake --install /home/kshitij/colcon_ws/build/eyantra_warehouse
[0.681s] -- Install configuration: ""
[0.681s] -- Installing: /home/kshitij/colcon_ws/install/eyantra_warehouse/share/eyantra_warehouse//worlds
[0.681s] -- Installing: /home/kshitij/colcon_ws/install/eyantra_warehouse/share/eyantra_warehouse//worlds/eyantra_warehouse.world
[0.681s] -- Installing: /home/kshitij/colcon_ws/install/eyantra_warehouse/share/eyantra_warehouse//models
[0.681s] -- Installing: /home/kshitij/colcon_ws/install/eyantra_warehouse/share/eyantra_warehouse//models/moon_surface
[0.681s] -- Installing: /home/kshitij/colcon_ws/install/eyantra_warehouse/share/eyantra_warehouse//models/moon_surface/meshes
[0.681s] -- Installing: /home/kshitij/colcon_ws/install/eyantra_warehouse/share/eyantra_warehouse//models/moon_surface/meshes/moon_surface.dae
[0.682s] -- Installing: /home/kshitij/colcon_ws/install/eyantra_warehouse/share/eyantra_warehouse//models/moon_surface/meshes/moon_texture.jpg
[0.682s] -- Installing: /home/kshitij/colcon_ws/install/eyantra_warehouse/share/eyantra_warehouse//models/moon_surface/model.config
[0.682s] -- Installing: /home/kshitij/colcon_ws/install/eyantra_warehouse/share/eyantra_warehouse//models/moon_surface/model.sdf
[0.682s] -- Installing: /home/kshitij/colcon_ws/install/eyantra_warehouse/share/eyantra_warehouse//models/package_box
[0.682s] -- Installing: /home/kshitij/colcon_ws/install/eyantra_warehouse/share/eyantra_warehouse//models/package_box/meshes
[0.682s] -- Installing: /home/kshitij/colcon_ws/install/eyantra_warehouse/share/eyantra_warehouse//models/package_box/meshes/4x4_1000-0.png
[0.682s] -- Installing: /home/kshitij/colcon_ws/install/eyantra_warehouse/share/eyantra_warehouse//models/package_box/meshes/aws_robomaker_warehouse_ClutteringC_02.png
[0.682s] -- Installing: /home/kshitij/colcon_ws/install/eyantra_warehouse/share/eyantra_warehouse//models/package_box/meshes/package_box.dae
[0.682s] -- Installing: /home/kshitij/colcon_ws/install/eyantra_warehouse/share/eyantra_warehouse//models/package_box/model.config
[0.682s] -- Installing: /home/kshitij/colcon_ws/install/eyantra_warehouse/share/eyantra_warehouse//models/package_box/model.sdf
[0.682s] -- Installing: /home/kshitij/colcon_ws/install/eyantra_warehouse/share/eyantra_warehouse//models/rack
[0.682s] -- Installing: /home/kshitij/colcon_ws/install/eyantra_warehouse/share/eyantra_warehouse//models/rack/meshes
[0.683s] -- Installing: /home/kshitij/colcon_ws/install/eyantra_warehouse/share/eyantra_warehouse//models/rack/meshes/brushedsteel4.jpg
[0.683s] -- Installing: /home/kshitij/colcon_ws/install/eyantra_warehouse/share/eyantra_warehouse//models/rack/meshes/rack.dae
[0.683s] -- Installing: /home/kshitij/colcon_ws/install/eyantra_warehouse/share/eyantra_warehouse//models/rack/model.config
[0.683s] -- Installing: /home/kshitij/colcon_ws/install/eyantra_warehouse/share/eyantra_warehouse//models/rack/model.sdf
[0.683s] -- Installing: /home/kshitij/colcon_ws/install/eyantra_warehouse/share/eyantra_warehouse//models/warehouse_boundary
[0.683s] -- Installing: /home/kshitij/colcon_ws/install/eyantra_warehouse/share/eyantra_warehouse//models/warehouse_boundary/meshes
[0.683s] -- Installing: /home/kshitij/colcon_ws/install/eyantra_warehouse/share/eyantra_warehouse//models/warehouse_boundary/meshes/warehouse_boundary.dae
[0.683s] -- Installing: /home/kshitij/colcon_ws/install/eyantra_warehouse/share/eyantra_warehouse//models/warehouse_boundary/meshes/warehouse_boundary_glass_cover.dae
[0.683s] -- Installing: /home/kshitij/colcon_ws/install/eyantra_warehouse/share/eyantra_warehouse//models/warehouse_boundary/meshes/warehouse_floor.jpg
[0.683s] -- Installing: /home/kshitij/colcon_ws/install/eyantra_warehouse/share/eyantra_warehouse//models/warehouse_boundary/model.config
[0.683s] -- Installing: /home/kshitij/colcon_ws/install/eyantra_warehouse/share/eyantra_warehouse//models/warehouse_boundary/model.sdf
[0.683s] -- Installing: /home/kshitij/colcon_ws/install/eyantra_warehouse/share/eyantra_warehouse//meshes
[0.683s] -- Installing: /home/kshitij/colcon_ws/install/eyantra_warehouse/share/eyantra_warehouse//meshes/package_box.stl
[0.683s] -- Installing: /home/kshitij/colcon_ws/install/eyantra_warehouse/share/eyantra_warehouse//config
[0.684s] -- Installing: /home/kshitij/colcon_ws/install/eyantra_warehouse/share/eyantra_warehouse//config/SkyX_Moon.fragment
[0.684s] -- Installing: /home/kshitij/colcon_ws/install/eyantra_warehouse/share/eyantra_warehouse//config/SkyX_Moon.png
[0.684s] -- Installing: /home/kshitij/colcon_ws/install/eyantra_warehouse/share/ament_index/resource_index/package_run_dependencies/eyantra_warehouse
[0.684s] -- Installing: /home/kshitij/colcon_ws/install/eyantra_warehouse/share/ament_index/resource_index/parent_prefix_path/eyantra_warehouse
[0.684s] -- Installing: /home/kshitij/colcon_ws/install/eyantra_warehouse/share/eyantra_warehouse/environment/ament_prefix_path.sh
[0.684s] -- Installing: /home/kshitij/colcon_ws/install/eyantra_warehouse/share/eyantra_warehouse/environment/ament_prefix_path.dsv
[0.684s] -- Installing: /home/kshitij/colcon_ws/install/eyantra_warehouse/share/eyantra_warehouse/environment/path.sh
[0.685s] -- Installing: /home/kshitij/colcon_ws/install/eyantra_warehouse/share/eyantra_warehouse/environment/path.dsv
[0.685s] -- Installing: /home/kshitij/colcon_ws/install/eyantra_warehouse/share/eyantra_warehouse/local_setup.bash
[0.685s] -- Installing: /home/kshitij/colcon_ws/install/eyantra_warehouse/share/eyantra_warehouse/local_setup.sh
[0.685s] -- Installing: /home/kshitij/colcon_ws/install/eyantra_warehouse/share/eyantra_warehouse/local_setup.zsh
[0.685s] -- Installing: /home/kshitij/colcon_ws/install/eyantra_warehouse/share/eyantra_warehouse/local_setup.dsv
[0.686s] -- Installing: /home/kshitij/colcon_ws/install/eyantra_warehouse/share/eyantra_warehouse/package.dsv
[0.686s] -- Installing: /home/kshitij/colcon_ws/install/eyantra_warehouse/share/ament_index/resource_index/packages/eyantra_warehouse
[0.686s] -- Installing: /home/kshitij/colcon_ws/install/eyantra_warehouse/share/eyantra_warehouse/cmake/eyantra_warehouseConfig.cmake
[0.686s] -- Installing: /home/kshitij/colcon_ws/install/eyantra_warehouse/share/eyantra_warehouse/cmake/eyantra_warehouseConfig-version.cmake
[0.686s] -- Installing: /home/kshitij/colcon_ws/install/eyantra_warehouse/share/eyantra_warehouse/package.xml
[0.688s] Invoked command in '/home/kshitij/colcon_ws/build/eyantra_warehouse' returned '0': CMAKE_PREFIX_PATH=${CMAKE_PREFIX_PATH}:/opt/ros/humble /usr/bin/cmake --install /home/kshitij/colcon_ws/build/eyantra_warehouse
